Running: Kerr (a=0.00)
Loading cached trajectory from: /Users/p/dev/albert/physics_agent/cache/trajectories/1.0.0/Kerr__a_0_00__r0-44300.76_steps-20000_dt-0.0000_dtype-float64_63cc7df8ff44.pt
Running: Kerr-Newman (a=0.00, q_e=0.50)
Loading cached trajectory from: /Users/p/dev/albert/physics_agent/cache/trajectories/1.0.0/Kerr-Newman__a_0_00__q_e_0_50__r0-44300.76_steps-20000_dt-0.0000_dtype-float64_4ce8cfe8cddf.pt

--- Phase 1: Validating All Theories ---
============================================================
  Using preferred values for Quantum Corrected (Œ±=+0.00): {'alpha': 1e-05}

--- Validating: Quantum Corrected (Œ±=+0.00) ---
  Running validation trajectory for Quantum Corrected (Œ±=+0.00)...
  Constraint validators using quantum Lagrangian
  Theory category: quantum
  Using tested quantum validator for quantum theory
  Adding tested classical observational validators...

Calculating COW phase shift for Quantum Corrected (Œ±=+0.00)...
  Neutron wavelength: 2.2 √Ö
  Enclosed area: 0.3 cm¬≤
  Neutron velocity: 1798.1 m/s

Results:
  Observed: 2.70 ¬± 0.21 radians
  Predicted: 2.70 radians
  Error: 0.00 radians (0.1%)
  Status: PASSED

Debug info:
  g_metric: -9.789171 m/s¬≤
  g_newton: 9.819532 m/s¬≤
  Metric gradient dg_tt/dr: -2.178275e-16
  Error running COWInterferometryValidator: 'ValidationResult' object has no attribute 'get'
Traceback (most recent call last):
  File "/Users/p/dev/albert/physics_agent/theory_engine_core.py", line 1089, in run_all_validations
    performance_tracker.end_validator_timing(validator_name, theory.name, result)
  File "/Users/p/dev/albert/physics_agent/validations/validator_performance_tracker.py", line 118, in end_validator_timing
    'status': result.get('flags', {}).get('overall', 'UNKNOWN'),
              ^^^^^^^^^^
AttributeError: 'ValidationResult' object has no attribute 'get'


Calculating Mercury precession for Quantum Corrected (Œ±=+0.00)...
  Semi-major axis: 57.909 Gm
  Eccentricity: 0.2056
  Orbital period: 87.969 days

Results:
  Observed: 42.98 ¬± 0.04 arcsec/century
  Predicted: 42.99 arcsec/century
  Error: 0.009 arcsec/century (0.02%)
  Status: PASSED
  Error running MercuryPrecessionValidator: 'ValidationResult' object has no attribute 'get'
Traceback (most recent call last):
  File "/Users/p/dev/albert/physics_agent/theory_engine_core.py", line 1089, in run_all_validations
    performance_tracker.end_validator_timing(validator_name, theory.name, result)
  File "/Users/p/dev/albert/physics_agent/validations/validator_performance_tracker.py", line 118, in end_validator_timing
    'status': result.get('flags', {}).get('overall', 'UNKNOWN'),
              ^^^^^^^^^^
AttributeError: 'ValidationResult' object has no attribute 'get'


Calculating light deflection for Quantum Corrected (Œ±=+0.00)...
  Solar mass: 1.989e+30 kg
  Solar radius: 696.0 Mm

Results:
  Observed: 1.7512 ¬± 0.0016 arcsec
  Predicted: 1.7508 arcsec
  Error: 0.0004 arcsec (0.02%)
  Status: PASSED

Debug info:
  GR theoretical: 1.7508 arcsec
  PPN gamma: 1.000000
  g_rr at test radius: 1.000000424303
  Weak field factor: 4.244030e-07
  Error running LightDeflectionValidator: 'ValidationResult' object has no attribute 'get'
Traceback (most recent call last):
  File "/Users/p/dev/albert/physics_agent/theory_engine_core.py", line 1089, in run_all_validations
    performance_tracker.end_validator_timing(validator_name, theory.name, result)
  File "/Users/p/dev/albert/physics_agent/validations/validator_performance_tracker.py", line 118, in end_validator_timing
    'status': result.get('flags', {}).get('overall', 'UNKNOWN'),
              ^^^^^^^^^^
AttributeError: 'ValidationResult' object has no attribute 'get'


Calculating PPN parameters for Quantum Corrected (Œ±=+0.00)...
  Warning: Unrealistic gamma=-2464550456539976501054788337664.000000, defaulting to measurement
  Semi-major axis: 100 - 1000 AU
  Weak field potential Œ¶/c¬≤: 2.03e-41

Results:
  PPN Œ≥ (Cassini): 1.000021 ¬± 0.000023
  Predicted Œ≥: 1.000000 (0.9œÉ)
  PPN Œ≤ (LLR): 1.000000 ¬± 0.000030
  Predicted Œ≤: -2058291698584302177586939691008.000000 (68609723286143403085299290875101184.0œÉ)
  Combined loss: 20582916985843019542083981734313984.000
  Status: FAIL

Calculating photon sphere for Quantum Corrected (Œ±=+0.00)...
  Schwarzschild radius: 1.485e-27 m
  Search range: 1.1 - 5.0 r_s

Results:
  Photon sphere radius: 1.257 r_s (expected: 1.500 r_s)
  Shadow diameter: 13.061 r_s (expected: 5.196 r_s)
  Orbit stability: Unstable (correct)
  Error: 151.36%
  Status: FAIL

Generating gravitational waveforms for Quantum Corrected (Œ±=+0.00)...
  Warning: Theory has no GW modifications implemented

PSR J0740+6620 System Parameters:
  Pulsar mass: 2.08 M‚òâ
  Companion mass: 0.253 M‚òâ
  Orbital period: 4.7669 days
  Semi-major axis: 10998.4 √ó 10^6 m
  Inclination: 87.56¬∞
  Timing RMS: 0.28 Œºs
  Validation tolerance: 3.0 Œºs

Theory Predictions:
  Analytic Shapiro delay: 17.461 Œºs
  Numeric time of flight: 18.657 Œºs
  ‚ö†Ô∏è Observational validations failed - skipping prediction validations
  Constraint tests: PASSED
  Observation tests: FAILED
  Overall validation: PASSED

============================================================
Validation Summary:
  Total theories validated: 1
  Passed: 1
  Failed: 0
============================================================

Theories that passed validation:
  ‚úì Quantum Corrected (Œ±=+0.00)

--- Phase 2: Running Full Trajectories for Validated Theories ---
============================================================

--- Running Full Trajectory: Quantum Corrected (Œ±=+0.00) ---

--- Evaluating: Quantum Corrected (Œ±=+0.00) ---

--- Evaluating: Quantum Corrected (Œ±=+0.00) ---
  Results will be saved to: runs/run_20250726_144205_float64/Quantum_Corrected_Œ±_+0_00
  Running pre-flight checks for Quantum Corrected (Œ±=+0.00)...
  Constraint validators using quantum Lagrangian
  Theory category: quantum
  Using tested quantum validator for quantum theory
  Adding tested classical observational validators...

Calculating COW phase shift for Quantum Corrected (Œ±=+0.00)...
  Neutron wavelength: 2.2 √Ö
  Enclosed area: 0.3 cm¬≤
  Neutron velocity: 1798.1 m/s

Results:
  Observed: 2.70 ¬± 0.21 radians
  Predicted: 2.70 radians
  Error: 0.00 radians (0.1%)
  Status: PASSED

Debug info:
  g_metric: -9.789171 m/s¬≤
  g_newton: 9.819532 m/s¬≤
  Metric gradient dg_tt/dr: -2.178275e-16
  Error running COWInterferometryValidator: 'ValidationResult' object has no attribute 'get'
Traceback (most recent call last):
  File "/Users/p/dev/albert/physics_agent/theory_engine_core.py", line 1089, in run_all_validations
    performance_tracker.end_validator_timing(validator_name, theory.name, result)
  File "/Users/p/dev/albert/physics_agent/validations/validator_performance_tracker.py", line 118, in end_validator_timing
    'status': result.get('flags', {}).get('overall', 'UNKNOWN'),
              ^^^^^^^^^^
AttributeError: 'ValidationResult' object has no attribute 'get'


Calculating Mercury precession for Quantum Corrected (Œ±=+0.00)...
  Semi-major axis: 57.909 Gm
  Eccentricity: 0.2056
  Orbital period: 87.969 days

Results:
  Observed: 42.98 ¬± 0.04 arcsec/century
  Predicted: 42.99 arcsec/century
  Error: 0.009 arcsec/century (0.02%)
  Status: PASSED
  Error running MercuryPrecessionValidator: 'ValidationResult' object has no attribute 'get'
Traceback (most recent call last):
  File "/Users/p/dev/albert/physics_agent/theory_engine_core.py", line 1089, in run_all_validations
    performance_tracker.end_validator_timing(validator_name, theory.name, result)
  File "/Users/p/dev/albert/physics_agent/validations/validator_performance_tracker.py", line 118, in end_validator_timing
    'status': result.get('flags', {}).get('overall', 'UNKNOWN'),
              ^^^^^^^^^^
AttributeError: 'ValidationResult' object has no attribute 'get'


Calculating light deflection for Quantum Corrected (Œ±=+0.00)...
  Solar mass: 1.989e+30 kg
  Solar radius: 696.0 Mm

Results:
  Observed: 1.7512 ¬± 0.0016 arcsec
  Predicted: 1.7508 arcsec
  Error: 0.0004 arcsec (0.02%)
  Status: PASSED

Debug info:
  GR theoretical: 1.7508 arcsec
  PPN gamma: 1.000000
  g_rr at test radius: 1.000000424303
  Weak field factor: 4.244030e-07
  Error running LightDeflectionValidator: 'ValidationResult' object has no attribute 'get'
Traceback (most recent call last):
  File "/Users/p/dev/albert/physics_agent/theory_engine_core.py", line 1089, in run_all_validations
    performance_tracker.end_validator_timing(validator_name, theory.name, result)
  File "/Users/p/dev/albert/physics_agent/validations/validator_performance_tracker.py", line 118, in end_validator_timing
    'status': result.get('flags', {}).get('overall', 'UNKNOWN'),
              ^^^^^^^^^^
AttributeError: 'ValidationResult' object has no attribute 'get'


Calculating PPN parameters for Quantum Corrected (Œ±=+0.00)...
  Warning: Unrealistic gamma=-2464550456539976501054788337664.000000, defaulting to measurement
  Semi-major axis: 100 - 1000 AU
  Weak field potential Œ¶/c¬≤: 2.03e-41

Results:
  PPN Œ≥ (Cassini): 1.000021 ¬± 0.000023
  Predicted Œ≥: 1.000000 (0.9œÉ)
  PPN Œ≤ (LLR): 1.000000 ¬± 0.000030
  Predicted Œ≤: -2058291698584302177586939691008.000000 (68609723286143403085299290875101184.0œÉ)
  Combined loss: 20582916985843019542083981734313984.000
  Status: FAIL

Calculating photon sphere for Quantum Corrected (Œ±=+0.00)...
  Schwarzschild radius: 1.485e-27 m
  Search range: 1.1 - 5.0 r_s

Results:
  Photon sphere radius: 1.257 r_s (expected: 1.500 r_s)
  Shadow diameter: 13.061 r_s (expected: 5.196 r_s)
  Orbit stability: Unstable (correct)
  Error: 151.36%
  Status: FAIL

Generating gravitational waveforms for Quantum Corrected (Œ±=+0.00)...
  Warning: Theory has no GW modifications implemented

PSR J0740+6620 System Parameters:
  Pulsar mass: 2.08 M‚òâ
  Companion mass: 0.253 M‚òâ
  Orbital period: 4.7669 days
  Semi-major axis: 10998.4 √ó 10^6 m
  Inclination: 87.56¬∞
  Timing RMS: 0.28 Œºs
  Validation tolerance: 3.0 Œºs

Theory Predictions:
  Analytic Shapiro delay: 17.461 Œºs
  Numeric time of flight: 18.657 Œºs
  ‚ö†Ô∏è Observational validations failed - skipping prediction validations
  [WARNING] Pre-flight constraint checks failed for Quantum Corrected (Œ±=+0.00). Continuing with evaluation.
  Running trajectory simulation for Quantum Corrected (Œ±=+0.00)...
  Constraint validators using quantum Lagrangian
  Theory category: quantum
  Using tested quantum validator for quantum theory
  Adding tested classical observational validators...

Calculating COW phase shift for Quantum Corrected (Œ±=+0.00)...
  Neutron wavelength: 2.2 √Ö
  Enclosed area: 0.3 cm¬≤
  Neutron velocity: 1798.1 m/s

Results:
  Observed: 2.70 ¬± 0.21 radians
  Predicted: 2.70 radians
  Error: 0.00 radians (0.1%)
  Status: PASSED

Debug info:
  g_metric: -9.789171 m/s¬≤
  g_newton: 9.819532 m/s¬≤
  Metric gradient dg_tt/dr: -2.178275e-16
  Error running COWInterferometryValidator: 'ValidationResult' object has no attribute 'get'
Traceback (most recent call last):
  File "/Users/p/dev/albert/physics_agent/theory_engine_core.py", line 1089, in run_all_validations
    performance_tracker.end_validator_timing(validator_name, theory.name, result)
  File "/Users/p/dev/albert/physics_agent/validations/validator_performance_tracker.py", line 118, in end_validator_timing
    'status': result.get('flags', {}).get('overall', 'UNKNOWN'),
              ^^^^^^^^^^
AttributeError: 'ValidationResult' object has no attribute 'get'


Calculating Mercury precession for Quantum Corrected (Œ±=+0.00)...
  Semi-major axis: 57.909 Gm
  Eccentricity: 0.2056
  Orbital period: 87.969 days

Results:
  Observed: 42.98 ¬± 0.04 arcsec/century
  Predicted: 42.99 arcsec/century
  Error: 0.009 arcsec/century (0.02%)
  Status: PASSED
  Error running MercuryPrecessionValidator: 'ValidationResult' object has no attribute 'get'
Traceback (most recent call last):
  File "/Users/p/dev/albert/physics_agent/theory_engine_core.py", line 1089, in run_all_validations
    performance_tracker.end_validator_timing(validator_name, theory.name, result)
  File "/Users/p/dev/albert/physics_agent/validations/validator_performance_tracker.py", line 118, in end_validator_timing
    'status': result.get('flags', {}).get('overall', 'UNKNOWN'),
              ^^^^^^^^^^
AttributeError: 'ValidationResult' object has no attribute 'get'


Calculating light deflection for Quantum Corrected (Œ±=+0.00)...
  Solar mass: 1.989e+30 kg
  Solar radius: 696.0 Mm

Results:
  Observed: 1.7512 ¬± 0.0016 arcsec
  Predicted: 1.7508 arcsec
  Error: 0.0004 arcsec (0.02%)
  Status: PASSED

Debug info:
  GR theoretical: 1.7508 arcsec
  PPN gamma: 1.000000
  g_rr at test radius: 1.000000424303
  Weak field factor: 4.244030e-07
  Error running LightDeflectionValidator: 'ValidationResult' object has no attribute 'get'
Traceback (most recent call last):
  File "/Users/p/dev/albert/physics_agent/theory_engine_core.py", line 1089, in run_all_validations
    performance_tracker.end_validator_timing(validator_name, theory.name, result)
  File "/Users/p/dev/albert/physics_agent/validations/validator_performance_tracker.py", line 118, in end_validator_timing
    'status': result.get('flags', {}).get('overall', 'UNKNOWN'),
              ^^^^^^^^^^
AttributeError: 'ValidationResult' object has no attribute 'get'


Calculating PPN parameters for Quantum Corrected (Œ±=+0.00)...
  Warning: Unrealistic gamma=-2464550456539976501054788337664.000000, defaulting to measurement
  Semi-major axis: 100 - 1000 AU
  Weak field potential Œ¶/c¬≤: 2.03e-41

Results:
  PPN Œ≥ (Cassini): 1.000021 ¬± 0.000023
  Predicted Œ≥: 1.000000 (0.9œÉ)
  PPN Œ≤ (LLR): 1.000000 ¬± 0.000030
  Predicted Œ≤: -2058291698584302177586939691008.000000 (68609723286143403085299290875101184.0œÉ)
  Combined loss: 20582916985843019542083981734313984.000
  Status: FAIL

Calculating photon sphere for Quantum Corrected (Œ±=+0.00)...
  Schwarzschild radius: 1.485e-27 m
  Search range: 1.1 - 5.0 r_s

Results:
  Photon sphere radius: 1.257 r_s (expected: 1.500 r_s)
  Shadow diameter: 13.061 r_s (expected: 5.196 r_s)
  Orbit stability: Unstable (correct)
  Error: 151.36%
  Status: FAIL

Generating gravitational waveforms for Quantum Corrected (Œ±=+0.00)...
  Warning: Theory has no GW modifications implemented

PSR J0740+6620 System Parameters:
  Pulsar mass: 2.08 M‚òâ
  Companion mass: 0.253 M‚òâ
  Orbital period: 4.7669 days
  Semi-major axis: 10998.4 √ó 10^6 m
  Inclination: 87.56¬∞
  Timing RMS: 0.28 Œºs
  Validation tolerance: 3.0 Œºs

Theory Predictions:
  Analytic Shapiro delay: 17.461 Œºs
  Numeric time of flight: 18.657 Œºs
  ‚ö†Ô∏è Observational validations failed - skipping prediction validations
  Constraint validators using quantum Lagrangian
  Theory category: quantum
  Using tested quantum validator for quantum theory
  Adding tested classical observational validators...

Calculating COW phase shift for Quantum Corrected (Œ±=+0.00)...
  Neutron wavelength: 2.2 √Ö
  Enclosed area: 0.3 cm¬≤
  Neutron velocity: 1798.1 m/s

Results:
  Observed: 2.70 ¬± 0.21 radians
  Predicted: 2.70 radians
  Error: 0.00 radians (0.1%)
  Status: PASSED

Debug info:
  g_metric: -9.789171 m/s¬≤
  g_newton: 9.819532 m/s¬≤
  Metric gradient dg_tt/dr: -2.178275e-16
  Error running COWInterferometryValidator: 'ValidationResult' object has no attribute 'get'
Traceback (most recent call last):
  File "/Users/p/dev/albert/physics_agent/theory_engine_core.py", line 1089, in run_all_validations
    performance_tracker.end_validator_timing(validator_name, theory.name, result)
  File "/Users/p/dev/albert/physics_agent/validations/validator_performance_tracker.py", line 118, in end_validator_timing
    'status': result.get('flags', {}).get('overall', 'UNKNOWN'),
              ^^^^^^^^^^
AttributeError: 'ValidationResult' object has no attribute 'get'


Calculating Mercury precession for Quantum Corrected (Œ±=+0.00)...
  Semi-major axis: 57.909 Gm
  Eccentricity: 0.2056
  Orbital period: 87.969 days

Results:
  Observed: 42.98 ¬± 0.04 arcsec/century
  Predicted: 42.99 arcsec/century
  Error: 0.009 arcsec/century (0.02%)
  Status: PASSED
  Error running MercuryPrecessionValidator: 'ValidationResult' object has no attribute 'get'
Traceback (most recent call last):
  File "/Users/p/dev/albert/physics_agent/theory_engine_core.py", line 1089, in run_all_validations
    performance_tracker.end_validator_timing(validator_name, theory.name, result)
  File "/Users/p/dev/albert/physics_agent/validations/validator_performance_tracker.py", line 118, in end_validator_timing
    'status': result.get('flags', {}).get('overall', 'UNKNOWN'),
              ^^^^^^^^^^
AttributeError: 'ValidationResult' object has no attribute 'get'


Calculating light deflection for Quantum Corrected (Œ±=+0.00)...
  Solar mass: 1.989e+30 kg
  Solar radius: 696.0 Mm

Results:
  Observed: 1.7512 ¬± 0.0016 arcsec
  Predicted: 1.7508 arcsec
  Error: 0.0004 arcsec (0.02%)
  Status: PASSED

Debug info:
  GR theoretical: 1.7508 arcsec
  PPN gamma: 1.000000
  g_rr at test radius: 1.000000424303
  Weak field factor: 4.244030e-07
  Error running LightDeflectionValidator: 'ValidationResult' object has no attribute 'get'
Traceback (most recent call last):
  File "/Users/p/dev/albert/physics_agent/theory_engine_core.py", line 1089, in run_all_validations
    performance_tracker.end_validator_timing(validator_name, theory.name, result)
  File "/Users/p/dev/albert/physics_agent/validations/validator_performance_tracker.py", line 118, in end_validator_timing
    'status': result.get('flags', {}).get('overall', 'UNKNOWN'),
              ^^^^^^^^^^
AttributeError: 'ValidationResult' object has no attribute 'get'


Calculating PPN parameters for Quantum Corrected (Œ±=+0.00)...
  Warning: Unrealistic gamma=-2464550456539976501054788337664.000000, defaulting to measurement
  Semi-major axis: 100 - 1000 AU
  Weak field potential Œ¶/c¬≤: 2.03e-41

Results:
  PPN Œ≥ (Cassini): 1.000021 ¬± 0.000023
  Predicted Œ≥: 1.000000 (0.9œÉ)
  PPN Œ≤ (LLR): 1.000000 ¬± 0.000030
  Predicted Œ≤: -2058291698584302177586939691008.000000 (68609723286143403085299290875101184.0œÉ)
  Combined loss: 20582916985843019542083981734313984.000
  Status: FAIL

Calculating photon sphere for Quantum Corrected (Œ±=+0.00)...
  Schwarzschild radius: 1.485e-27 m
  Search range: 1.1 - 5.0 r_s

Results:
  Photon sphere radius: 1.257 r_s (expected: 1.500 r_s)
  Shadow diameter: 13.061 r_s (expected: 5.196 r_s)
  Orbit stability: Unstable (correct)
  Error: 151.36%
  Status: FAIL

Generating gravitational waveforms for Quantum Corrected (Œ±=+0.00)...
  Warning: Theory has no GW modifications implemented

PSR J0740+6620 System Parameters:
  Pulsar mass: 2.08 M‚òâ
  Companion mass: 0.253 M‚òâ
  Orbital period: 4.7669 days
  Semi-major axis: 10998.4 √ó 10^6 m
  Inclination: 87.56¬∞
  Timing RMS: 0.28 Œºs
  Validation tolerance: 3.0 Œºs

Theory Predictions:
  Analytic Shapiro delay: 17.461 Œºs
  Numeric time of flight: 18.657 Œºs
  ‚ö†Ô∏è Observational validations failed - skipping prediction validations
  Constraint validators using quantum Lagrangian
  Theory category: quantum
  Using tested quantum validator for quantum theory
  Adding tested classical observational validators...

Calculating COW phase shift for Quantum Corrected (Œ±=+0.00)...
  Neutron wavelength: 2.2 √Ö
  Enclosed area: 0.3 cm¬≤
  Neutron velocity: 1798.1 m/s

Results:
  Observed: 2.70 ¬± 0.21 radians
  Predicted: 2.70 radians
  Error: 0.00 radians (0.1%)
  Status: PASSED

Debug info:
  g_metric: -9.789171 m/s¬≤
  g_newton: 9.819532 m/s¬≤
  Metric gradient dg_tt/dr: -2.178275e-16
  Error running COWInterferometryValidator: 'ValidationResult' object has no attribute 'get'
Traceback (most recent call last):
  File "/Users/p/dev/albert/physics_agent/theory_engine_core.py", line 1089, in run_all_validations
    performance_tracker.end_validator_timing(validator_name, theory.name, result)
  File "/Users/p/dev/albert/physics_agent/validations/validator_performance_tracker.py", line 118, in end_validator_timing
    'status': result.get('flags', {}).get('overall', 'UNKNOWN'),
              ^^^^^^^^^^
AttributeError: 'ValidationResult' object has no attribute 'get'


Calculating Mercury precession for Quantum Corrected (Œ±=+0.00)...
  Semi-major axis: 57.909 Gm
  Eccentricity: 0.2056
  Orbital period: 87.969 days

Results:
  Observed: 42.98 ¬± 0.04 arcsec/century
  Predicted: 42.99 arcsec/century
  Error: 0.009 arcsec/century (0.02%)
  Status: PASSED
  Error running MercuryPrecessionValidator: 'ValidationResult' object has no attribute 'get'
Traceback (most recent call last):
  File "/Users/p/dev/albert/physics_agent/theory_engine_core.py", line 1089, in run_all_validations
    performance_tracker.end_validator_timing(validator_name, theory.name, result)
  File "/Users/p/dev/albert/physics_agent/validations/validator_performance_tracker.py", line 118, in end_validator_timing
    'status': result.get('flags', {}).get('overall', 'UNKNOWN'),
              ^^^^^^^^^^
AttributeError: 'ValidationResult' object has no attribute 'get'


Calculating light deflection for Quantum Corrected (Œ±=+0.00)...
  Solar mass: 1.989e+30 kg
  Solar radius: 696.0 Mm

Results:
  Observed: 1.7512 ¬± 0.0016 arcsec
  Predicted: 1.7508 arcsec
  Error: 0.0004 arcsec (0.02%)
  Status: PASSED

Debug info:
  GR theoretical: 1.7508 arcsec
  PPN gamma: 1.000000
  g_rr at test radius: 1.000000424303
  Weak field factor: 4.244030e-07
  Error running LightDeflectionValidator: 'ValidationResult' object has no attribute 'get'
Traceback (most recent call last):
  File "/Users/p/dev/albert/physics_agent/theory_engine_core.py", line 1089, in run_all_validations
    performance_tracker.end_validator_timing(validator_name, theory.name, result)
  File "/Users/p/dev/albert/physics_agent/validations/validator_performance_tracker.py", line 118, in end_validator_timing
    'status': result.get('flags', {}).get('overall', 'UNKNOWN'),
              ^^^^^^^^^^
AttributeError: 'ValidationResult' object has no attribute 'get'


Calculating PPN parameters for Quantum Corrected (Œ±=+0.00)...
  Warning: Unrealistic gamma=-2464550456539976501054788337664.000000, defaulting to measurement
  Semi-major axis: 100 - 1000 AU
  Weak field potential Œ¶/c¬≤: 2.03e-41

Results:
  PPN Œ≥ (Cassini): 1.000021 ¬± 0.000023
  Predicted Œ≥: 1.000000 (0.9œÉ)
  PPN Œ≤ (LLR): 1.000000 ¬± 0.000030
  Predicted Œ≤: -2058291698584302177586939691008.000000 (68609723286143403085299290875101184.0œÉ)
  Combined loss: 20582916985843019542083981734313984.000
  Status: FAIL

Calculating photon sphere for Quantum Corrected (Œ±=+0.00)...
  Schwarzschild radius: 1.485e-27 m
  Search range: 1.1 - 5.0 r_s

Results:
  Photon sphere radius: 1.257 r_s (expected: 1.500 r_s)
  Shadow diameter: 13.061 r_s (expected: 5.196 r_s)
  Orbit stability: Unstable (correct)
  Error: 151.36%
  Status: FAIL

Generating gravitational waveforms for Quantum Corrected (Œ±=+0.00)...
  Warning: Theory has no GW modifications implemented

PSR J0740+6620 System Parameters:
  Pulsar mass: 2.08 M‚òâ
  Companion mass: 0.253 M‚òâ
  Orbital period: 4.7669 days
  Semi-major axis: 10998.4 √ó 10^6 m
  Inclination: 87.56¬∞
  Timing RMS: 0.28 Œºs
  Validation tolerance: 3.0 Œºs

Theory Predictions:
  Analytic Shapiro delay: 17.461 Œºs
  Numeric time of flight: 18.657 Œºs
  ‚ö†Ô∏è Observational validations failed - skipping prediction validations
  Constraint validators using quantum Lagrangian
  Theory category: quantum
  Using tested quantum validator for quantum theory
  Adding tested classical observational validators...

Calculating COW phase shift for Quantum Corrected (Œ±=+0.00)...
  Neutron wavelength: 2.2 √Ö
  Enclosed area: 0.3 cm¬≤
  Neutron velocity: 1798.1 m/s

Results:
  Observed: 2.70 ¬± 0.21 radians
  Predicted: 2.70 radians
  Error: 0.00 radians (0.1%)
  Status: PASSED

Debug info:
  g_metric: -9.789171 m/s¬≤
  g_newton: 9.819532 m/s¬≤
  Metric gradient dg_tt/dr: -2.178275e-16
  Error running COWInterferometryValidator: 'ValidationResult' object has no attribute 'get'
Traceback (most recent call last):
  File "/Users/p/dev/albert/physics_agent/theory_engine_core.py", line 1089, in run_all_validations
    performance_tracker.end_validator_timing(validator_name, theory.name, result)
  File "/Users/p/dev/albert/physics_agent/validations/validator_performance_tracker.py", line 118, in end_validator_timing
    'status': result.get('flags', {}).get('overall', 'UNKNOWN'),
              ^^^^^^^^^^
AttributeError: 'ValidationResult' object has no attribute 'get'


Calculating Mercury precession for Quantum Corrected (Œ±=+0.00)...
  Semi-major axis: 57.909 Gm
  Eccentricity: 0.2056
  Orbital period: 87.969 days

Results:
  Observed: 42.98 ¬± 0.04 arcsec/century
  Predicted: 42.99 arcsec/century
  Error: 0.009 arcsec/century (0.02%)
  Status: PASSED
  Error running MercuryPrecessionValidator: 'ValidationResult' object has no attribute 'get'
Traceback (most recent call last):
  File "/Users/p/dev/albert/physics_agent/theory_engine_core.py", line 1089, in run_all_validations
    performance_tracker.end_validator_timing(validator_name, theory.name, result)
  File "/Users/p/dev/albert/physics_agent/validations/validator_performance_tracker.py", line 118, in end_validator_timing
    'status': result.get('flags', {}).get('overall', 'UNKNOWN'),
              ^^^^^^^^^^
AttributeError: 'ValidationResult' object has no attribute 'get'


Calculating light deflection for Quantum Corrected (Œ±=+0.00)...
  Solar mass: 1.989e+30 kg
  Solar radius: 696.0 Mm

Results:
  Observed: 1.7512 ¬± 0.0016 arcsec
  Predicted: 1.7508 arcsec
  Error: 0.0004 arcsec (0.02%)
  Status: PASSED

Debug info:
  GR theoretical: 1.7508 arcsec
  PPN gamma: 1.000000
  g_rr at test radius: 1.000000424303
  Weak field factor: 4.244030e-07
  Error running LightDeflectionValidator: 'ValidationResult' object has no attribute 'get'
Traceback (most recent call last):
  File "/Users/p/dev/albert/physics_agent/theory_engine_core.py", line 1089, in run_all_validations
    performance_tracker.end_validator_timing(validator_name, theory.name, result)
  File "/Users/p/dev/albert/physics_agent/validations/validator_performance_tracker.py", line 118, in end_validator_timing
    'status': result.get('flags', {}).get('overall', 'UNKNOWN'),
              ^^^^^^^^^^
AttributeError: 'ValidationResult' object has no attribute 'get'


Calculating PPN parameters for Quantum Corrected (Œ±=+0.00)...
  Warning: Unrealistic gamma=-2464550456539976501054788337664.000000, defaulting to measurement
  Semi-major axis: 100 - 1000 AU
  Weak field potential Œ¶/c¬≤: 2.03e-41

Results:
  PPN Œ≥ (Cassini): 1.000021 ¬± 0.000023
  Predicted Œ≥: 1.000000 (0.9œÉ)
  PPN Œ≤ (LLR): 1.000000 ¬± 0.000030
  Predicted Œ≤: -2058291698584302177586939691008.000000 (68609723286143403085299290875101184.0œÉ)
  Combined loss: 20582916985843019542083981734313984.000
  Status: FAIL

Calculating photon sphere for Quantum Corrected (Œ±=+0.00)...
  Schwarzschild radius: 1.485e-27 m
  Search range: 1.1 - 5.0 r_s

Results:
  Photon sphere radius: 1.257 r_s (expected: 1.500 r_s)
  Shadow diameter: 13.061 r_s (expected: 5.196 r_s)
  Orbit stability: Unstable (correct)
  Error: 151.36%
  Status: FAIL

Generating gravitational waveforms for Quantum Corrected (Œ±=+0.00)...
  Warning: Theory has no GW modifications implemented

PSR J0740+6620 System Parameters:
  Pulsar mass: 2.08 M‚òâ
  Companion mass: 0.253 M‚òâ
  Orbital period: 4.7669 days
  Semi-major axis: 10998.4 √ó 10^6 m
  Inclination: 87.56¬∞
  Timing RMS: 0.28 Œºs
  Validation tolerance: 3.0 Œºs

Theory Predictions:
  Analytic Shapiro delay: 17.461 Œºs
  Numeric time of flight: 18.657 Œºs
  ‚ö†Ô∏è Observational validations failed - skipping prediction validations
  Generating trajectory comparison plot...
  DEBUG: Quantum uncertainty cloud - r range: [29.988, 30.000]
  DEBUG: Quantum uncertainty cloud - phi range: [0.000, 0.076]
  DEBUG: Quantum uncertainty cloud - t range: [0.000, 13.152]
  Added quantum uncertainty visualization with 20 sample points
  Uncertainty radius range: [1.500, 1.649] Rs
  Actual de Broglie wavelength: ~1.50e-11 m
  Display scale factor: 3.14e+14√ó
  Trajectory has 20001 points, using step interval 666 for markers
  Trajectory range: r=[29.988, 30.000], phi=[0.000, 0.076]
    Processing 2 baselines for checkpoints...
      Baseline: Kerr (a=0.00)
        Adding 9 checkpoints for Kerr (a=0.00)
          Checkpoint at 10%: idx=137, z=1.441, ring_radius=0.900
          Checkpoint at 20%: idx=275, z=2.893, ring_radius=0.900
          Checkpoint at 30%: idx=412, z=4.335, ring_radius=0.900
          Checkpoint at 40%: idx=550, z=5.787, ring_radius=0.900
          Checkpoint at 50%: idx=687, z=7.228, ring_radius=0.900
          Checkpoint at 60%: idx=825, z=8.680, ring_radius=0.900
          Checkpoint at 70%: idx=962, z=10.122, ring_radius=0.900
          Checkpoint at 80%: idx=1100, z=11.574, ring_radius=0.900
          Checkpoint at 90%: idx=1237, z=13.015, ring_radius=0.900
      Baseline: Kerr-Newman (a=0.00, q_e=0.50)
        Adding 9 checkpoints for Kerr-Newman (a=0.00, q_e=0.50)
          Checkpoint at 10%: idx=137, z=1.442, ring_radius=0.900
          Checkpoint at 20%: idx=275, z=2.894, ring_radius=0.900
          Checkpoint at 30%: idx=412, z=4.335, ring_radius=0.900
          Checkpoint at 40%: idx=550, z=5.788, ring_radius=0.900
          Checkpoint at 50%: idx=687, z=7.229, ring_radius=0.900
          Checkpoint at 60%: idx=825, z=8.681, ring_radius=0.900
          Checkpoint at 70%: idx=962, z=10.123, ring_radius=0.900
          Checkpoint at 80%: idx=1100, z=11.575, ring_radius=0.900
          Checkpoint at 90%: idx=1237, z=13.017, ring_radius=0.900
  Plot saved to runs/run_20250726_144205_float64/Quantum_Corrected_Œ±_+0_00/viz/trajectory_comparison.png
  Generating multi-particle grid visualization...
    Generating particle-specific baselines...
Loading cached trajectory from: /Users/p/dev/albert/physics_agent/cache/trajectories/1.0.0/Kerr__a_0_00__r0-44300.76_steps-20001_dt-0.0010_dtype-float64_1278dee02519.pt
Loading cached trajectory from: /Users/p/dev/albert/physics_agent/cache/trajectories/1.0.0/Kerr__a_0_00__r0-44300.76_steps-20001_dt-0.0010_dtype-float64_06dd5d46dbf0.pt
Loading cached trajectory from: /Users/p/dev/albert/physics_agent/cache/trajectories/1.0.0/Kerr__a_0_00__r0-44300.76_steps-20001_dt-0.0010_dtype-float64_57a30b239b91.pt
Loading cached trajectory from: /Users/p/dev/albert/physics_agent/cache/trajectories/1.0.0/Kerr__a_0_00__r0-44300.76_steps-20001_dt-0.0010_dtype-float64_9083ed1a9f02.pt
    Generated multi-particle grid: runs/run_20250726_144205_float64/Quantum_Corrected_Œ±_+0_00/viz/multi_particle_grid.png
    Generating unified multi-particle plot for Quantum Corrected (Œ±=+0.00)...
    Particle trajectories available: ['electron', 'photon', 'proton', 'neutrino']
    Processing electron...
      electron trajectory: 20001 points
      r range: [29.988, 30.000] (geometric units)
      phi range: [0.000, 0.076] rad
      t range: [0.000, 13.152] (geometric units)
      Successfully plotted electron trajectory
    Processing photon...
      photon trajectory: 20001 points
      r range: [29.988, 30.000] (geometric units)
      phi range: [0.000, 0.076] rad
      t range: [0.000, 13.152] (geometric units)
      Successfully plotted photon trajectory
    Processing proton...
      proton trajectory: 20001 points
      r range: [29.988, 30.000] (geometric units)
      phi range: [0.000, 0.076] rad
      t range: [0.000, 13.152] (geometric units)
      Successfully plotted proton trajectory
    Processing neutrino...
      neutrino trajectory: 20001 points
      r range: [29.988, 30.000] (geometric units)
      phi range: [0.000, 0.076] rad
      t range: [0.000, 13.152] (geometric units)
      Successfully plotted neutrino trajectory
    Radial range across all particles: [29.988, 30.000]
    Time range across all particles: [0.000, 13.152]

  Unified multi-particle plot saved to: runs/run_20250726_144205_float64/Quantum_Corrected_Œ±_+0_00/viz/all_particles_unified.png
  Summary: 4 particles plotted successfully
  Generated unified multi-particle plot: runs/run_20250726_144205_float64/Quantum_Corrected_Œ±_+0_00/viz/all_particles_unified.png
  Generated HTML report: runs/run_20250726_144205_float64/Quantum_Corrected_Œ±_+0_00/results.html
  Results saved to: runs/run_20250726_144205_float64/Quantum_Corrected_Œ±_+0_00

============================================================
Run complete. All results saved to: runs/run_20250726_144205_float64
============================================================

--- Summary: Quantum Theory Validation Results ---

Finalist theories that passed all quantum tests (0):

Theories in main directory without quantum validation (1):
  ‚úó Quantum Corrected (Œ±=+0.00) (no quantum validation)

All theories have been evaluated and ranked in the comprehensive report.
See the leaderboard for complete rankings and detailed analysis.
============================================================

============================================================
PHASE 3: PREDICTION VALIDATION
Testing novel predictions against state-of-the-art benchmarks
============================================================

Engine configuration:
  Quantum field content: all
  Quantum theories will use quantum Lagrangian (if available)
  Skipping Quantum Corrected (Œ±=+0.00) - failed validations (constraints=True, observations=False)
No finalist theories passed all validations for prediction testing.

============================================================
Updating comprehensive reports with prediction results
============================================================
No prediction results found. Skipping report update.

============================================================
Generating Comprehensive Leaderboard
============================================================
Leaderboard generated: runs/run_20250726_144205_float64/leaderboard.html
  HTML leaderboard generated: runs/run_20250726_144205_float64/leaderboard.html
COMPREHENSIVE THEORY EVALUATION LEADERBOARD
================================================================================
Total theories evaluated: 1
Scoring system: Weighted evaluation across 8 dimensions

TOP THEORIES BY UNIFIED SCORE (Comprehensive Evaluation):
--------------------------------------------------------------------------------
Rank  Theory                             Category    Score   Bonuses/Penalties        
--------------------------------------------------------------------------------
1     Quantum Corrected (Œ±=+0.00)        quantum     0.4284  +perfect_conservation    


COMPONENT SCORE LEADERS:
--------------------------------------------------------------------------------
Constraints (Conservation, Metrics)      Quantum Corrected (Œ±=+0.00)    (0.000)
Observational (Quantum Tests)            Quantum Corrected (Œ±=+0.00)    (0.000)
Predictions (CMB, PTA)                   Quantum Corrected (Œ±=+0.00)    (0.000)
Trajectory Matching                      Quantum Corrected (Œ±=+0.00)    (0.800)
Unification Potential                    Quantum Corrected (Œ±=+0.00)    (0.500)


PERFORMANCE BY THEORY CATEGORY:
--------------------------------------------------------------------------------
Quantum      theories:   1 | Avg score: 0.428 | Best: Quantum Corrected (Œ±=+0.00)


OVERALL STATISTICS:
--------------------------------------------------------------------------------
Mean unified score: 0.428
Std deviation: 0.000
Score range: 0.428 - 0.428

================================================================================
Full details saved to: runs/run_20250726_144205_float64/leaderboard.json

============================================================
COMPREHENSIVE VALIDATION SUMMARY
============================================================

üìã CALIBRATION CERTIFICATE
   ID: 17be187c97277ccf
   Status: VALID
   Health Score: 100%
   Guarantees:
     ‚úì Engine Correctness: GUARANTEED
     ‚úì Solver Accuracy: GUARANTEED
     ‚úì Environment Stability: GUARANTEED
     ‚úì Performance Optimized: GUARANTEED

TOTAL THEORIES TESTED: 1
PASSED: 1
FAILED: 0

============================================================
THEORIES THAT PASSED ALL VALIDATIONS:
============================================================
  ‚úì Quantum Corrected (Œ±=+0.00) (Score: 0.4284)

üìä Detailed summary saved to: runs/run_20250726_144205_float64/comprehensive_summary.json
