Running: Kerr (a=0.00)
Loading cached trajectory from: /Users/p/dev/albert/physics_agent/cache/trajectories/1.0.0/Kerr__a_0_00__r0-44300.76_steps-20000_dt-0.0000_dtype-float64_63cc7df8ff44.pt
Running: Kerr-Newman (a=0.00, q_e=0.50)
Loading cached trajectory from: /Users/p/dev/albert/physics_agent/cache/trajectories/1.0.0/Kerr-Newman__a_0_00__q_e_0_50__r0-44300.76_steps-20000_dt-0.0000_dtype-float64_4ce8cfe8cddf.pt

--- Phase 1: Validating All Theories ---
============================================================
  Using preferred values for Quantum Corrected (α=+0.00): {'alpha': 1e-05}

--- Validating: Quantum Corrected (α=+0.00) ---
  Running validation trajectory for Quantum Corrected (α=+0.00)...
  Constraint validators using quantum Lagrangian
  Theory category: quantum
  Using tested quantum validator for quantum theory
  Adding tested classical observational validators...

Calculating COW phase shift for Quantum Corrected (α=+0.00)...
  Neutron wavelength: 2.2 Å
  Enclosed area: 0.3 cm²
  Neutron velocity: 1798.1 m/s

Results:
  Observed: 2.70 ± 0.21 radians
  Predicted: 2.70 radians
  Error: 0.00 radians (0.1%)
  Status: PASSED

Debug info:
  g_metric: -9.789171 m/s²
  g_newton: 9.819532 m/s²
  Metric gradient dg_tt/dr: -2.178275e-16
  Error running COWInterferometryValidator: 'ValidationResult' object has no attribute 'get'
Traceback (most recent call last):
  File "/Users/p/dev/albert/physics_agent/theory_engine_core.py", line 1085, in run_all_validations
    performance_tracker.end_validator_timing(validator_name, theory.name, result)
  File "/Users/p/dev/albert/physics_agent/validations/validator_performance_tracker.py", line 118, in end_validator_timing
    'status': result.get('flags', {}).get('overall', 'UNKNOWN'),
              ^^^^^^^^^^
AttributeError: 'ValidationResult' object has no attribute 'get'


Calculating Mercury precession for Quantum Corrected (α=+0.00)...
  Semi-major axis: 57.909 Gm
  Eccentricity: 0.2056
  Orbital period: 87.969 days

Results:
  Observed: 42.98 ± 0.04 arcsec/century
  Predicted: 42.99 arcsec/century
  Error: 0.009 arcsec/century (0.02%)
  Status: PASSED
  Error running MercuryPrecessionValidator: 'ValidationResult' object has no attribute 'get'
Traceback (most recent call last):
  File "/Users/p/dev/albert/physics_agent/theory_engine_core.py", line 1085, in run_all_validations
    performance_tracker.end_validator_timing(validator_name, theory.name, result)
  File "/Users/p/dev/albert/physics_agent/validations/validator_performance_tracker.py", line 118, in end_validator_timing
    'status': result.get('flags', {}).get('overall', 'UNKNOWN'),
              ^^^^^^^^^^
AttributeError: 'ValidationResult' object has no attribute 'get'


Calculating light deflection for Quantum Corrected (α=+0.00)...
  Solar mass: 1.989e+30 kg
  Solar radius: 696.0 Mm

Results:
  Observed: 1.7512 ± 0.0016 arcsec
  Predicted: 1.7508 arcsec
  Error: 0.0004 arcsec (0.02%)
  Status: PASSED

Debug info:
  GR theoretical: 1.7508 arcsec
  PPN gamma: 1.000000
  g_rr at test radius: 1.000000424303
  Weak field factor: 4.244030e-07
  Error running LightDeflectionValidator: 'ValidationResult' object has no attribute 'get'
Traceback (most recent call last):
  File "/Users/p/dev/albert/physics_agent/theory_engine_core.py", line 1085, in run_all_validations
    performance_tracker.end_validator_timing(validator_name, theory.name, result)
  File "/Users/p/dev/albert/physics_agent/validations/validator_performance_tracker.py", line 118, in end_validator_timing
    'status': result.get('flags', {}).get('overall', 'UNKNOWN'),
              ^^^^^^^^^^
AttributeError: 'ValidationResult' object has no attribute 'get'


Calculating PPN parameters for Quantum Corrected (α=+0.00)...
  Warning: Unrealistic gamma=-2464550456539976501054788337664.000000, defaulting to measurement
  Semi-major axis: 100 - 1000 AU
  Weak field potential Φ/c²: 2.03e-41

Results:
  PPN γ (Cassini): 1.000021 ± 0.000023
  Predicted γ: 1.000000 (0.9σ)
  PPN β (LLR): 1.000000 ± 0.000030
  Predicted β: -2058291698584302177586939691008.000000 (68609723286143403085299290875101184.0σ)
  Combined loss: 20582916985843019542083981734313984.000
  Status: FAIL

Calculating photon sphere for Quantum Corrected (α=+0.00)...
  Schwarzschild radius: 1.485e-27 m
  Search range: 1.1 - 5.0 r_s

Results:
  Photon sphere radius: 1.257 r_s (expected: 1.500 r_s)
  Shadow diameter: 13.061 r_s (expected: 5.196 r_s)
  Orbit stability: Unstable (correct)
  Error: 151.36%
  Status: FAIL

Generating gravitational waveforms for Quantum Corrected (α=+0.00)...
  Warning: Theory has no GW modifications implemented

PSR J0740+6620 System Parameters:
  Pulsar mass: 2.08 M☉
  Companion mass: 0.253 M☉
  Orbital period: 4.7669 days
  Semi-major axis: 10998.4 × 10^6 m
  Inclination: 87.56°
  Timing RMS: 0.28 μs
  Validation tolerance: 3.0 μs

Theory Predictions:
  Analytic Shapiro delay: 17.461 μs
  Numeric time of flight: 18.657 μs
  ⚠️ Observational validations failed - skipping prediction validations
  Constraint tests: PASSED
  Observation tests: FAILED
  Overall validation: PASSED

============================================================
Validation Summary:
  Total theories validated: 1
  Passed: 1
  Failed: 0
============================================================

Theories that passed validation:
  ✓ Quantum Corrected (α=+0.00)

--- Phase 2: Running Full Trajectories for Validated Theories ---
============================================================

--- Running Full Trajectory: Quantum Corrected (α=+0.00) ---

--- Evaluating: Quantum Corrected (α=+0.00) ---

--- Evaluating: Quantum Corrected (α=+0.00) ---
  Results will be saved to: runs/run_20250726_101219_float64/Quantum_Corrected_α_+0_00
  Running pre-flight checks for Quantum Corrected (α=+0.00)...
  Constraint validators using quantum Lagrangian
  Theory category: quantum
  Using tested quantum validator for quantum theory
  Adding tested classical observational validators...

Calculating COW phase shift for Quantum Corrected (α=+0.00)...
  Neutron wavelength: 2.2 Å
  Enclosed area: 0.3 cm²
  Neutron velocity: 1798.1 m/s

Results:
  Observed: 2.70 ± 0.21 radians
  Predicted: 2.70 radians
  Error: 0.00 radians (0.1%)
  Status: PASSED

Debug info:
  g_metric: -9.789171 m/s²
  g_newton: 9.819532 m/s²
  Metric gradient dg_tt/dr: -2.178275e-16
  Error running COWInterferometryValidator: 'ValidationResult' object has no attribute 'get'
Traceback (most recent call last):
  File "/Users/p/dev/albert/physics_agent/theory_engine_core.py", line 1085, in run_all_validations
    performance_tracker.end_validator_timing(validator_name, theory.name, result)
  File "/Users/p/dev/albert/physics_agent/validations/validator_performance_tracker.py", line 118, in end_validator_timing
    'status': result.get('flags', {}).get('overall', 'UNKNOWN'),
              ^^^^^^^^^^
AttributeError: 'ValidationResult' object has no attribute 'get'


Calculating Mercury precession for Quantum Corrected (α=+0.00)...
  Semi-major axis: 57.909 Gm
  Eccentricity: 0.2056
  Orbital period: 87.969 days

Results:
  Observed: 42.98 ± 0.04 arcsec/century
  Predicted: 42.99 arcsec/century
  Error: 0.009 arcsec/century (0.02%)
  Status: PASSED
  Error running MercuryPrecessionValidator: 'ValidationResult' object has no attribute 'get'
Traceback (most recent call last):
  File "/Users/p/dev/albert/physics_agent/theory_engine_core.py", line 1085, in run_all_validations
    performance_tracker.end_validator_timing(validator_name, theory.name, result)
  File "/Users/p/dev/albert/physics_agent/validations/validator_performance_tracker.py", line 118, in end_validator_timing
    'status': result.get('flags', {}).get('overall', 'UNKNOWN'),
              ^^^^^^^^^^
AttributeError: 'ValidationResult' object has no attribute 'get'


Calculating light deflection for Quantum Corrected (α=+0.00)...
  Solar mass: 1.989e+30 kg
  Solar radius: 696.0 Mm

Results:
  Observed: 1.7512 ± 0.0016 arcsec
  Predicted: 1.7508 arcsec
  Error: 0.0004 arcsec (0.02%)
  Status: PASSED

Debug info:
  GR theoretical: 1.7508 arcsec
  PPN gamma: 1.000000
  g_rr at test radius: 1.000000424303
  Weak field factor: 4.244030e-07
  Error running LightDeflectionValidator: 'ValidationResult' object has no attribute 'get'
Traceback (most recent call last):
  File "/Users/p/dev/albert/physics_agent/theory_engine_core.py", line 1085, in run_all_validations
    performance_tracker.end_validator_timing(validator_name, theory.name, result)
  File "/Users/p/dev/albert/physics_agent/validations/validator_performance_tracker.py", line 118, in end_validator_timing
    'status': result.get('flags', {}).get('overall', 'UNKNOWN'),
              ^^^^^^^^^^
AttributeError: 'ValidationResult' object has no attribute 'get'


Calculating PPN parameters for Quantum Corrected (α=+0.00)...
  Warning: Unrealistic gamma=-2464550456539976501054788337664.000000, defaulting to measurement
  Semi-major axis: 100 - 1000 AU
  Weak field potential Φ/c²: 2.03e-41

Results:
  PPN γ (Cassini): 1.000021 ± 0.000023
  Predicted γ: 1.000000 (0.9σ)
  PPN β (LLR): 1.000000 ± 0.000030
  Predicted β: -2058291698584302177586939691008.000000 (68609723286143403085299290875101184.0σ)
  Combined loss: 20582916985843019542083981734313984.000
  Status: FAIL

Calculating photon sphere for Quantum Corrected (α=+0.00)...
  Schwarzschild radius: 1.485e-27 m
  Search range: 1.1 - 5.0 r_s

Results:
  Photon sphere radius: 1.257 r_s (expected: 1.500 r_s)
  Shadow diameter: 13.061 r_s (expected: 5.196 r_s)
  Orbit stability: Unstable (correct)
  Error: 151.36%
  Status: FAIL

Generating gravitational waveforms for Quantum Corrected (α=+0.00)...
  Warning: Theory has no GW modifications implemented

PSR J0740+6620 System Parameters:
  Pulsar mass: 2.08 M☉
  Companion mass: 0.253 M☉
  Orbital period: 4.7669 days
  Semi-major axis: 10998.4 × 10^6 m
  Inclination: 87.56°
  Timing RMS: 0.28 μs
  Validation tolerance: 3.0 μs

Theory Predictions:
  Analytic Shapiro delay: 17.461 μs
  Numeric time of flight: 18.657 μs
  ⚠️ Observational validations failed - skipping prediction validations
  [WARNING] Pre-flight constraint checks failed for Quantum Corrected (α=+0.00). Continuing with evaluation.
  Running trajectory simulation for Quantum Corrected (α=+0.00)...
  Constraint validators using quantum Lagrangian
  Theory category: quantum
  Using tested quantum validator for quantum theory
  Adding tested classical observational validators...

Calculating COW phase shift for Quantum Corrected (α=+0.00)...
  Neutron wavelength: 2.2 Å
  Enclosed area: 0.3 cm²
  Neutron velocity: 1798.1 m/s

Results:
  Observed: 2.70 ± 0.21 radians
  Predicted: 2.70 radians
  Error: 0.00 radians (0.1%)
  Status: PASSED

Debug info:
  g_metric: -9.789171 m/s²
  g_newton: 9.819532 m/s²
  Metric gradient dg_tt/dr: -2.178275e-16
  Error running COWInterferometryValidator: 'ValidationResult' object has no attribute 'get'
Traceback (most recent call last):
  File "/Users/p/dev/albert/physics_agent/theory_engine_core.py", line 1085, in run_all_validations
    performance_tracker.end_validator_timing(validator_name, theory.name, result)
  File "/Users/p/dev/albert/physics_agent/validations/validator_performance_tracker.py", line 118, in end_validator_timing
    'status': result.get('flags', {}).get('overall', 'UNKNOWN'),
              ^^^^^^^^^^
AttributeError: 'ValidationResult' object has no attribute 'get'


Calculating Mercury precession for Quantum Corrected (α=+0.00)...
  Semi-major axis: 57.909 Gm
  Eccentricity: 0.2056
  Orbital period: 87.969 days

Results:
  Observed: 42.98 ± 0.04 arcsec/century
  Predicted: 42.99 arcsec/century
  Error: 0.009 arcsec/century (0.02%)
  Status: PASSED
  Error running MercuryPrecessionValidator: 'ValidationResult' object has no attribute 'get'
Traceback (most recent call last):
  File "/Users/p/dev/albert/physics_agent/theory_engine_core.py", line 1085, in run_all_validations
    performance_tracker.end_validator_timing(validator_name, theory.name, result)
  File "/Users/p/dev/albert/physics_agent/validations/validator_performance_tracker.py", line 118, in end_validator_timing
    'status': result.get('flags', {}).get('overall', 'UNKNOWN'),
              ^^^^^^^^^^
AttributeError: 'ValidationResult' object has no attribute 'get'


Calculating light deflection for Quantum Corrected (α=+0.00)...
  Solar mass: 1.989e+30 kg
  Solar radius: 696.0 Mm

Results:
  Observed: 1.7512 ± 0.0016 arcsec
  Predicted: 1.7508 arcsec
  Error: 0.0004 arcsec (0.02%)
  Status: PASSED

Debug info:
  GR theoretical: 1.7508 arcsec
  PPN gamma: 1.000000
  g_rr at test radius: 1.000000424303
  Weak field factor: 4.244030e-07
  Error running LightDeflectionValidator: 'ValidationResult' object has no attribute 'get'
Traceback (most recent call last):
  File "/Users/p/dev/albert/physics_agent/theory_engine_core.py", line 1085, in run_all_validations
    performance_tracker.end_validator_timing(validator_name, theory.name, result)
  File "/Users/p/dev/albert/physics_agent/validations/validator_performance_tracker.py", line 118, in end_validator_timing
    'status': result.get('flags', {}).get('overall', 'UNKNOWN'),
              ^^^^^^^^^^
AttributeError: 'ValidationResult' object has no attribute 'get'


Calculating PPN parameters for Quantum Corrected (α=+0.00)...
  Warning: Unrealistic gamma=-2464550456539976501054788337664.000000, defaulting to measurement
  Semi-major axis: 100 - 1000 AU
  Weak field potential Φ/c²: 2.03e-41

Results:
  PPN γ (Cassini): 1.000021 ± 0.000023
  Predicted γ: 1.000000 (0.9σ)
  PPN β (LLR): 1.000000 ± 0.000030
  Predicted β: -2058291698584302177586939691008.000000 (68609723286143403085299290875101184.0σ)
  Combined loss: 20582916985843019542083981734313984.000
  Status: FAIL

Calculating photon sphere for Quantum Corrected (α=+0.00)...
  Schwarzschild radius: 1.485e-27 m
  Search range: 1.1 - 5.0 r_s

Results:
  Photon sphere radius: 1.257 r_s (expected: 1.500 r_s)
  Shadow diameter: 13.061 r_s (expected: 5.196 r_s)
  Orbit stability: Unstable (correct)
  Error: 151.36%
  Status: FAIL

Generating gravitational waveforms for Quantum Corrected (α=+0.00)...
  Warning: Theory has no GW modifications implemented

PSR J0740+6620 System Parameters:
  Pulsar mass: 2.08 M☉
  Companion mass: 0.253 M☉
  Orbital period: 4.7669 days
  Semi-major axis: 10998.4 × 10^6 m
  Inclination: 87.56°
  Timing RMS: 0.28 μs
  Validation tolerance: 3.0 μs

Theory Predictions:
  Analytic Shapiro delay: 17.461 μs
  Numeric time of flight: 18.657 μs
  ⚠️ Observational validations failed - skipping prediction validations
  Constraint validators using quantum Lagrangian
  Theory category: quantum
  Using tested quantum validator for quantum theory
  Adding tested classical observational validators...

Calculating COW phase shift for Quantum Corrected (α=+0.00)...
  Neutron wavelength: 2.2 Å
  Enclosed area: 0.3 cm²
  Neutron velocity: 1798.1 m/s

Results:
  Observed: 2.70 ± 0.21 radians
  Predicted: 2.70 radians
  Error: 0.00 radians (0.1%)
  Status: PASSED

Debug info:
  g_metric: -9.789171 m/s²
  g_newton: 9.819532 m/s²
  Metric gradient dg_tt/dr: -2.178275e-16
  Error running COWInterferometryValidator: 'ValidationResult' object has no attribute 'get'
Traceback (most recent call last):
  File "/Users/p/dev/albert/physics_agent/theory_engine_core.py", line 1085, in run_all_validations
    performance_tracker.end_validator_timing(validator_name, theory.name, result)
  File "/Users/p/dev/albert/physics_agent/validations/validator_performance_tracker.py", line 118, in end_validator_timing
    'status': result.get('flags', {}).get('overall', 'UNKNOWN'),
              ^^^^^^^^^^
AttributeError: 'ValidationResult' object has no attribute 'get'


Calculating Mercury precession for Quantum Corrected (α=+0.00)...
  Semi-major axis: 57.909 Gm
  Eccentricity: 0.2056
  Orbital period: 87.969 days

Results:
  Observed: 42.98 ± 0.04 arcsec/century
  Predicted: 42.99 arcsec/century
  Error: 0.009 arcsec/century (0.02%)
  Status: PASSED
  Error running MercuryPrecessionValidator: 'ValidationResult' object has no attribute 'get'
Traceback (most recent call last):
  File "/Users/p/dev/albert/physics_agent/theory_engine_core.py", line 1085, in run_all_validations
    performance_tracker.end_validator_timing(validator_name, theory.name, result)
  File "/Users/p/dev/albert/physics_agent/validations/validator_performance_tracker.py", line 118, in end_validator_timing
    'status': result.get('flags', {}).get('overall', 'UNKNOWN'),
              ^^^^^^^^^^
AttributeError: 'ValidationResult' object has no attribute 'get'


Calculating light deflection for Quantum Corrected (α=+0.00)...
  Solar mass: 1.989e+30 kg
  Solar radius: 696.0 Mm

Results:
  Observed: 1.7512 ± 0.0016 arcsec
  Predicted: 1.7508 arcsec
  Error: 0.0004 arcsec (0.02%)
  Status: PASSED

Debug info:
  GR theoretical: 1.7508 arcsec
  PPN gamma: 1.000000
  g_rr at test radius: 1.000000424303
  Weak field factor: 4.244030e-07
  Error running LightDeflectionValidator: 'ValidationResult' object has no attribute 'get'
Traceback (most recent call last):
  File "/Users/p/dev/albert/physics_agent/theory_engine_core.py", line 1085, in run_all_validations
    performance_tracker.end_validator_timing(validator_name, theory.name, result)
  File "/Users/p/dev/albert/physics_agent/validations/validator_performance_tracker.py", line 118, in end_validator_timing
    'status': result.get('flags', {}).get('overall', 'UNKNOWN'),
              ^^^^^^^^^^
AttributeError: 'ValidationResult' object has no attribute 'get'


Calculating PPN parameters for Quantum Corrected (α=+0.00)...
  Warning: Unrealistic gamma=-2464550456539976501054788337664.000000, defaulting to measurement
  Semi-major axis: 100 - 1000 AU
  Weak field potential Φ/c²: 2.03e-41

Results:
  PPN γ (Cassini): 1.000021 ± 0.000023
  Predicted γ: 1.000000 (0.9σ)
  PPN β (LLR): 1.000000 ± 0.000030
  Predicted β: -2058291698584302177586939691008.000000 (68609723286143403085299290875101184.0σ)
  Combined loss: 20582916985843019542083981734313984.000
  Status: FAIL

Calculating photon sphere for Quantum Corrected (α=+0.00)...
  Schwarzschild radius: 1.485e-27 m
  Search range: 1.1 - 5.0 r_s

Results:
  Photon sphere radius: 1.257 r_s (expected: 1.500 r_s)
  Shadow diameter: 13.061 r_s (expected: 5.196 r_s)
  Orbit stability: Unstable (correct)
  Error: 151.36%
  Status: FAIL

Generating gravitational waveforms for Quantum Corrected (α=+0.00)...
  Warning: Theory has no GW modifications implemented

PSR J0740+6620 System Parameters:
  Pulsar mass: 2.08 M☉
  Companion mass: 0.253 M☉
  Orbital period: 4.7669 days
  Semi-major axis: 10998.4 × 10^6 m
  Inclination: 87.56°
  Timing RMS: 0.28 μs
  Validation tolerance: 3.0 μs

Theory Predictions:
  Analytic Shapiro delay: 17.461 μs
  Numeric time of flight: 18.657 μs
  ⚠️ Observational validations failed - skipping prediction validations
  Constraint validators using quantum Lagrangian
  Theory category: quantum
  Using tested quantum validator for quantum theory
  Adding tested classical observational validators...

Calculating COW phase shift for Quantum Corrected (α=+0.00)...
  Neutron wavelength: 2.2 Å
  Enclosed area: 0.3 cm²
  Neutron velocity: 1798.1 m/s

Results:
  Observed: 2.70 ± 0.21 radians
  Predicted: 2.70 radians
  Error: 0.00 radians (0.1%)
  Status: PASSED

Debug info:
  g_metric: -9.789171 m/s²
  g_newton: 9.819532 m/s²
  Metric gradient dg_tt/dr: -2.178275e-16
  Error running COWInterferometryValidator: 'ValidationResult' object has no attribute 'get'
Traceback (most recent call last):
  File "/Users/p/dev/albert/physics_agent/theory_engine_core.py", line 1085, in run_all_validations
    performance_tracker.end_validator_timing(validator_name, theory.name, result)
  File "/Users/p/dev/albert/physics_agent/validations/validator_performance_tracker.py", line 118, in end_validator_timing
    'status': result.get('flags', {}).get('overall', 'UNKNOWN'),
              ^^^^^^^^^^
AttributeError: 'ValidationResult' object has no attribute 'get'


Calculating Mercury precession for Quantum Corrected (α=+0.00)...
  Semi-major axis: 57.909 Gm
  Eccentricity: 0.2056
  Orbital period: 87.969 days

Results:
  Observed: 42.98 ± 0.04 arcsec/century
  Predicted: 42.99 arcsec/century
  Error: 0.009 arcsec/century (0.02%)
  Status: PASSED
  Error running MercuryPrecessionValidator: 'ValidationResult' object has no attribute 'get'
Traceback (most recent call last):
  File "/Users/p/dev/albert/physics_agent/theory_engine_core.py", line 1085, in run_all_validations
    performance_tracker.end_validator_timing(validator_name, theory.name, result)
  File "/Users/p/dev/albert/physics_agent/validations/validator_performance_tracker.py", line 118, in end_validator_timing
    'status': result.get('flags', {}).get('overall', 'UNKNOWN'),
              ^^^^^^^^^^
AttributeError: 'ValidationResult' object has no attribute 'get'


Calculating light deflection for Quantum Corrected (α=+0.00)...
  Solar mass: 1.989e+30 kg
  Solar radius: 696.0 Mm

Results:
  Observed: 1.7512 ± 0.0016 arcsec
  Predicted: 1.7508 arcsec
  Error: 0.0004 arcsec (0.02%)
  Status: PASSED

Debug info:
  GR theoretical: 1.7508 arcsec
  PPN gamma: 1.000000
  g_rr at test radius: 1.000000424303
  Weak field factor: 4.244030e-07
  Error running LightDeflectionValidator: 'ValidationResult' object has no attribute 'get'
Traceback (most recent call last):
  File "/Users/p/dev/albert/physics_agent/theory_engine_core.py", line 1085, in run_all_validations
    performance_tracker.end_validator_timing(validator_name, theory.name, result)
  File "/Users/p/dev/albert/physics_agent/validations/validator_performance_tracker.py", line 118, in end_validator_timing
    'status': result.get('flags', {}).get('overall', 'UNKNOWN'),
              ^^^^^^^^^^
AttributeError: 'ValidationResult' object has no attribute 'get'


Calculating PPN parameters for Quantum Corrected (α=+0.00)...
  Warning: Unrealistic gamma=-2464550456539976501054788337664.000000, defaulting to measurement
  Semi-major axis: 100 - 1000 AU
  Weak field potential Φ/c²: 2.03e-41

Results:
  PPN γ (Cassini): 1.000021 ± 0.000023
  Predicted γ: 1.000000 (0.9σ)
  PPN β (LLR): 1.000000 ± 0.000030
  Predicted β: -2058291698584302177586939691008.000000 (68609723286143403085299290875101184.0σ)
  Combined loss: 20582916985843019542083981734313984.000
  Status: FAIL

Calculating photon sphere for Quantum Corrected (α=+0.00)...
  Schwarzschild radius: 1.485e-27 m
  Search range: 1.1 - 5.0 r_s

Results:
  Photon sphere radius: 1.257 r_s (expected: 1.500 r_s)
  Shadow diameter: 13.061 r_s (expected: 5.196 r_s)
  Orbit stability: Unstable (correct)
  Error: 151.36%
  Status: FAIL

Generating gravitational waveforms for Quantum Corrected (α=+0.00)...
  Warning: Theory has no GW modifications implemented

PSR J0740+6620 System Parameters:
  Pulsar mass: 2.08 M☉
  Companion mass: 0.253 M☉
  Orbital period: 4.7669 days
  Semi-major axis: 10998.4 × 10^6 m
  Inclination: 87.56°
  Timing RMS: 0.28 μs
  Validation tolerance: 3.0 μs

Theory Predictions:
  Analytic Shapiro delay: 17.461 μs
  Numeric time of flight: 18.657 μs
  ⚠️ Observational validations failed - skipping prediction validations
  Constraint validators using quantum Lagrangian
  Theory category: quantum
  Using tested quantum validator for quantum theory
  Adding tested classical observational validators...

Calculating COW phase shift for Quantum Corrected (α=+0.00)...
  Neutron wavelength: 2.2 Å
  Enclosed area: 0.3 cm²
  Neutron velocity: 1798.1 m/s

Results:
  Observed: 2.70 ± 0.21 radians
  Predicted: 2.70 radians
  Error: 0.00 radians (0.1%)
  Status: PASSED

Debug info:
  g_metric: -9.789171 m/s²
  g_newton: 9.819532 m/s²
  Metric gradient dg_tt/dr: -2.178275e-16
  Error running COWInterferometryValidator: 'ValidationResult' object has no attribute 'get'
Traceback (most recent call last):
  File "/Users/p/dev/albert/physics_agent/theory_engine_core.py", line 1085, in run_all_validations
    performance_tracker.end_validator_timing(validator_name, theory.name, result)
  File "/Users/p/dev/albert/physics_agent/validations/validator_performance_tracker.py", line 118, in end_validator_timing
    'status': result.get('flags', {}).get('overall', 'UNKNOWN'),
              ^^^^^^^^^^
AttributeError: 'ValidationResult' object has no attribute 'get'


Calculating Mercury precession for Quantum Corrected (α=+0.00)...
  Semi-major axis: 57.909 Gm
  Eccentricity: 0.2056
  Orbital period: 87.969 days

Results:
  Observed: 42.98 ± 0.04 arcsec/century
  Predicted: 42.99 arcsec/century
  Error: 0.009 arcsec/century (0.02%)
  Status: PASSED
  Error running MercuryPrecessionValidator: 'ValidationResult' object has no attribute 'get'
Traceback (most recent call last):
  File "/Users/p/dev/albert/physics_agent/theory_engine_core.py", line 1085, in run_all_validations
    performance_tracker.end_validator_timing(validator_name, theory.name, result)
  File "/Users/p/dev/albert/physics_agent/validations/validator_performance_tracker.py", line 118, in end_validator_timing
    'status': result.get('flags', {}).get('overall', 'UNKNOWN'),
              ^^^^^^^^^^
AttributeError: 'ValidationResult' object has no attribute 'get'


Calculating light deflection for Quantum Corrected (α=+0.00)...
  Solar mass: 1.989e+30 kg
  Solar radius: 696.0 Mm

Results:
  Observed: 1.7512 ± 0.0016 arcsec
  Predicted: 1.7508 arcsec
  Error: 0.0004 arcsec (0.02%)
  Status: PASSED

Debug info:
  GR theoretical: 1.7508 arcsec
  PPN gamma: 1.000000
  g_rr at test radius: 1.000000424303
  Weak field factor: 4.244030e-07
  Error running LightDeflectionValidator: 'ValidationResult' object has no attribute 'get'
Traceback (most recent call last):
  File "/Users/p/dev/albert/physics_agent/theory_engine_core.py", line 1085, in run_all_validations
    performance_tracker.end_validator_timing(validator_name, theory.name, result)
  File "/Users/p/dev/albert/physics_agent/validations/validator_performance_tracker.py", line 118, in end_validator_timing
    'status': result.get('flags', {}).get('overall', 'UNKNOWN'),
              ^^^^^^^^^^
AttributeError: 'ValidationResult' object has no attribute 'get'


Calculating PPN parameters for Quantum Corrected (α=+0.00)...
  Warning: Unrealistic gamma=-2464550456539976501054788337664.000000, defaulting to measurement
  Semi-major axis: 100 - 1000 AU
  Weak field potential Φ/c²: 2.03e-41

Results:
  PPN γ (Cassini): 1.000021 ± 0.000023
  Predicted γ: 1.000000 (0.9σ)
  PPN β (LLR): 1.000000 ± 0.000030
  Predicted β: -2058291698584302177586939691008.000000 (68609723286143403085299290875101184.0σ)
  Combined loss: 20582916985843019542083981734313984.000
  Status: FAIL

Calculating photon sphere for Quantum Corrected (α=+0.00)...
  Schwarzschild radius: 1.485e-27 m
  Search range: 1.1 - 5.0 r_s

Results:
  Photon sphere radius: 1.257 r_s (expected: 1.500 r_s)
  Shadow diameter: 13.061 r_s (expected: 5.196 r_s)
  Orbit stability: Unstable (correct)
  Error: 151.36%
  Status: FAIL

Generating gravitational waveforms for Quantum Corrected (α=+0.00)...
  Warning: Theory has no GW modifications implemented

PSR J0740+6620 System Parameters:
  Pulsar mass: 2.08 M☉
  Companion mass: 0.253 M☉
  Orbital period: 4.7669 days
  Semi-major axis: 10998.4 × 10^6 m
  Inclination: 87.56°
  Timing RMS: 0.28 μs
  Validation tolerance: 3.0 μs

Theory Predictions:
  Analytic Shapiro delay: 17.461 μs
  Numeric time of flight: 18.657 μs
  ⚠️ Observational validations failed - skipping prediction validations
  Generating trajectory comparison plot...
  WARNING: Trajectory has no radial motion! r_mean=30.000, r_std=0.000e+00
    Initial r=30.000, final r=30.000
    This suggests a problem with the geodesic solver or initial conditions
  DEBUG: Quantum uncertainty cloud - r range: [30.000, 30.000]
  DEBUG: Quantum uncertainty cloud - phi range: [0.000, 0.000]
  DEBUG: Quantum uncertainty cloud - t range: [0.000, 196.409]
  Trajectory appears stationary - showing quantum uncertainty at fixed position
