
--- Phase 1: Validating All Theories ---
============================================================

--- Evaluating 1 Theories ---
  Using preferred values for Quantum Corrected (Î±=+0.01): {'alpha': 0.01}

--- Validating: Quantum Corrected (Î±=+0.01) ---
  Running validation trajectory for Quantum Corrected (Î±=+0.01)...
  Constraint validators using quantum Lagrangian
  Theory category: quantum
  Using tested quantum validator for quantum theory
  Adding tested classical observational validators...

Calculating COW phase shift for Quantum Corrected (Î±=+0.01)...
  Neutron wavelength: 2.2 Ã…
  Enclosed area: 0.3 cmÂ²
  Neutron velocity: 1798.1 m/s

Results:
  Observed: 2.70 Â± 0.21 radians
  Predicted: 2.70 radians
  Error: 0.00 radians (0.1%)
  Status: PASSED

Debug info:
  g_metric: -9.789171 m/sÂ²
  g_newton: 9.819532 m/sÂ²
  Metric gradient dg_tt/dr: -2.178275e-16

Calculating Mercury precession for Quantum Corrected (Î±=+0.01)...
  Semi-major axis: 57.909 Gm
  Eccentricity: 0.2056
  Orbital period: 87.969 days

Results:
  Observed: 42.98 Â± 0.04 arcsec/century
  Predicted: 42.99 arcsec/century
  Error: 0.009 arcsec/century (0.02%)
  Status: PASSED

Calculating light deflection for Quantum Corrected (Î±=+0.01)...
  Solar mass: 1.989e+30 kg
  Solar radius: 696.0 Mm

Results:
  Observed: 1.7512 Â± 0.0016 arcsec
  Predicted: 1.7508 arcsec
  Error: 0.0004 arcsec (0.02%)
  Status: PASSED

Debug info:
  GR theoretical: 1.7508 arcsec
  PPN gamma: 1.000000
  g_rr at test radius: 1.000000424403
  Weak field factor: 4.244030e-07

Calculating PPN parameters for Quantum Corrected (Î±=+0.01)...
  Warning: Insufficient weak-field metric deviation detected (<1e-15)

Calculating photon sphere for Quantum Corrected (Î±=+0.01)...
  Schwarzschild radius: 1.485e-27 m
  Search range: 1.1 - 5.0 r_s

Results:
  Photon sphere radius: 1.512 r_s (expected: 1.500 r_s)
  Shadow diameter: 5.197 r_s (expected: 5.196 r_s)
  Orbit stability: Unstable (correct)
  Error: 0.01%
  Status: PASS

Generating gravitational waveforms for Quantum Corrected (Î±=+0.01)...
  Warning: Theory has no GW modifications implemented

PSR J0740+6620 System Parameters:
  Pulsar mass: 2.08 Mâ˜‰
  Companion mass: 0.253 Mâ˜‰
  Orbital period: 4.7669 days
  Semi-major axis: 10998.4 Ã— 10^6 m
  Inclination: 87.56Â°
  Timing RMS: 0.28 Î¼s
  Validation tolerance: 3.0 Î¼s

Theory Predictions:
  Analytic Shapiro delay: 17.461 Î¼s
  Numeric time of flight: 18.657 Î¼s
  âš ï¸ Observational validations failed - skipping prediction validations
  Constraint tests: PASSED
  Observation tests: FAILED
  Overall validation: PASSED

============================================================
Validation Summary:
  Total theories validated: 1
  Passed: 1
  Failed: 0
============================================================

Theories that passed validation:
  âœ“ Quantum Corrected (Î±=+0.01)

--- Phase 2: Running Full Trajectories for Validated Theories ---
============================================================

--- Running Full Trajectory: Quantum Corrected (Î±=+0.01) ---

--- Evaluating: Quantum Corrected (Î±=+0.01) ---

--- Evaluating: Quantum Corrected (Î±=+0.01) ---
  Results will be saved to: runs/run_20250728_144308_float64/Quantum_Corrected_Î±_+0_01
  Running pre-flight checks for Quantum Corrected (Î±=+0.01)...
  Constraint validators using quantum Lagrangian
  Theory category: quantum
  Using tested quantum validator for quantum theory
  Adding tested classical observational validators...

Calculating COW phase shift for Quantum Corrected (Î±=+0.01)...
  Neutron wavelength: 2.2 Ã…
  Enclosed area: 0.3 cmÂ²
  Neutron velocity: 1798.1 m/s

Results:
  Observed: 2.70 Â± 0.21 radians
  Predicted: 2.70 radians
  Error: 0.00 radians (0.1%)
  Status: PASSED

Debug info:
  g_metric: -9.789171 m/sÂ²
  g_newton: 9.819532 m/sÂ²
  Metric gradient dg_tt/dr: -2.178275e-16

Calculating Mercury precession for Quantum Corrected (Î±=+0.01)...
  Semi-major axis: 57.909 Gm
  Eccentricity: 0.2056
  Orbital period: 87.969 days

Results:
  Observed: 42.98 Â± 0.04 arcsec/century
  Predicted: 42.99 arcsec/century
  Error: 0.009 arcsec/century (0.02%)
  Status: PASSED

Calculating light deflection for Quantum Corrected (Î±=+0.01)...
  Solar mass: 1.989e+30 kg
  Solar radius: 696.0 Mm

Results:
  Observed: 1.7512 Â± 0.0016 arcsec
  Predicted: 1.7508 arcsec
  Error: 0.0004 arcsec (0.02%)
  Status: PASSED

Debug info:
  GR theoretical: 1.7508 arcsec
  PPN gamma: 1.000000
  g_rr at test radius: 1.000000424403
  Weak field factor: 4.244030e-07

Calculating PPN parameters for Quantum Corrected (Î±=+0.01)...
  Warning: Insufficient weak-field metric deviation detected (<1e-15)

Calculating photon sphere for Quantum Corrected (Î±=+0.01)...
  Schwarzschild radius: 1.485e-27 m
  Search range: 1.1 - 5.0 r_s

Results:
  Photon sphere radius: 1.512 r_s (expected: 1.500 r_s)
  Shadow diameter: 5.197 r_s (expected: 5.196 r_s)
  Orbit stability: Unstable (correct)
  Error: 0.01%
  Status: PASS

Generating gravitational waveforms for Quantum Corrected (Î±=+0.01)...
  Warning: Theory has no GW modifications implemented

PSR J0740+6620 System Parameters:
  Pulsar mass: 2.08 Mâ˜‰
  Companion mass: 0.253 Mâ˜‰
  Orbital period: 4.7669 days
  Semi-major axis: 10998.4 Ã— 10^6 m
  Inclination: 87.56Â°
  Timing RMS: 0.28 Î¼s
  Validation tolerance: 3.0 Î¼s

Theory Predictions:
  Analytic Shapiro delay: 17.461 Î¼s
  Numeric time of flight: 18.657 Î¼s
  âš ï¸ Observational validations failed - skipping prediction validations
  Running trajectory simulation for Quantum Corrected (Î±=+0.01)...
  Constraint validators using quantum Lagrangian
  Theory category: quantum
  Using tested quantum validator for quantum theory
  Adding tested classical observational validators...

Calculating COW phase shift for Quantum Corrected (Î±=+0.01)...
  Neutron wavelength: 2.2 Ã…
  Enclosed area: 0.3 cmÂ²
  Neutron velocity: 1798.1 m/s

Results:
  Observed: 2.70 Â± 0.21 radians
  Predicted: 2.70 radians
  Error: 0.00 radians (0.1%)
  Status: PASSED

Debug info:
  g_metric: -9.789171 m/sÂ²
  g_newton: 9.819532 m/sÂ²
  Metric gradient dg_tt/dr: -2.178275e-16
  Error running COWInterferometryValidator: [Errno 2] No such file or directory: '/Users/p/dev/albert/physics_agent/cache/validator_performance/performance_history.json'
Traceback (most recent call last):
  File "/Users/p/dev/albert/physics_agent/theory_engine_core.py", line 1309, in run_all_validations
    performance_tracker.end_validator_timing(validator_name, theory.name, result_dict)
  File "/Users/p/dev/albert/physics_agent/validations/validator_performance_tracker.py", line 140, in end_validator_timing
    self._save_historical_metrics()
  File "/Users/p/dev/albert/physics_agent/validations/validator_performance_tracker.py", line 88, in _save_historical_metrics
    with open(history_file, 'w') as f:
         ^^^^^^^^^^^^^^^^^^^^^^^
FileNotFoundError: [Errno 2] No such file or directory: '/Users/p/dev/albert/physics_agent/cache/validator_performance/performance_history.json'


Calculating Mercury precession for Quantum Corrected (Î±=+0.01)...
  Semi-major axis: 57.909 Gm
  Eccentricity: 0.2056
  Orbital period: 87.969 days

Results:
  Observed: 42.98 Â± 0.04 arcsec/century
  Predicted: 42.99 arcsec/century
  Error: 0.009 arcsec/century (0.02%)
  Status: PASSED
  Error running MercuryPrecessionValidator: [Errno 2] No such file or directory: '/Users/p/dev/albert/physics_agent/cache/validator_performance/performance_history.json'
Traceback (most recent call last):
  File "/Users/p/dev/albert/physics_agent/theory_engine_core.py", line 1309, in run_all_validations
    performance_tracker.end_validator_timing(validator_name, theory.name, result_dict)
  File "/Users/p/dev/albert/physics_agent/validations/validator_performance_tracker.py", line 140, in end_validator_timing
    self._save_historical_metrics()
  File "/Users/p/dev/albert/physics_agent/validations/validator_performance_tracker.py", line 88, in _save_historical_metrics
    with open(history_file, 'w') as f:
         ^^^^^^^^^^^^^^^^^^^^^^^
FileNotFoundError: [Errno 2] No such file or directory: '/Users/p/dev/albert/physics_agent/cache/validator_performance/performance_history.json'


Calculating light deflection for Quantum Corrected (Î±=+0.01)...
  Solar mass: 1.989e+30 kg
  Solar radius: 696.0 Mm

Results:
  Observed: 1.7512 Â± 0.0016 arcsec
  Predicted: 1.7508 arcsec
  Error: 0.0004 arcsec (0.02%)
  Status: PASSED

Debug info:
  GR theoretical: 1.7508 arcsec
  PPN gamma: 1.000000
  g_rr at test radius: 1.000000424403
  Weak field factor: 4.244030e-07
  Error running LightDeflectionValidator: [Errno 2] No such file or directory: '/Users/p/dev/albert/physics_agent/cache/validator_performance/performance_history.json'
Traceback (most recent call last):
  File "/Users/p/dev/albert/physics_agent/theory_engine_core.py", line 1309, in run_all_validations
    performance_tracker.end_validator_timing(validator_name, theory.name, result_dict)
  File "/Users/p/dev/albert/physics_agent/validations/validator_performance_tracker.py", line 140, in end_validator_timing
    self._save_historical_metrics()
  File "/Users/p/dev/albert/physics_agent/validations/validator_performance_tracker.py", line 88, in _save_historical_metrics
    with open(history_file, 'w') as f:
         ^^^^^^^^^^^^^^^^^^^^^^^
FileNotFoundError: [Errno 2] No such file or directory: '/Users/p/dev/albert/physics_agent/cache/validator_performance/performance_history.json'


Calculating PPN parameters for Quantum Corrected (Î±=+0.01)...
  Warning: Insufficient weak-field metric deviation detected (<1e-15)
  Error running PPN Parameter Validator: [Errno 2] No such file or directory: '/Users/p/dev/albert/physics_agent/cache/validator_performance/performance_history.json'
Traceback (most recent call last):
  File "/Users/p/dev/albert/physics_agent/theory_engine_core.py", line 1309, in run_all_validations
    performance_tracker.end_validator_timing(validator_name, theory.name, result_dict)
  File "/Users/p/dev/albert/physics_agent/validations/validator_performance_tracker.py", line 140, in end_validator_timing
    self._save_historical_metrics()
  File "/Users/p/dev/albert/physics_agent/validations/validator_performance_tracker.py", line 88, in _save_historical_metrics
    with open(history_file, 'w') as f:
         ^^^^^^^^^^^^^^^^^^^^^^^
FileNotFoundError: [Errno 2] No such file or directory: '/Users/p/dev/albert/physics_agent/cache/validator_performance/performance_history.json'


Calculating photon sphere for Quantum Corrected (Î±=+0.01)...
  Schwarzschild radius: 1.485e-27 m
  Search range: 1.1 - 5.0 r_s

Results:
  Photon sphere radius: 1.512 r_s (expected: 1.500 r_s)
  Shadow diameter: 5.197 r_s (expected: 5.196 r_s)
  Orbit stability: Unstable (correct)
  Error: 0.01%
  Status: PASS
  Error running Photon Sphere Validator: [Errno 2] No such file or directory: '/Users/p/dev/albert/physics_agent/cache/validator_performance/performance_history.json'
Traceback (most recent call last):
  File "/Users/p/dev/albert/physics_agent/theory_engine_core.py", line 1309, in run_all_validations
    performance_tracker.end_validator_timing(validator_name, theory.name, result_dict)
  File "/Users/p/dev/albert/physics_agent/validations/validator_performance_tracker.py", line 140, in end_validator_timing
    self._save_historical_metrics()
  File "/Users/p/dev/albert/physics_agent/validations/validator_performance_tracker.py", line 88, in _save_historical_metrics
    with open(history_file, 'w') as f:
         ^^^^^^^^^^^^^^^^^^^^^^^
FileNotFoundError: [Errno 2] No such file or directory: '/Users/p/dev/albert/physics_agent/cache/validator_performance/performance_history.json'


Generating gravitational waveforms for Quantum Corrected (Î±=+0.01)...
  Warning: Theory has no GW modifications implemented
  Error running Gravitational Wave Validator: [Errno 2] No such file or directory: '/Users/p/dev/albert/physics_agent/cache/validator_performance/performance_history.json'
Traceback (most recent call last):
  File "/Users/p/dev/albert/physics_agent/theory_engine_core.py", line 1309, in run_all_validations
    performance_tracker.end_validator_timing(validator_name, theory.name, result_dict)
  File "/Users/p/dev/albert/physics_agent/validations/validator_performance_tracker.py", line 140, in end_validator_timing
    self._save_historical_metrics()
  File "/Users/p/dev/albert/physics_agent/validations/validator_performance_tracker.py", line 88, in _save_historical_metrics
    with open(history_file, 'w') as f:
         ^^^^^^^^^^^^^^^^^^^^^^^
FileNotFoundError: [Errno 2] No such file or directory: '/Users/p/dev/albert/physics_agent/cache/validator_performance/performance_history.json'


PSR J0740+6620 System Parameters:
  Pulsar mass: 2.08 Mâ˜‰
  Companion mass: 0.253 Mâ˜‰
  Orbital period: 4.7669 days
  Semi-major axis: 10998.4 Ã— 10^6 m
  Inclination: 87.56Â°
  Timing RMS: 0.28 Î¼s
  Validation tolerance: 3.0 Î¼s

Theory Predictions:
  Analytic Shapiro delay: 17.461 Î¼s
  Numeric time of flight: 18.657 Î¼s
  Error running PSR J0740 Shapiro Delay Validator: [Errno 2] No such file or directory: '/Users/p/dev/albert/physics_agent/cache/validator_performance/performance_history.json'
Traceback (most recent call last):
  File "/Users/p/dev/albert/physics_agent/theory_engine_core.py", line 1309, in run_all_validations
    performance_tracker.end_validator_timing(validator_name, theory.name, result_dict)
  File "/Users/p/dev/albert/physics_agent/validations/validator_performance_tracker.py", line 140, in end_validator_timing
    self._save_historical_metrics()
  File "/Users/p/dev/albert/physics_agent/validations/validator_performance_tracker.py", line 88, in _save_historical_metrics
    with open(history_file, 'w') as f:
         ^^^^^^^^^^^^^^^^^^^^^^^
FileNotFoundError: [Errno 2] No such file or directory: '/Users/p/dev/albert/physics_agent/cache/validator_performance/performance_history.json'

  âš ï¸ Observational validations failed - skipping prediction validations
  Constraint validators using quantum Lagrangian
  Theory category: quantum
  Using tested quantum validator for quantum theory
  Adding tested classical observational validators...

Calculating COW phase shift for Quantum Corrected (Î±=+0.01)...
  Neutron wavelength: 2.2 Ã…
  Enclosed area: 0.3 cmÂ²
  Neutron velocity: 1798.1 m/s

Results:
  Observed: 2.70 Â± 0.21 radians
  Predicted: 2.70 radians
  Error: 0.00 radians (0.1%)
  Status: PASSED

Debug info:
  g_metric: -9.789171 m/sÂ²
  g_newton: 9.819532 m/sÂ²
  Metric gradient dg_tt/dr: -2.178275e-16
  Error running COWInterferometryValidator: [Errno 2] No such file or directory: '/Users/p/dev/albert/physics_agent/cache/validator_performance/performance_history.json'
Traceback (most recent call last):
  File "/Users/p/dev/albert/physics_agent/theory_engine_core.py", line 1309, in run_all_validations
    performance_tracker.end_validator_timing(validator_name, theory.name, result_dict)
  File "/Users/p/dev/albert/physics_agent/validations/validator_performance_tracker.py", line 140, in end_validator_timing
    self._save_historical_metrics()
  File "/Users/p/dev/albert/physics_agent/validations/validator_performance_tracker.py", line 88, in _save_historical_metrics
    with open(history_file, 'w') as f:
         ^^^^^^^^^^^^^^^^^^^^^^^
FileNotFoundError: [Errno 2] No such file or directory: '/Users/p/dev/albert/physics_agent/cache/validator_performance/performance_history.json'


Calculating Mercury precession for Quantum Corrected (Î±=+0.01)...
  Semi-major axis: 57.909 Gm
  Eccentricity: 0.2056
  Orbital period: 87.969 days

Results:
  Observed: 42.98 Â± 0.04 arcsec/century
  Predicted: 42.99 arcsec/century
  Error: 0.009 arcsec/century (0.02%)
  Status: PASSED
  Error running MercuryPrecessionValidator: [Errno 2] No such file or directory: '/Users/p/dev/albert/physics_agent/cache/validator_performance/performance_history.json'
Traceback (most recent call last):
  File "/Users/p/dev/albert/physics_agent/theory_engine_core.py", line 1309, in run_all_validations
    performance_tracker.end_validator_timing(validator_name, theory.name, result_dict)
  File "/Users/p/dev/albert/physics_agent/validations/validator_performance_tracker.py", line 140, in end_validator_timing
    self._save_historical_metrics()
  File "/Users/p/dev/albert/physics_agent/validations/validator_performance_tracker.py", line 88, in _save_historical_metrics
    with open(history_file, 'w') as f:
         ^^^^^^^^^^^^^^^^^^^^^^^
FileNotFoundError: [Errno 2] No such file or directory: '/Users/p/dev/albert/physics_agent/cache/validator_performance/performance_history.json'


Calculating light deflection for Quantum Corrected (Î±=+0.01)...
  Solar mass: 1.989e+30 kg
  Solar radius: 696.0 Mm

Results:
  Observed: 1.7512 Â± 0.0016 arcsec
  Predicted: 1.7508 arcsec
  Error: 0.0004 arcsec (0.02%)
  Status: PASSED

Debug info:
  GR theoretical: 1.7508 arcsec
  PPN gamma: 1.000000
  g_rr at test radius: 1.000000424403
  Weak field factor: 4.244030e-07
  Error running LightDeflectionValidator: [Errno 2] No such file or directory: '/Users/p/dev/albert/physics_agent/cache/validator_performance/performance_history.json'
Traceback (most recent call last):
  File "/Users/p/dev/albert/physics_agent/theory_engine_core.py", line 1309, in run_all_validations
    performance_tracker.end_validator_timing(validator_name, theory.name, result_dict)
  File "/Users/p/dev/albert/physics_agent/validations/validator_performance_tracker.py", line 140, in end_validator_timing
    self._save_historical_metrics()
  File "/Users/p/dev/albert/physics_agent/validations/validator_performance_tracker.py", line 88, in _save_historical_metrics
    with open(history_file, 'w') as f:
         ^^^^^^^^^^^^^^^^^^^^^^^
FileNotFoundError: [Errno 2] No such file or directory: '/Users/p/dev/albert/physics_agent/cache/validator_performance/performance_history.json'


Calculating PPN parameters for Quantum Corrected (Î±=+0.01)...
  Warning: Insufficient weak-field metric deviation detected (<1e-15)
  Error running PPN Parameter Validator: [Errno 2] No such file or directory: '/Users/p/dev/albert/physics_agent/cache/validator_performance/performance_history.json'
Traceback (most recent call last):
  File "/Users/p/dev/albert/physics_agent/theory_engine_core.py", line 1309, in run_all_validations
    performance_tracker.end_validator_timing(validator_name, theory.name, result_dict)
  File "/Users/p/dev/albert/physics_agent/validations/validator_performance_tracker.py", line 140, in end_validator_timing
    self._save_historical_metrics()
  File "/Users/p/dev/albert/physics_agent/validations/validator_performance_tracker.py", line 88, in _save_historical_metrics
    with open(history_file, 'w') as f:
         ^^^^^^^^^^^^^^^^^^^^^^^
FileNotFoundError: [Errno 2] No such file or directory: '/Users/p/dev/albert/physics_agent/cache/validator_performance/performance_history.json'


Calculating photon sphere for Quantum Corrected (Î±=+0.01)...
  Schwarzschild radius: 1.485e-27 m
  Search range: 1.1 - 5.0 r_s

Results:
  Photon sphere radius: 1.512 r_s (expected: 1.500 r_s)
  Shadow diameter: 5.197 r_s (expected: 5.196 r_s)
  Orbit stability: Unstable (correct)
  Error: 0.01%
  Status: PASS
  Error running Photon Sphere Validator: [Errno 2] No such file or directory: '/Users/p/dev/albert/physics_agent/cache/validator_performance/performance_history.json'
Traceback (most recent call last):
  File "/Users/p/dev/albert/physics_agent/theory_engine_core.py", line 1309, in run_all_validations
    performance_tracker.end_validator_timing(validator_name, theory.name, result_dict)
  File "/Users/p/dev/albert/physics_agent/validations/validator_performance_tracker.py", line 140, in end_validator_timing
    self._save_historical_metrics()
  File "/Users/p/dev/albert/physics_agent/validations/validator_performance_tracker.py", line 88, in _save_historical_metrics
    with open(history_file, 'w') as f:
         ^^^^^^^^^^^^^^^^^^^^^^^
FileNotFoundError: [Errno 2] No such file or directory: '/Users/p/dev/albert/physics_agent/cache/validator_performance/performance_history.json'


Generating gravitational waveforms for Quantum Corrected (Î±=+0.01)...
  Warning: Theory has no GW modifications implemented
  Error running Gravitational Wave Validator: [Errno 2] No such file or directory: '/Users/p/dev/albert/physics_agent/cache/validator_performance/performance_history.json'
Traceback (most recent call last):
  File "/Users/p/dev/albert/physics_agent/theory_engine_core.py", line 1309, in run_all_validations
    performance_tracker.end_validator_timing(validator_name, theory.name, result_dict)
  File "/Users/p/dev/albert/physics_agent/validations/validator_performance_tracker.py", line 140, in end_validator_timing
    self._save_historical_metrics()
  File "/Users/p/dev/albert/physics_agent/validations/validator_performance_tracker.py", line 88, in _save_historical_metrics
    with open(history_file, 'w') as f:
         ^^^^^^^^^^^^^^^^^^^^^^^
FileNotFoundError: [Errno 2] No such file or directory: '/Users/p/dev/albert/physics_agent/cache/validator_performance/performance_history.json'


PSR J0740+6620 System Parameters:
  Pulsar mass: 2.08 Mâ˜‰
  Companion mass: 0.253 Mâ˜‰
  Orbital period: 4.7669 days
  Semi-major axis: 10998.4 Ã— 10^6 m
  Inclination: 87.56Â°
  Timing RMS: 0.28 Î¼s
  Validation tolerance: 3.0 Î¼s

Theory Predictions:
  Analytic Shapiro delay: 17.461 Î¼s
  Numeric time of flight: 18.657 Î¼s
  Error running PSR J0740 Shapiro Delay Validator: [Errno 2] No such file or directory: '/Users/p/dev/albert/physics_agent/cache/validator_performance/performance_history.json'
Traceback (most recent call last):
  File "/Users/p/dev/albert/physics_agent/theory_engine_core.py", line 1309, in run_all_validations
    performance_tracker.end_validator_timing(validator_name, theory.name, result_dict)
  File "/Users/p/dev/albert/physics_agent/validations/validator_performance_tracker.py", line 140, in end_validator_timing
    self._save_historical_metrics()
  File "/Users/p/dev/albert/physics_agent/validations/validator_performance_tracker.py", line 88, in _save_historical_metrics
    with open(history_file, 'w') as f:
         ^^^^^^^^^^^^^^^^^^^^^^^
FileNotFoundError: [Errno 2] No such file or directory: '/Users/p/dev/albert/physics_agent/cache/validator_performance/performance_history.json'

  âš ï¸ Observational validations failed - skipping prediction validations
  Constraint validators using quantum Lagrangian
  Theory category: quantum
  Using tested quantum validator for quantum theory
  Adding tested classical observational validators...

Calculating COW phase shift for Quantum Corrected (Î±=+0.01)...
  Neutron wavelength: 2.2 Ã…
  Enclosed area: 0.3 cmÂ²
  Neutron velocity: 1798.1 m/s

Results:
  Observed: 2.70 Â± 0.21 radians
  Predicted: 2.70 radians
  Error: 0.00 radians (0.1%)
  Status: PASSED

Debug info:
  g_metric: -9.789171 m/sÂ²
  g_newton: 9.819532 m/sÂ²
  Metric gradient dg_tt/dr: -2.178275e-16
  Error running COWInterferometryValidator: [Errno 2] No such file or directory: '/Users/p/dev/albert/physics_agent/cache/validator_performance/performance_history.json'
Traceback (most recent call last):
  File "/Users/p/dev/albert/physics_agent/theory_engine_core.py", line 1309, in run_all_validations
    performance_tracker.end_validator_timing(validator_name, theory.name, result_dict)
  File "/Users/p/dev/albert/physics_agent/validations/validator_performance_tracker.py", line 140, in end_validator_timing
    self._save_historical_metrics()
  File "/Users/p/dev/albert/physics_agent/validations/validator_performance_tracker.py", line 88, in _save_historical_metrics
    with open(history_file, 'w') as f:
         ^^^^^^^^^^^^^^^^^^^^^^^
FileNotFoundError: [Errno 2] No such file or directory: '/Users/p/dev/albert/physics_agent/cache/validator_performance/performance_history.json'


Calculating Mercury precession for Quantum Corrected (Î±=+0.01)...
  Semi-major axis: 57.909 Gm
  Eccentricity: 0.2056
  Orbital period: 87.969 days

Results:
  Observed: 42.98 Â± 0.04 arcsec/century
  Predicted: 42.99 arcsec/century
  Error: 0.009 arcsec/century (0.02%)
  Status: PASSED
  Error running MercuryPrecessionValidator: [Errno 2] No such file or directory: '/Users/p/dev/albert/physics_agent/cache/validator_performance/performance_history.json'
Traceback (most recent call last):
  File "/Users/p/dev/albert/physics_agent/theory_engine_core.py", line 1309, in run_all_validations
    performance_tracker.end_validator_timing(validator_name, theory.name, result_dict)
  File "/Users/p/dev/albert/physics_agent/validations/validator_performance_tracker.py", line 140, in end_validator_timing
    self._save_historical_metrics()
  File "/Users/p/dev/albert/physics_agent/validations/validator_performance_tracker.py", line 88, in _save_historical_metrics
    with open(history_file, 'w') as f:
         ^^^^^^^^^^^^^^^^^^^^^^^
FileNotFoundError: [Errno 2] No such file or directory: '/Users/p/dev/albert/physics_agent/cache/validator_performance/performance_history.json'


Calculating light deflection for Quantum Corrected (Î±=+0.01)...
  Solar mass: 1.989e+30 kg
  Solar radius: 696.0 Mm

Results:
  Observed: 1.7512 Â± 0.0016 arcsec
  Predicted: 1.7508 arcsec
  Error: 0.0004 arcsec (0.02%)
  Status: PASSED

Debug info:
  GR theoretical: 1.7508 arcsec
  PPN gamma: 1.000000
  g_rr at test radius: 1.000000424403
  Weak field factor: 4.244030e-07
  Error running LightDeflectionValidator: [Errno 2] No such file or directory: '/Users/p/dev/albert/physics_agent/cache/validator_performance/performance_history.json'
Traceback (most recent call last):
  File "/Users/p/dev/albert/physics_agent/theory_engine_core.py", line 1309, in run_all_validations
    performance_tracker.end_validator_timing(validator_name, theory.name, result_dict)
  File "/Users/p/dev/albert/physics_agent/validations/validator_performance_tracker.py", line 140, in end_validator_timing
    self._save_historical_metrics()
  File "/Users/p/dev/albert/physics_agent/validations/validator_performance_tracker.py", line 88, in _save_historical_metrics
    with open(history_file, 'w') as f:
         ^^^^^^^^^^^^^^^^^^^^^^^
FileNotFoundError: [Errno 2] No such file or directory: '/Users/p/dev/albert/physics_agent/cache/validator_performance/performance_history.json'


Calculating PPN parameters for Quantum Corrected (Î±=+0.01)...
  Warning: Insufficient weak-field metric deviation detected (<1e-15)
  Error running PPN Parameter Validator: [Errno 2] No such file or directory: '/Users/p/dev/albert/physics_agent/cache/validator_performance/performance_history.json'
Traceback (most recent call last):
  File "/Users/p/dev/albert/physics_agent/theory_engine_core.py", line 1309, in run_all_validations
    performance_tracker.end_validator_timing(validator_name, theory.name, result_dict)
  File "/Users/p/dev/albert/physics_agent/validations/validator_performance_tracker.py", line 140, in end_validator_timing
    self._save_historical_metrics()
  File "/Users/p/dev/albert/physics_agent/validations/validator_performance_tracker.py", line 88, in _save_historical_metrics
    with open(history_file, 'w') as f:
         ^^^^^^^^^^^^^^^^^^^^^^^
FileNotFoundError: [Errno 2] No such file or directory: '/Users/p/dev/albert/physics_agent/cache/validator_performance/performance_history.json'


Calculating photon sphere for Quantum Corrected (Î±=+0.01)...
  Schwarzschild radius: 1.485e-27 m
  Search range: 1.1 - 5.0 r_s

Results:
  Photon sphere radius: 1.512 r_s (expected: 1.500 r_s)
  Shadow diameter: 5.197 r_s (expected: 5.196 r_s)
  Orbit stability: Unstable (correct)
  Error: 0.01%
  Status: PASS
  Error running Photon Sphere Validator: [Errno 2] No such file or directory: '/Users/p/dev/albert/physics_agent/cache/validator_performance/performance_history.json'
Traceback (most recent call last):
  File "/Users/p/dev/albert/physics_agent/theory_engine_core.py", line 1309, in run_all_validations
    performance_tracker.end_validator_timing(validator_name, theory.name, result_dict)
  File "/Users/p/dev/albert/physics_agent/validations/validator_performance_tracker.py", line 140, in end_validator_timing
    self._save_historical_metrics()
  File "/Users/p/dev/albert/physics_agent/validations/validator_performance_tracker.py", line 88, in _save_historical_metrics
    with open(history_file, 'w') as f:
         ^^^^^^^^^^^^^^^^^^^^^^^
FileNotFoundError: [Errno 2] No such file or directory: '/Users/p/dev/albert/physics_agent/cache/validator_performance/performance_history.json'


Generating gravitational waveforms for Quantum Corrected (Î±=+0.01)...
  Warning: Theory has no GW modifications implemented
  Error running Gravitational Wave Validator: [Errno 2] No such file or directory: '/Users/p/dev/albert/physics_agent/cache/validator_performance/performance_history.json'
Traceback (most recent call last):
  File "/Users/p/dev/albert/physics_agent/theory_engine_core.py", line 1309, in run_all_validations
    performance_tracker.end_validator_timing(validator_name, theory.name, result_dict)
  File "/Users/p/dev/albert/physics_agent/validations/validator_performance_tracker.py", line 140, in end_validator_timing
    self._save_historical_metrics()
  File "/Users/p/dev/albert/physics_agent/validations/validator_performance_tracker.py", line 88, in _save_historical_metrics
    with open(history_file, 'w') as f:
         ^^^^^^^^^^^^^^^^^^^^^^^
FileNotFoundError: [Errno 2] No such file or directory: '/Users/p/dev/albert/physics_agent/cache/validator_performance/performance_history.json'


PSR J0740+6620 System Parameters:
  Pulsar mass: 2.08 Mâ˜‰
  Companion mass: 0.253 Mâ˜‰
  Orbital period: 4.7669 days
  Semi-major axis: 10998.4 Ã— 10^6 m
  Inclination: 87.56Â°
  Timing RMS: 0.28 Î¼s
  Validation tolerance: 3.0 Î¼s

Theory Predictions:
  Analytic Shapiro delay: 17.461 Î¼s
  Numeric time of flight: 18.657 Î¼s
  Error running PSR J0740 Shapiro Delay Validator: [Errno 2] No such file or directory: '/Users/p/dev/albert/physics_agent/cache/validator_performance/performance_history.json'
Traceback (most recent call last):
  File "/Users/p/dev/albert/physics_agent/theory_engine_core.py", line 1309, in run_all_validations
    performance_tracker.end_validator_timing(validator_name, theory.name, result_dict)
  File "/Users/p/dev/albert/physics_agent/validations/validator_performance_tracker.py", line 140, in end_validator_timing
    self._save_historical_metrics()
  File "/Users/p/dev/albert/physics_agent/validations/validator_performance_tracker.py", line 88, in _save_historical_metrics
    with open(history_file, 'w') as f:
         ^^^^^^^^^^^^^^^^^^^^^^^
FileNotFoundError: [Errno 2] No such file or directory: '/Users/p/dev/albert/physics_agent/cache/validator_performance/performance_history.json'

  âš ï¸ Observational validations failed - skipping prediction validations
  Constraint validators using quantum Lagrangian
  Theory category: quantum
  Using tested quantum validator for quantum theory
  Adding tested classical observational validators...

Calculating COW phase shift for Quantum Corrected (Î±=+0.01)...
  Neutron wavelength: 2.2 Ã…
  Enclosed area: 0.3 cmÂ²
  Neutron velocity: 1798.1 m/s

Results:
  Observed: 2.70 Â± 0.21 radians
  Predicted: 2.70 radians
  Error: 0.00 radians (0.1%)
  Status: PASSED

Debug info:
  g_metric: -9.789171 m/sÂ²
  g_newton: 9.819532 m/sÂ²
  Metric gradient dg_tt/dr: -2.178275e-16
  Error running COWInterferometryValidator: [Errno 2] No such file or directory: '/Users/p/dev/albert/physics_agent/cache/validator_performance/performance_history.json'
Traceback (most recent call last):
  File "/Users/p/dev/albert/physics_agent/theory_engine_core.py", line 1309, in run_all_validations
    performance_tracker.end_validator_timing(validator_name, theory.name, result_dict)
  File "/Users/p/dev/albert/physics_agent/validations/validator_performance_tracker.py", line 140, in end_validator_timing
    self._save_historical_metrics()
  File "/Users/p/dev/albert/physics_agent/validations/validator_performance_tracker.py", line 88, in _save_historical_metrics
    with open(history_file, 'w') as f:
         ^^^^^^^^^^^^^^^^^^^^^^^
FileNotFoundError: [Errno 2] No such file or directory: '/Users/p/dev/albert/physics_agent/cache/validator_performance/performance_history.json'


Calculating Mercury precession for Quantum Corrected (Î±=+0.01)...
  Semi-major axis: 57.909 Gm
  Eccentricity: 0.2056
  Orbital period: 87.969 days

Results:
  Observed: 42.98 Â± 0.04 arcsec/century
  Predicted: 42.99 arcsec/century
  Error: 0.009 arcsec/century (0.02%)
  Status: PASSED
  Error running MercuryPrecessionValidator: [Errno 2] No such file or directory: '/Users/p/dev/albert/physics_agent/cache/validator_performance/performance_history.json'
Traceback (most recent call last):
  File "/Users/p/dev/albert/physics_agent/theory_engine_core.py", line 1309, in run_all_validations
    performance_tracker.end_validator_timing(validator_name, theory.name, result_dict)
  File "/Users/p/dev/albert/physics_agent/validations/validator_performance_tracker.py", line 140, in end_validator_timing
    self._save_historical_metrics()
  File "/Users/p/dev/albert/physics_agent/validations/validator_performance_tracker.py", line 88, in _save_historical_metrics
    with open(history_file, 'w') as f:
         ^^^^^^^^^^^^^^^^^^^^^^^
FileNotFoundError: [Errno 2] No such file or directory: '/Users/p/dev/albert/physics_agent/cache/validator_performance/performance_history.json'


Calculating light deflection for Quantum Corrected (Î±=+0.01)...
  Solar mass: 1.989e+30 kg
  Solar radius: 696.0 Mm

Results:
  Observed: 1.7512 Â± 0.0016 arcsec
  Predicted: 1.7508 arcsec
  Error: 0.0004 arcsec (0.02%)
  Status: PASSED

Debug info:
  GR theoretical: 1.7508 arcsec
  PPN gamma: 1.000000
  g_rr at test radius: 1.000000424403
  Weak field factor: 4.244030e-07
  Error running LightDeflectionValidator: [Errno 2] No such file or directory: '/Users/p/dev/albert/physics_agent/cache/validator_performance/performance_history.json'
Traceback (most recent call last):
  File "/Users/p/dev/albert/physics_agent/theory_engine_core.py", line 1309, in run_all_validations
    performance_tracker.end_validator_timing(validator_name, theory.name, result_dict)
  File "/Users/p/dev/albert/physics_agent/validations/validator_performance_tracker.py", line 140, in end_validator_timing
    self._save_historical_metrics()
  File "/Users/p/dev/albert/physics_agent/validations/validator_performance_tracker.py", line 88, in _save_historical_metrics
    with open(history_file, 'w') as f:
         ^^^^^^^^^^^^^^^^^^^^^^^
FileNotFoundError: [Errno 2] No such file or directory: '/Users/p/dev/albert/physics_agent/cache/validator_performance/performance_history.json'


Calculating PPN parameters for Quantum Corrected (Î±=+0.01)...
  Warning: Insufficient weak-field metric deviation detected (<1e-15)
  Error running PPN Parameter Validator: [Errno 2] No such file or directory: '/Users/p/dev/albert/physics_agent/cache/validator_performance/performance_history.json'
Traceback (most recent call last):
  File "/Users/p/dev/albert/physics_agent/theory_engine_core.py", line 1309, in run_all_validations
    performance_tracker.end_validator_timing(validator_name, theory.name, result_dict)
  File "/Users/p/dev/albert/physics_agent/validations/validator_performance_tracker.py", line 140, in end_validator_timing
    self._save_historical_metrics()
  File "/Users/p/dev/albert/physics_agent/validations/validator_performance_tracker.py", line 88, in _save_historical_metrics
    with open(history_file, 'w') as f:
         ^^^^^^^^^^^^^^^^^^^^^^^
FileNotFoundError: [Errno 2] No such file or directory: '/Users/p/dev/albert/physics_agent/cache/validator_performance/performance_history.json'


Calculating photon sphere for Quantum Corrected (Î±=+0.01)...
  Schwarzschild radius: 1.485e-27 m
  Search range: 1.1 - 5.0 r_s

Results:
  Photon sphere radius: 1.512 r_s (expected: 1.500 r_s)
  Shadow diameter: 5.197 r_s (expected: 5.196 r_s)
  Orbit stability: Unstable (correct)
  Error: 0.01%
  Status: PASS
  Error running Photon Sphere Validator: [Errno 2] No such file or directory: '/Users/p/dev/albert/physics_agent/cache/validator_performance/performance_history.json'
Traceback (most recent call last):
  File "/Users/p/dev/albert/physics_agent/theory_engine_core.py", line 1309, in run_all_validations
    performance_tracker.end_validator_timing(validator_name, theory.name, result_dict)
  File "/Users/p/dev/albert/physics_agent/validations/validator_performance_tracker.py", line 140, in end_validator_timing
    self._save_historical_metrics()
  File "/Users/p/dev/albert/physics_agent/validations/validator_performance_tracker.py", line 88, in _save_historical_metrics
    with open(history_file, 'w') as f:
         ^^^^^^^^^^^^^^^^^^^^^^^
FileNotFoundError: [Errno 2] No such file or directory: '/Users/p/dev/albert/physics_agent/cache/validator_performance/performance_history.json'


Generating gravitational waveforms for Quantum Corrected (Î±=+0.01)...
  Warning: Theory has no GW modifications implemented
  Error running Gravitational Wave Validator: [Errno 2] No such file or directory: '/Users/p/dev/albert/physics_agent/cache/validator_performance/performance_history.json'
Traceback (most recent call last):
  File "/Users/p/dev/albert/physics_agent/theory_engine_core.py", line 1309, in run_all_validations
    performance_tracker.end_validator_timing(validator_name, theory.name, result_dict)
  File "/Users/p/dev/albert/physics_agent/validations/validator_performance_tracker.py", line 140, in end_validator_timing
    self._save_historical_metrics()
  File "/Users/p/dev/albert/physics_agent/validations/validator_performance_tracker.py", line 88, in _save_historical_metrics
    with open(history_file, 'w') as f:
         ^^^^^^^^^^^^^^^^^^^^^^^
FileNotFoundError: [Errno 2] No such file or directory: '/Users/p/dev/albert/physics_agent/cache/validator_performance/performance_history.json'


PSR J0740+6620 System Parameters:
  Pulsar mass: 2.08 Mâ˜‰
  Companion mass: 0.253 Mâ˜‰
  Orbital period: 4.7669 days
  Semi-major axis: 10998.4 Ã— 10^6 m
  Inclination: 87.56Â°
  Timing RMS: 0.28 Î¼s
  Validation tolerance: 3.0 Î¼s

Theory Predictions:
  Analytic Shapiro delay: 17.461 Î¼s
  Numeric time of flight: 18.657 Î¼s
  Error running PSR J0740 Shapiro Delay Validator: [Errno 2] No such file or directory: '/Users/p/dev/albert/physics_agent/cache/validator_performance/performance_history.json'
Traceback (most recent call last):
  File "/Users/p/dev/albert/physics_agent/theory_engine_core.py", line 1309, in run_all_validations
    performance_tracker.end_validator_timing(validator_name, theory.name, result_dict)
  File "/Users/p/dev/albert/physics_agent/validations/validator_performance_tracker.py", line 140, in end_validator_timing
    self._save_historical_metrics()
  File "/Users/p/dev/albert/physics_agent/validations/validator_performance_tracker.py", line 88, in _save_historical_metrics
    with open(history_file, 'w') as f:
         ^^^^^^^^^^^^^^^^^^^^^^^
FileNotFoundError: [Errno 2] No such file or directory: '/Users/p/dev/albert/physics_agent/cache/validator_performance/performance_history.json'

  âš ï¸ Observational validations failed - skipping prediction validations
  Generating trajectory comparison plot...
  Trajectory has 10004 points, using step interval 333 for markers
  Trajectory range: r=[11.985, 12.000], phi=[0.000, 0.174]
    Processing 0 baselines for checkpoints...
  Plot saved to runs/run_20250728_144308_float64/Quantum_Corrected_Î±_+0_01/viz/trajectory_comparison_electron.png
  Generated trajectory comparison for electron: runs/run_20250728_144308_float64/Quantum_Corrected_Î±_+0_01/viz/trajectory_comparison_electron.png
  Generating trajectory comparison plot...
  Trajectory has 10004 points, using step interval 333 for markers
  Trajectory range: r=[11.948, 12.000], phi=[0.000, 0.262]
    Processing 0 baselines for checkpoints...
  Plot saved to runs/run_20250728_144308_float64/Quantum_Corrected_Î±_+0_01/viz/trajectory_comparison_photon.png
  Generated trajectory comparison for photon: runs/run_20250728_144308_float64/Quantum_Corrected_Î±_+0_01/viz/trajectory_comparison_photon.png
  Generating trajectory comparison plot...
  Trajectory has 10004 points, using step interval 333 for markers
  Trajectory range: r=[11.846, 12.000], phi=[0.000, 0.140]
    Processing 0 baselines for checkpoints...
  Plot saved to runs/run_20250728_144308_float64/Quantum_Corrected_Î±_+0_01/viz/trajectory_comparison_proton.png
  Generated trajectory comparison for proton: runs/run_20250728_144308_float64/Quantum_Corrected_Î±_+0_01/viz/trajectory_comparison_proton.png
  Generating trajectory comparison plot...
  Trajectory has 10004 points, using step interval 333 for markers
  Trajectory range: r=[12.000, 12.045], phi=[0.000, 0.208]
    Processing 0 baselines for checkpoints...
  Plot saved to runs/run_20250728_144308_float64/Quantum_Corrected_Î±_+0_01/viz/trajectory_comparison_neutrino.png
  Generated trajectory comparison for neutrino: runs/run_20250728_144308_float64/Quantum_Corrected_Î±_+0_01/viz/trajectory_comparison_neutrino.png
  Generated HTML report: runs/run_20250728_144308_float64/Quantum_Corrected_Î±_+0_01/results.html
  Results saved to: runs/run_20250728_144308_float64/Quantum_Corrected_Î±_+0_01

============================================================
Run complete. All results saved to: runs/run_20250728_144308_float64
============================================================

Updating homepage with latest trajectory images...
Updated image for Quantum Corrected: ../runs/run_20250728_144308_float64/Quantum_Corrected_Î±_+0_01/viz/trajectory_comparison_neutrino.png

Updated 1 images on homepage

--- Summary: Quantum Theory Validation Results ---

Finalist theories that passed all quantum tests (0):

Theories in main directory without quantum validation (1):
  âœ— Quantum Corrected (Î±=+0.01) (no quantum validation)

All theories have been evaluated and ranked in the comprehensive report.
See the leaderboard for complete rankings and detailed analysis.
============================================================

============================================================
PHASE 3: PREDICTION VALIDATION
Testing novel predictions against state-of-the-art benchmarks
============================================================

Engine configuration:
  Quantum field content: all
  Quantum theories will use quantum Lagrangian (if available)
  Skipping Quantum Corrected (Î±=+0.01) - failed validations (constraints=True, observations=False)
No finalist theories passed all validations for prediction testing.

============================================================
Updating comprehensive reports with prediction results
============================================================
No prediction results found. Skipping report update.

============================================================
Generating Comprehensive Leaderboard
============================================================
Leaderboard generated: runs/run_20250728_144308_float64/leaderboard.html
  HTML leaderboard generated: runs/run_20250728_144308_float64/leaderboard.html
COMPREHENSIVE THEORY EVALUATION LEADERBOARD
================================================================================
Total theories evaluated: 1
Scoring system: Weighted evaluation across 8 dimensions

TOP THEORIES BY UNIFIED SCORE (Comprehensive Evaluation):
--------------------------------------------------------------------------------
Rank  Theory                             Category    Score   Bonuses/Penalties        
--------------------------------------------------------------------------------
1     Quantum Corrected (Î±=+0.01)        quantum     0.3528  +perfect_conservation    


COMPONENT SCORE LEADERS:
--------------------------------------------------------------------------------
Constraints (Conservation, Metrics)      Quantum Corrected (Î±=+0.01)    (0.000)
Observational (Quantum Tests)            Quantum Corrected (Î±=+0.01)    (0.000)
Predictions (CMB, PTA)                   Quantum Corrected (Î±=+0.01)    (0.000)
Trajectory Matching                      Quantum Corrected (Î±=+0.01)    (0.000)
Unification Potential                    Quantum Corrected (Î±=+0.01)    (0.400)


PERFORMANCE BY THEORY CATEGORY:
--------------------------------------------------------------------------------
Quantum      theories:   1 | Avg score: 0.353 | Best: Quantum Corrected (Î±=+0.01)


OVERALL STATISTICS:
--------------------------------------------------------------------------------
Mean unified score: 0.353
Std deviation: 0.000
Score range: 0.353 - 0.353

================================================================================
Full details saved to: runs/run_20250728_144308_float64/leaderboard.json

============================================================
COMPREHENSIVE VALIDATION SUMMARY
============================================================

ðŸ“‹ CALIBRATION CERTIFICATE
   ID: f6c341cc294294a8
   Status: VALID
   Health Score: 100%
   Guarantees:
     âœ“ Engine Correctness: GUARANTEED
     âœ“ Solver Accuracy: GUARANTEED
     âœ“ Environment Stability: GUARANTEED
     âœ“ Performance Optimized: GUARANTEED

TOTAL THEORIES TESTED: 1
PASSED: 1
FAILED: 0

============================================================
THEORIES THAT PASSED ALL VALIDATIONS:
============================================================
  âœ“ Quantum Corrected (Î±=+0.01) (Score: 0.3528)

ðŸ“Š Detailed summary saved to: runs/run_20250728_144308_float64/comprehensive_summary.json
