Running: Schwarzschild
Loading cached trajectory from: /Users/p/dev/albert/physics_agent/cache/trajectories/1.0.0/Schwarzschild_r0-44300.76_steps-300_dt-0.0000_dtype-float64_1c3061a5d5f7.pt
Running: Kerr (a=0.00)
Loading cached trajectory from: /Users/p/dev/albert/physics_agent/cache/trajectories/1.0.0/Kerr__a_0_00__r0-44300.76_steps-300_dt-0.0000_dtype-float64_63cc7df8ff44.pt
Running: Kerr-Newman (a=0.00, q_e=0.50)
Loading cached trajectory from: /Users/p/dev/albert/physics_agent/cache/trajectories/1.0.0/Kerr-Newman__a_0_00__q_e_0_50__r0-44300.76_steps-300_dt-0.0000_dtype-float64_4ce8cfe8cddf.pt

--- Phase 1: Validating All Theories ---
============================================================

--- Validating: Schwarzschild ---
  Running validation trajectory for Schwarzschild...
Loading cached trajectory from: /Users/p/dev/albert/physics_agent/cache/trajectories/1.0.0/Schwarzschild_r0-44300.76_steps-100_dt-0.0000_dtype-float64_1c3061a5d5f7.pt
  Constraint validators using classical Lagrangian
  Theory category: classical
  Skipping quantum validators for classical theory
  Adding tested classical observational validators...

Calculating Mercury precession for Schwarzschild...
  Semi-major axis: 57.909 Gm
  Eccentricity: 0.2056
  Orbital period: 87.969 days

Results:
  Observed: 42.98 Â± 0.04 arcsec/century
  Predicted: 42.99 arcsec/century
  Error: 0.009 arcsec/century (0.02%)
  Status: PASSED
  Error running MercuryPrecessionValidator: 'ValidationResult' object has no attribute 'get'
Traceback (most recent call last):
  File "/Users/p/dev/albert/physics_agent/theory_engine_core.py", line 1085, in run_all_validations
    performance_tracker.end_validator_timing(validator_name, theory.name, result)
  File "/Users/p/dev/albert/physics_agent/validations/validator_performance_tracker.py", line 118, in end_validator_timing
    'status': result.get('flags', {}).get('overall', 'UNKNOWN'),
              ^^^^^^^^^^
AttributeError: 'ValidationResult' object has no attribute 'get'


Calculating light deflection for Schwarzschild...
  Solar mass: 1.989e+30 kg
  Solar radius: 696.0 Mm

Results:
  Observed: 1.7512 Â± 0.0016 arcsec
  Predicted: 1.7508 arcsec
  Error: 0.0004 arcsec (0.02%)
  Status: PASSED

Debug info:
  GR theoretical: 1.7508 arcsec
  PPN gamma: 1.000000
  g_rr at test radius: 1.000000424403
  Weak field factor: 4.244030e-07
  Error running LightDeflectionValidator: 'ValidationResult' object has no attribute 'get'
Traceback (most recent call last):
  File "/Users/p/dev/albert/physics_agent/theory_engine_core.py", line 1085, in run_all_validations
    performance_tracker.end_validator_timing(validator_name, theory.name, result)
  File "/Users/p/dev/albert/physics_agent/validations/validator_performance_tracker.py", line 118, in end_validator_timing
    'status': result.get('flags', {}).get('overall', 'UNKNOWN'),
              ^^^^^^^^^^
AttributeError: 'ValidationResult' object has no attribute 'get'


Calculating PPN parameters for Schwarzschild...
  Warning: Insufficient weak-field metric deviation detected (<1e-15)

Calculating photon sphere for Schwarzschild...
  Schwarzschild radius: 1.485e-27 m
  Search range: 1.1 - 5.0 r_s

Results:
  Photon sphere radius: 1.257 r_s (expected: 1.500 r_s)
  Shadow diameter: 13.061 r_s (expected: 5.196 r_s)
  Orbit stability: Unstable (correct)
  Error: 151.36%
  Status: FAIL

Generating gravitational waveforms for Schwarzschild...
  Warning: Theory has no GW modifications implemented

PSR J0740+6620 System Parameters:
  Pulsar mass: 2.08 Mâ˜‰
  Companion mass: 0.253 Mâ˜‰
  Orbital period: 4.7669 days
  Semi-major axis: 10998.4 Ã— 10^6 m
  Inclination: 87.56Â°
  Timing RMS: 0.28 Î¼s
  Validation tolerance: 3.0 Î¼s

Theory Predictions:
  Analytic Shapiro delay: 17.461 Î¼s
  Numeric time of flight: 18.657 Î¼s
  âš ï¸ Observational validations failed - skipping prediction validations
  Constraint tests: PASSED
  Observation tests: PASSED
  Overall validation: PASSED

============================================================
Validation Summary:
  Total theories validated: 1
  Passed: 1
  Failed: 0
============================================================

Theories that passed validation:
  âœ“ Schwarzschild

--- Phase 2: Running Full Trajectories for Validated Theories ---
============================================================

--- Running Full Trajectory: Schwarzschild ---

--- Evaluating: Schwarzschild ---

--- Evaluating: Schwarzschild ---
  Results will be saved to: runs/run_20250726_001501_float64/Schwarzschild
  Running pre-flight checks for Schwarzschild...
Loading cached trajectory from: /Users/p/dev/albert/physics_agent/cache/trajectories/1.0.0/Schwarzschild_r0-44300.76_steps-100_dt-0.0000_dtype-float64_1c3061a5d5f7.pt
  Constraint validators using classical Lagrangian
  Theory category: classical
  Skipping quantum validators for classical theory
  Adding tested classical observational validators...

Calculating Mercury precession for Schwarzschild...
  Semi-major axis: 57.909 Gm
  Eccentricity: 0.2056
  Orbital period: 87.969 days

Results:
  Observed: 42.98 Â± 0.04 arcsec/century
  Predicted: 42.99 arcsec/century
  Error: 0.009 arcsec/century (0.02%)
  Status: PASSED
  Error running MercuryPrecessionValidator: 'ValidationResult' object has no attribute 'get'
Traceback (most recent call last):
  File "/Users/p/dev/albert/physics_agent/theory_engine_core.py", line 1085, in run_all_validations
    performance_tracker.end_validator_timing(validator_name, theory.name, result)
  File "/Users/p/dev/albert/physics_agent/validations/validator_performance_tracker.py", line 118, in end_validator_timing
    'status': result.get('flags', {}).get('overall', 'UNKNOWN'),
              ^^^^^^^^^^
AttributeError: 'ValidationResult' object has no attribute 'get'


Calculating light deflection for Schwarzschild...
  Solar mass: 1.989e+30 kg
  Solar radius: 696.0 Mm

Results:
  Observed: 1.7512 Â± 0.0016 arcsec
  Predicted: 1.7508 arcsec
  Error: 0.0004 arcsec (0.02%)
  Status: PASSED

Debug info:
  GR theoretical: 1.7508 arcsec
  PPN gamma: 1.000000
  g_rr at test radius: 1.000000424403
  Weak field factor: 4.244030e-07
  Error running LightDeflectionValidator: 'ValidationResult' object has no attribute 'get'
Traceback (most recent call last):
  File "/Users/p/dev/albert/physics_agent/theory_engine_core.py", line 1085, in run_all_validations
    performance_tracker.end_validator_timing(validator_name, theory.name, result)
  File "/Users/p/dev/albert/physics_agent/validations/validator_performance_tracker.py", line 118, in end_validator_timing
    'status': result.get('flags', {}).get('overall', 'UNKNOWN'),
              ^^^^^^^^^^
AttributeError: 'ValidationResult' object has no attribute 'get'


Calculating PPN parameters for Schwarzschild...
  Warning: Insufficient weak-field metric deviation detected (<1e-15)

Calculating photon sphere for Schwarzschild...
  Schwarzschild radius: 1.485e-27 m
  Search range: 1.1 - 5.0 r_s

Results:
  Photon sphere radius: 1.257 r_s (expected: 1.500 r_s)
  Shadow diameter: 13.061 r_s (expected: 5.196 r_s)
  Orbit stability: Unstable (correct)
  Error: 151.36%
  Status: FAIL

Generating gravitational waveforms for Schwarzschild...
  Warning: Theory has no GW modifications implemented

PSR J0740+6620 System Parameters:
  Pulsar mass: 2.08 Mâ˜‰
  Companion mass: 0.253 Mâ˜‰
  Orbital period: 4.7669 days
  Semi-major axis: 10998.4 Ã— 10^6 m
  Inclination: 87.56Â°
  Timing RMS: 0.28 Î¼s
  Validation tolerance: 3.0 Î¼s

Theory Predictions:
  Analytic Shapiro delay: 17.461 Î¼s
  Numeric time of flight: 18.657 Î¼s
  âš ï¸ Observational validations failed - skipping prediction validations
  [WARNING] Pre-flight constraint checks failed for Schwarzschild. Continuing with evaluation.
  Running trajectory simulation for Schwarzschild...
Loading cached trajectory from: /Users/p/dev/albert/physics_agent/cache/trajectories/1.0.0/Schwarzschild_r0-44300.76_steps-300_dt-0.0000_dtype-float64_35a373c23a7f.pt
Loading cached trajectory from: /Users/p/dev/albert/physics_agent/cache/trajectories/1.0.0/Schwarzschild_r0-44300.76_steps-300_dt-0.0000_dtype-float64_24d297979d61.pt
Loading cached trajectory from: /Users/p/dev/albert/physics_agent/cache/trajectories/1.0.0/Schwarzschild_r0-44300.76_steps-300_dt-0.0000_dtype-float64_b15495c9d5a0.pt
Loading cached trajectory from: /Users/p/dev/albert/physics_agent/cache/trajectories/1.0.0/Schwarzschild_r0-44300.76_steps-300_dt-0.0000_dtype-float64_e082799a1518.pt
  Constraint validators using classical Lagrangian
  Theory category: classical
  Skipping quantum validators for classical theory
  Adding tested classical observational validators...

Calculating Mercury precession for Schwarzschild...
  Semi-major axis: 57.909 Gm
  Eccentricity: 0.2056
  Orbital period: 87.969 days

Results:
  Observed: 42.98 Â± 0.04 arcsec/century
  Predicted: 42.99 arcsec/century
  Error: 0.009 arcsec/century (0.02%)
  Status: PASSED
  Error running MercuryPrecessionValidator: 'ValidationResult' object has no attribute 'get'
Traceback (most recent call last):
  File "/Users/p/dev/albert/physics_agent/theory_engine_core.py", line 1085, in run_all_validations
    performance_tracker.end_validator_timing(validator_name, theory.name, result)
  File "/Users/p/dev/albert/physics_agent/validations/validator_performance_tracker.py", line 118, in end_validator_timing
    'status': result.get('flags', {}).get('overall', 'UNKNOWN'),
              ^^^^^^^^^^
AttributeError: 'ValidationResult' object has no attribute 'get'


Calculating light deflection for Schwarzschild...
  Solar mass: 1.989e+30 kg
  Solar radius: 696.0 Mm

Results:
  Observed: 1.7512 Â± 0.0016 arcsec
  Predicted: 1.7508 arcsec
  Error: 0.0004 arcsec (0.02%)
  Status: PASSED

Debug info:
  GR theoretical: 1.7508 arcsec
  PPN gamma: 1.000000
  g_rr at test radius: 1.000000424403
  Weak field factor: 4.244030e-07
  Error running LightDeflectionValidator: 'ValidationResult' object has no attribute 'get'
Traceback (most recent call last):
  File "/Users/p/dev/albert/physics_agent/theory_engine_core.py", line 1085, in run_all_validations
    performance_tracker.end_validator_timing(validator_name, theory.name, result)
  File "/Users/p/dev/albert/physics_agent/validations/validator_performance_tracker.py", line 118, in end_validator_timing
    'status': result.get('flags', {}).get('overall', 'UNKNOWN'),
              ^^^^^^^^^^
AttributeError: 'ValidationResult' object has no attribute 'get'


Calculating PPN parameters for Schwarzschild...
  Warning: Insufficient weak-field metric deviation detected (<1e-15)

Calculating photon sphere for Schwarzschild...
  Schwarzschild radius: 1.485e-27 m
  Search range: 1.1 - 5.0 r_s

Results:
  Photon sphere radius: 1.257 r_s (expected: 1.500 r_s)
  Shadow diameter: 13.061 r_s (expected: 5.196 r_s)
  Orbit stability: Unstable (correct)
  Error: 151.36%
  Status: FAIL

Generating gravitational waveforms for Schwarzschild...
  Warning: Theory has no GW modifications implemented

PSR J0740+6620 System Parameters:
  Pulsar mass: 2.08 Mâ˜‰
  Companion mass: 0.253 Mâ˜‰
  Orbital period: 4.7669 days
  Semi-major axis: 10998.4 Ã— 10^6 m
  Inclination: 87.56Â°
  Timing RMS: 0.28 Î¼s
  Validation tolerance: 3.0 Î¼s

Theory Predictions:
  Analytic Shapiro delay: 17.461 Î¼s
  Numeric time of flight: 18.657 Î¼s
  âš ï¸ Observational validations failed - skipping prediction validations
  [INFO] Schwarzschild is not a quantum theory - no quantum validation performed
  Constraint validators using classical Lagrangian
  Theory category: classical
  Skipping quantum validators for classical theory
  Adding tested classical observational validators...

Calculating Mercury precession for Schwarzschild...
  Semi-major axis: 57.909 Gm
  Eccentricity: 0.2056
  Orbital period: 87.969 days

Results:
  Observed: 42.98 Â± 0.04 arcsec/century
  Predicted: 42.99 arcsec/century
  Error: 0.009 arcsec/century (0.02%)
  Status: PASSED
  Error running MercuryPrecessionValidator: 'ValidationResult' object has no attribute 'get'
Traceback (most recent call last):
  File "/Users/p/dev/albert/physics_agent/theory_engine_core.py", line 1085, in run_all_validations
    performance_tracker.end_validator_timing(validator_name, theory.name, result)
  File "/Users/p/dev/albert/physics_agent/validations/validator_performance_tracker.py", line 118, in end_validator_timing
    'status': result.get('flags', {}).get('overall', 'UNKNOWN'),
              ^^^^^^^^^^
AttributeError: 'ValidationResult' object has no attribute 'get'


Calculating light deflection for Schwarzschild...
  Solar mass: 1.989e+30 kg
  Solar radius: 696.0 Mm

Results:
  Observed: 1.7512 Â± 0.0016 arcsec
  Predicted: 1.7508 arcsec
  Error: 0.0004 arcsec (0.02%)
  Status: PASSED

Debug info:
  GR theoretical: 1.7508 arcsec
  PPN gamma: 1.000000
  g_rr at test radius: 1.000000424403
  Weak field factor: 4.244030e-07
  Error running LightDeflectionValidator: 'ValidationResult' object has no attribute 'get'
Traceback (most recent call last):
  File "/Users/p/dev/albert/physics_agent/theory_engine_core.py", line 1085, in run_all_validations
    performance_tracker.end_validator_timing(validator_name, theory.name, result)
  File "/Users/p/dev/albert/physics_agent/validations/validator_performance_tracker.py", line 118, in end_validator_timing
    'status': result.get('flags', {}).get('overall', 'UNKNOWN'),
              ^^^^^^^^^^
AttributeError: 'ValidationResult' object has no attribute 'get'


Calculating PPN parameters for Schwarzschild...
  Warning: Insufficient weak-field metric deviation detected (<1e-15)

Calculating photon sphere for Schwarzschild...
  Schwarzschild radius: 1.485e-27 m
  Search range: 1.1 - 5.0 r_s

Results:
  Photon sphere radius: 1.257 r_s (expected: 1.500 r_s)
  Shadow diameter: 13.061 r_s (expected: 5.196 r_s)
  Orbit stability: Unstable (correct)
  Error: 151.36%
  Status: FAIL

Generating gravitational waveforms for Schwarzschild...
  Warning: Theory has no GW modifications implemented

PSR J0740+6620 System Parameters:
  Pulsar mass: 2.08 Mâ˜‰
  Companion mass: 0.253 Mâ˜‰
  Orbital period: 4.7669 days
  Semi-major axis: 10998.4 Ã— 10^6 m
  Inclination: 87.56Â°
  Timing RMS: 0.28 Î¼s
  Validation tolerance: 3.0 Î¼s

Theory Predictions:
  Analytic Shapiro delay: 17.461 Î¼s
  Numeric time of flight: 18.657 Î¼s
  âš ï¸ Observational validations failed - skipping prediction validations
  [INFO] Schwarzschild is not a quantum theory - no quantum validation performed
  Constraint validators using classical Lagrangian
  Theory category: classical
  Skipping quantum validators for classical theory
  Adding tested classical observational validators...

Calculating Mercury precession for Schwarzschild...
  Semi-major axis: 57.909 Gm
  Eccentricity: 0.2056
  Orbital period: 87.969 days

Results:
  Observed: 42.98 Â± 0.04 arcsec/century
  Predicted: 42.99 arcsec/century
  Error: 0.009 arcsec/century (0.02%)
  Status: PASSED
  Error running MercuryPrecessionValidator: 'ValidationResult' object has no attribute 'get'
Traceback (most recent call last):
  File "/Users/p/dev/albert/physics_agent/theory_engine_core.py", line 1085, in run_all_validations
    performance_tracker.end_validator_timing(validator_name, theory.name, result)
  File "/Users/p/dev/albert/physics_agent/validations/validator_performance_tracker.py", line 118, in end_validator_timing
    'status': result.get('flags', {}).get('overall', 'UNKNOWN'),
              ^^^^^^^^^^
AttributeError: 'ValidationResult' object has no attribute 'get'


Calculating light deflection for Schwarzschild...
  Solar mass: 1.989e+30 kg
  Solar radius: 696.0 Mm

Results:
  Observed: 1.7512 Â± 0.0016 arcsec
  Predicted: 1.7508 arcsec
  Error: 0.0004 arcsec (0.02%)
  Status: PASSED

Debug info:
  GR theoretical: 1.7508 arcsec
  PPN gamma: 1.000000
  g_rr at test radius: 1.000000424403
  Weak field factor: 4.244030e-07
  Error running LightDeflectionValidator: 'ValidationResult' object has no attribute 'get'
Traceback (most recent call last):
  File "/Users/p/dev/albert/physics_agent/theory_engine_core.py", line 1085, in run_all_validations
    performance_tracker.end_validator_timing(validator_name, theory.name, result)
  File "/Users/p/dev/albert/physics_agent/validations/validator_performance_tracker.py", line 118, in end_validator_timing
    'status': result.get('flags', {}).get('overall', 'UNKNOWN'),
              ^^^^^^^^^^
AttributeError: 'ValidationResult' object has no attribute 'get'


Calculating PPN parameters for Schwarzschild...
  Warning: Insufficient weak-field metric deviation detected (<1e-15)

Calculating photon sphere for Schwarzschild...
  Schwarzschild radius: 1.485e-27 m
  Search range: 1.1 - 5.0 r_s

Results:
  Photon sphere radius: 1.257 r_s (expected: 1.500 r_s)
  Shadow diameter: 13.061 r_s (expected: 5.196 r_s)
  Orbit stability: Unstable (correct)
  Error: 151.36%
  Status: FAIL

Generating gravitational waveforms for Schwarzschild...
  Warning: Theory has no GW modifications implemented

PSR J0740+6620 System Parameters:
  Pulsar mass: 2.08 Mâ˜‰
  Companion mass: 0.253 Mâ˜‰
  Orbital period: 4.7669 days
  Semi-major axis: 10998.4 Ã— 10^6 m
  Inclination: 87.56Â°
  Timing RMS: 0.28 Î¼s
  Validation tolerance: 3.0 Î¼s

Theory Predictions:
  Analytic Shapiro delay: 17.461 Î¼s
  Numeric time of flight: 18.657 Î¼s
  âš ï¸ Observational validations failed - skipping prediction validations
  [INFO] Schwarzschild is not a quantum theory - no quantum validation performed
  Constraint validators using classical Lagrangian
  Theory category: classical
  Skipping quantum validators for classical theory
  Adding tested classical observational validators...

Calculating Mercury precession for Schwarzschild...
  Semi-major axis: 57.909 Gm
  Eccentricity: 0.2056
  Orbital period: 87.969 days

Results:
  Observed: 42.98 Â± 0.04 arcsec/century
  Predicted: 42.99 arcsec/century
  Error: 0.009 arcsec/century (0.02%)
  Status: PASSED
  Error running MercuryPrecessionValidator: 'ValidationResult' object has no attribute 'get'
Traceback (most recent call last):
  File "/Users/p/dev/albert/physics_agent/theory_engine_core.py", line 1085, in run_all_validations
    performance_tracker.end_validator_timing(validator_name, theory.name, result)
  File "/Users/p/dev/albert/physics_agent/validations/validator_performance_tracker.py", line 118, in end_validator_timing
    'status': result.get('flags', {}).get('overall', 'UNKNOWN'),
              ^^^^^^^^^^
AttributeError: 'ValidationResult' object has no attribute 'get'


Calculating light deflection for Schwarzschild...
  Solar mass: 1.989e+30 kg
  Solar radius: 696.0 Mm

Results:
  Observed: 1.7512 Â± 0.0016 arcsec
  Predicted: 1.7508 arcsec
  Error: 0.0004 arcsec (0.02%)
  Status: PASSED

Debug info:
  GR theoretical: 1.7508 arcsec
  PPN gamma: 1.000000
  g_rr at test radius: 1.000000424403
  Weak field factor: 4.244030e-07
  Error running LightDeflectionValidator: 'ValidationResult' object has no attribute 'get'
Traceback (most recent call last):
  File "/Users/p/dev/albert/physics_agent/theory_engine_core.py", line 1085, in run_all_validations
    performance_tracker.end_validator_timing(validator_name, theory.name, result)
  File "/Users/p/dev/albert/physics_agent/validations/validator_performance_tracker.py", line 118, in end_validator_timing
    'status': result.get('flags', {}).get('overall', 'UNKNOWN'),
              ^^^^^^^^^^
AttributeError: 'ValidationResult' object has no attribute 'get'


Calculating PPN parameters for Schwarzschild...
  Warning: Insufficient weak-field metric deviation detected (<1e-15)

Calculating photon sphere for Schwarzschild...
  Schwarzschild radius: 1.485e-27 m
  Search range: 1.1 - 5.0 r_s

Results:
  Photon sphere radius: 1.257 r_s (expected: 1.500 r_s)
  Shadow diameter: 13.061 r_s (expected: 5.196 r_s)
  Orbit stability: Unstable (correct)
  Error: 151.36%
  Status: FAIL

Generating gravitational waveforms for Schwarzschild...
  Warning: Theory has no GW modifications implemented

PSR J0740+6620 System Parameters:
  Pulsar mass: 2.08 Mâ˜‰
  Companion mass: 0.253 Mâ˜‰
  Orbital period: 4.7669 days
  Semi-major axis: 10998.4 Ã— 10^6 m
  Inclination: 87.56Â°
  Timing RMS: 0.28 Î¼s
  Validation tolerance: 3.0 Î¼s

Theory Predictions:
  Analytic Shapiro delay: 17.461 Î¼s
  Numeric time of flight: 18.657 Î¼s
  âš ï¸ Observational validations failed - skipping prediction validations
  [INFO] Schwarzschild is not a quantum theory - no quantum validation performed
  Generating trajectory comparison plot...
  Trajectory has 301 points, using step interval 10 for markers
  Trajectory range: r=[29.999, 30.000], phi=[0.000, 0.018]
    Processing 3 baselines for checkpoints...
      Baseline: Schwarzschild
        Adding 9 checkpoints for Schwarzschild
          Checkpoint at 10%: idx=30, z=0.316, ring_radius=0.900
          Checkpoint at 20%: idx=60, z=0.631, ring_radius=0.900
          Checkpoint at 30%: idx=90, z=0.947, ring_radius=0.900
          Checkpoint at 40%: idx=120, z=1.263, ring_radius=0.900
          Checkpoint at 50%: idx=150, z=1.578, ring_radius=0.900
          Checkpoint at 60%: idx=180, z=1.894, ring_radius=0.900
          Checkpoint at 70%: idx=210, z=2.210, ring_radius=0.900
          Checkpoint at 80%: idx=240, z=2.525, ring_radius=0.900
          Checkpoint at 90%: idx=270, z=2.841, ring_radius=0.900
      Baseline: Kerr (a=0.00)
        Adding 9 checkpoints for Kerr (a=0.00)
          Checkpoint at 10%: idx=30, z=0.316, ring_radius=0.900
          Checkpoint at 20%: idx=60, z=0.631, ring_radius=0.900
          Checkpoint at 30%: idx=90, z=0.947, ring_radius=0.900
          Checkpoint at 40%: idx=120, z=1.263, ring_radius=0.900
          Checkpoint at 50%: idx=150, z=1.578, ring_radius=0.900
          Checkpoint at 60%: idx=180, z=1.894, ring_radius=0.900
          Checkpoint at 70%: idx=210, z=2.210, ring_radius=0.900
          Checkpoint at 80%: idx=240, z=2.525, ring_radius=0.900
          Checkpoint at 90%: idx=270, z=2.841, ring_radius=0.900
      Baseline: Kerr-Newman (a=0.00, q_e=0.50)
        Adding 9 checkpoints for Kerr-Newman (a=0.00, q_e=0.50)
          Checkpoint at 10%: idx=30, z=0.316, ring_radius=0.900
          Checkpoint at 20%: idx=60, z=0.631, ring_radius=0.900
          Checkpoint at 30%: idx=90, z=0.947, ring_radius=0.900
          Checkpoint at 40%: idx=120, z=1.263, ring_radius=0.900
          Checkpoint at 50%: idx=150, z=1.578, ring_radius=0.900
          Checkpoint at 60%: idx=180, z=1.894, ring_radius=0.900
          Checkpoint at 70%: idx=210, z=2.210, ring_radius=0.900
          Checkpoint at 80%: idx=240, z=2.526, ring_radius=0.900
          Checkpoint at 90%: idx=270, z=2.841, ring_radius=0.900
  Plot saved to runs/run_20250726_001501_float64/Schwarzschild/viz/trajectory_comparison.png
  Generating multi-particle grid visualization...
    Generating particle-specific baselines...
Loading cached trajectory from: /Users/p/dev/albert/physics_agent/cache/trajectories/1.0.0/Schwarzschild_r0-44300.76_steps-301_dt-0.0010_dtype-float64_c596b3cb9332.pt
Loading cached trajectory from: /Users/p/dev/albert/physics_agent/cache/trajectories/1.0.0/Schwarzschild_r0-44300.76_steps-301_dt-0.0010_dtype-float64_50b42272c715.pt
Loading cached trajectory from: /Users/p/dev/albert/physics_agent/cache/trajectories/1.0.0/Schwarzschild_r0-44300.76_steps-301_dt-0.0010_dtype-float64_3d6f4c855f5e.pt
Loading cached trajectory from: /Users/p/dev/albert/physics_agent/cache/trajectories/1.0.0/Schwarzschild_r0-44300.76_steps-301_dt-0.0010_dtype-float64_c9b906cd7831.pt
    Generated multi-particle grid: runs/run_20250726_001501_float64/Schwarzschild/viz/multi_particle_grid.png
    Generating unified multi-particle plot for Schwarzschild...
    Particle trajectories available: ['electron', 'photon', 'proton', 'neutrino']
    Processing electron...
      electron trajectory: 301 points
      r range: [29.999, 30.000] (geometric units)
      phi range: [0.000, 0.018] rad
      t range: [0.000, 3.156] (geometric units)
      Successfully plotted electron trajectory
    Processing photon...
      photon trajectory: 301 points
      r range: [30.000, 32.956] (geometric units)
      phi range: [0.000, 0.017] rad
      t range: [0.000, 3.204] (geometric units)
      Successfully plotted photon trajectory
    Processing proton...
      proton trajectory: 301 points
      r range: [29.999, 30.000] (geometric units)
      phi range: [0.000, 0.018] rad
      t range: [0.000, 3.156] (geometric units)
      Successfully plotted proton trajectory
    Processing neutrino...
      neutrino trajectory: 301 points
      r range: [29.999, 30.000] (geometric units)
      phi range: [0.000, 0.018] rad
      t range: [0.000, 3.156] (geometric units)
      Successfully plotted neutrino trajectory
    Added Schwarzschild baseline for reference
    Radial range across all particles: [29.999, 32.956]
    Time range across all particles: [0.000, 3.204]

  Unified multi-particle plot saved to: runs/run_20250726_001501_float64/Schwarzschild/viz/all_particles_unified.png
  Summary: 4 particles plotted successfully
  Generated unified multi-particle plot: runs/run_20250726_001501_float64/Schwarzschild/viz/all_particles_unified.png
  Generated HTML report: runs/run_20250726_001501_float64/Schwarzschild/results.html
  Results saved to: runs/run_20250726_001501_float64/Schwarzschild

============================================================
Run complete. All results saved to: runs/run_20250726_001501_float64
============================================================

--- Summary: Quantum Theory Validation Results ---

Finalist theories that passed all quantum tests (0):

Theories in main directory without quantum validation (1):
  âœ— Schwarzschild (no quantum validation)

All theories have been evaluated and ranked in the comprehensive report.
See the leaderboard for complete rankings and detailed analysis.
============================================================

============================================================
PHASE 3: PREDICTION VALIDATION
Testing novel predictions against state-of-the-art benchmarks
============================================================

Engine configuration:
  Quantum field content: all
  Quantum theories will use quantum Lagrangian (if available)
Found 1 finalist theories that passed all validations:
  - Schwarzschild (classical)
Loaded 29 CMB data points from dataset loader
Loaded BICEP/Keck data from dataloader

Running 2 prediction validators...
Engine quantum Lagrangian setting will apply to all predictions

--- Schwarzschild ---
  Found 32 theories in loader
  Successfully reconstructed Schwarzschild with parameters: {'kappa': 0.0}

Schwarzschild CMB Prediction Results:
  Theory Ï‡Â²/dof: 53.08
  Î›CDM Ï‡Â²/dof: 53.08 (SOTA)
  Improvement: Î”Ï‡Â² = 0.00
  Beats SOTA: False
  CMB Power Spectrum Prediction Validator: Does not beat SOTA (improvement: 0.00)
Schwarzschild Primordial GWs: r=0.010, n_t=-0.00
  Primordial GWs Validator: Does not beat SOTA (improvement: 0.00)

Prediction Validation Report
------------------------------------------------------------
Run: run_20250726_001501_float64
Finalists tested: 1
Total predictions: 1


CMB Power Spectrum Prediction Validator
------------------------------------------------------------
SOTA: Standard Î›CDM model (53.08198369836476 )
Theories beating SOTA: 0/1 (0.0%)

Top performers:
  1. âœ— Schwarzschild (classical)
     Improvement: +0.00 chiÂ²/dof
     Theory: 53.08 vs SOTA: 53.08

Primordial GWs Validator
------------------------------------------------------------
SOTA: Standard single-field inflation (-0.0 )
Theories beating SOTA: 0/1 (0.0%)

Top performers:
  1. âœ— Schwarzschild (classical)
     Improvement: +0.00 tensor-to-scalar ratio r
     Theory: 0.01 vs SOTA: 0.01

============================================================
Full details saved to: runs/run_20250726_001501_float64/predictions/predictions_report.json

============================================================
Updating comprehensive reports with prediction results
============================================================
  Updated report for Schwarzschild

Updated 1 theory reports with prediction results
============================================================

============================================================
Generating Comprehensive Leaderboard
============================================================
  Skipping Schwarzschild - category 'classical' not allowed on leaderboard (only quantum/ugm)
No scored theories found.

============================================================
COMPREHENSIVE VALIDATION SUMMARY
============================================================

ðŸ“‹ CALIBRATION CERTIFICATE
   ID: 57b30e7bc6407f6d
   Status: VALID
   Health Score: 100%
   Guarantees:
     âœ“ Engine Correctness: GUARANTEED
     âœ“ Solver Accuracy: GUARANTEED
     âœ“ Environment Stability: GUARANTEED
     âœ“ Performance Optimized: GUARANTEED

TOTAL THEORIES TESTED: 1
PASSED: 1
FAILED: 0

============================================================
THEORIES THAT PASSED ALL VALIDATIONS:
============================================================
  âœ“ Schwarzschild (Score: 0.2880)

ðŸ“Š Detailed summary saved to: runs/run_20250726_001501_float64/comprehensive_summary.json
