Running: Kerr (a=0.00)
Loading cached trajectory from: /Users/p/dev/albert/physics_agent/cache/trajectories/1.0.0/Kerr__a_0_00__r0-44300.76_steps-100_dt-0.0000_dtype-float64_63cc7df8ff44.pt
Running: Kerr-Newman (a=0.00, q_e=0.50)
Loading cached trajectory from: /Users/p/dev/albert/physics_agent/cache/trajectories/1.0.0/Kerr-Newman__a_0_00__q_e_0_50__r0-44300.76_steps-100_dt-0.0000_dtype-float64_4ce8cfe8cddf.pt

--- Phase 1: Validating All Theories ---
============================================================
  Using preferred values for Post-Quantum Gravity (γ=1.00e-02): {'gamma_pqg': 0.01}

--- Validating: Post-Quantum Gravity (γ=1.00e-02) ---
  Running validation trajectory for Post-Quantum Gravity (γ=1.00e-02)...
  Quantum theory detected: Post-Quantum Gravity (γ=1.00e-02)
    - Category: quantum
    - enable_quantum: True
    - use_quantum_trajectories: True
    - NOTE: Using classical solver for proper curved spacetime physics
  Attempting to use UnifiedTrajectoryCalculator for quantum theory
  Quantum results keys: ['amplitude', 'probability', 'method', 'num_samples', 'visualization_paths', 'path_actions', 'quantum_corrections']
  Classical results keys: ['trajectory', 'solver_type', 'time_steps', 'step_size']
  Using classical trajectory from unified calculator
  Classical trajectory shape: torch.Size([101, 4])
  Quantum results stored for uncertainty visualization
  Successfully computed trajectory using quantum solver!
  Returning tag: quantum_unified_trajectory
  Constraint validators using quantum Lagrangian
  Running validator: Conservation Validator
  Running validator: Metric Properties Validator
  Theory category: quantum
  Using tested quantum validator for quantum theory
  Adding tested classical observational validators...
  Running validator: COWInterferometryValidator

Calculating COW phase shift for Post-Quantum Gravity (γ=1.00e-02)...
  Neutron wavelength: 2.2 Å
  Enclosed area: 0.3 cm²
  Neutron velocity: 1798.1 m/s

Results:
  Observed: 2.70 ± 0.21 radians
  Predicted: 2.70 radians
  Error: 0.00 radians (0.1%)
  Status: PASSED

Debug info:
  g_metric: -9.789171 m/s²
  g_newton: 9.819532 m/s²
  Metric gradient dg_tt/dr: -2.178275e-16
  Error running COWInterferometryValidator: 'ValidationResult' object has no attribute 'get'
Traceback (most recent call last):
  File "/Users/p/dev/albert/physics_agent/theory_engine_core.py", line 1085, in run_all_validations
    performance_tracker.end_validator_timing(validator_name, theory.name, result)
  File "/Users/p/dev/albert/physics_agent/validations/validator_performance_tracker.py", line 118, in end_validator_timing
    'status': result.get('flags', {}).get('overall', 'UNKNOWN'),
              ^^^^^^^^^^
AttributeError: 'ValidationResult' object has no attribute 'get'

  Running validator: MercuryPrecessionValidator

Calculating Mercury precession for Post-Quantum Gravity (γ=1.00e-02)...
  Semi-major axis: 57.909 Gm
  Eccentricity: 0.2056
  Orbital period: 87.969 days

Results:
  Observed: 42.98 ± 0.04 arcsec/century
  Predicted: 42.99 arcsec/century
  Error: 0.009 arcsec/century (0.02%)
  Status: PASSED
  Error running MercuryPrecessionValidator: 'ValidationResult' object has no attribute 'get'
Traceback (most recent call last):
  File "/Users/p/dev/albert/physics_agent/theory_engine_core.py", line 1085, in run_all_validations
    performance_tracker.end_validator_timing(validator_name, theory.name, result)
  File "/Users/p/dev/albert/physics_agent/validations/validator_performance_tracker.py", line 118, in end_validator_timing
    'status': result.get('flags', {}).get('overall', 'UNKNOWN'),
              ^^^^^^^^^^
AttributeError: 'ValidationResult' object has no attribute 'get'

  Running validator: LightDeflectionValidator

Calculating light deflection for Post-Quantum Gravity (γ=1.00e-02)...
  Solar mass: 1.989e+30 kg
  Solar radius: 696.0 Mm

Results:
  Observed: 1.7512 ± 0.0016 arcsec
  Predicted: 1.7508 arcsec
  Error: 0.0004 arcsec (0.02%)
  Status: PASSED

Debug info:
  GR theoretical: 1.7508 arcsec
  PPN gamma: 1.000000
  g_rr at test radius: 1.000000424403
  Weak field factor: 4.244030e-07
  Error running LightDeflectionValidator: 'ValidationResult' object has no attribute 'get'
Traceback (most recent call last):
  File "/Users/p/dev/albert/physics_agent/theory_engine_core.py", line 1085, in run_all_validations
    performance_tracker.end_validator_timing(validator_name, theory.name, result)
  File "/Users/p/dev/albert/physics_agent/validations/validator_performance_tracker.py", line 118, in end_validator_timing
    'status': result.get('flags', {}).get('overall', 'UNKNOWN'),
              ^^^^^^^^^^
AttributeError: 'ValidationResult' object has no attribute 'get'

  Running validator: PPN Parameter Validator

Calculating PPN parameters for Post-Quantum Gravity (γ=1.00e-02)...
  Warning: Insufficient weak-field metric deviation detected (<1e-15)
  Running validator: Photon Sphere Validator

Calculating photon sphere for Post-Quantum Gravity (γ=1.00e-02)...
  Schwarzschild radius: 1.485e-27 m
  Search range: 1.1 - 5.0 r_s

Results:
  Photon sphere radius: 1.257 r_s (expected: 1.500 r_s)
  Shadow diameter: 13.061 r_s (expected: 5.196 r_s)
  Orbit stability: Unstable (correct)
  Error: 151.36%
  Status: FAIL
  Running validator: Gravitational Wave Validator

Generating gravitational waveforms for Post-Quantum Gravity (γ=1.00e-02)...
  Warning: Theory has no GW modifications implemented
  Running validator: PSR J0740 Shapiro Delay Validator

PSR J0740+6620 System Parameters:
  Pulsar mass: 2.08 M☉
  Companion mass: 0.253 M☉
  Orbital period: 4.7669 days
  Semi-major axis: 10998.4 × 10^6 m
  Inclination: 87.56°
  Timing RMS: 0.28 μs
  Validation tolerance: 3.0 μs

Theory Predictions:
  Analytic Shapiro delay: 17.461 μs
  Numeric time of flight: 18.657 μs
  ⚠️ Observational validations failed - skipping prediction validations
  Constraint tests: PASSED
  Observation tests: FAILED
  Overall validation: PASSED

--- Validating: Quantum Quantum Template (g=1.0) ---
  Running validation trajectory for Quantum Quantum Template (g=1.0)...
  Quantum theory detected: Quantum Quantum Template (g=1.0)
    - Category: quantum
    - enable_quantum: True
    - use_quantum_trajectories: True
    - NOTE: Using classical solver for proper curved spacetime physics
  Attempting to use UnifiedTrajectoryCalculator for quantum theory
  Quantum results keys: ['amplitude', 'probability', 'method', 'num_samples', 'visualization_paths', 'path_actions', 'quantum_corrections']
  Classical results keys: ['trajectory', 'solver_type', 'time_steps', 'step_size']
  Using classical trajectory from unified calculator
  Classical trajectory shape: torch.Size([101, 4])
  Quantum results stored for uncertainty visualization
  Successfully computed trajectory using quantum solver!
  Returning tag: quantum_unified_trajectory
  Constraint validators using quantum Lagrangian
  Running validator: Conservation Validator
  Running validator: Metric Properties Validator
  Theory category: quantum
  Using tested quantum validator for quantum theory
  Adding tested classical observational validators...
  Running validator: COWInterferometryValidator

Calculating COW phase shift for Quantum Quantum Template (g=1.0)...
  Neutron wavelength: 2.2 Å
  Enclosed area: 0.3 cm²
  Neutron velocity: 1798.1 m/s

Results:
  Observed: 2.70 ± 0.21 radians
  Predicted: 1.94 radians
  Error: 0.76 radians (28.1%)
  Status: FAILED

Debug info:
  g_metric: -7.048203 m/s²
  g_newton: 9.819532 m/s²
  Metric gradient dg_tt/dr: -1.568358e-16
  Error running COWInterferometryValidator: 'ValidationResult' object has no attribute 'get'
Traceback (most recent call last):
  File "/Users/p/dev/albert/physics_agent/theory_engine_core.py", line 1085, in run_all_validations
    performance_tracker.end_validator_timing(validator_name, theory.name, result)
  File "/Users/p/dev/albert/physics_agent/validations/validator_performance_tracker.py", line 118, in end_validator_timing
    'status': result.get('flags', {}).get('overall', 'UNKNOWN'),
              ^^^^^^^^^^
AttributeError: 'ValidationResult' object has no attribute 'get'

  Running validator: MercuryPrecessionValidator

Calculating Mercury precession for Quantum Quantum Template (g=1.0)...
  Semi-major axis: 57.909 Gm
  Eccentricity: 0.2056
  Orbital period: 87.969 days

Results:
  Observed: 42.98 ± 0.04 arcsec/century
  Predicted: 42.99 arcsec/century
  Error: 0.009 arcsec/century (0.02%)
  Status: PASSED
  Error running MercuryPrecessionValidator: 'ValidationResult' object has no attribute 'get'
Traceback (most recent call last):
  File "/Users/p/dev/albert/physics_agent/theory_engine_core.py", line 1085, in run_all_validations
    performance_tracker.end_validator_timing(validator_name, theory.name, result)
  File "/Users/p/dev/albert/physics_agent/validations/validator_performance_tracker.py", line 118, in end_validator_timing
    'status': result.get('flags', {}).get('overall', 'UNKNOWN'),
              ^^^^^^^^^^
AttributeError: 'ValidationResult' object has no attribute 'get'

  Running validator: LightDeflectionValidator

Calculating light deflection for Quantum Quantum Template (g=1.0)...
  Solar mass: 1.989e+30 kg
  Solar radius: 696.0 Mm

Results:
  Observed: 1.7512 ± 0.0016 arcsec
  Predicted: 1.7508 arcsec
  Error: 0.0004 arcsec (0.02%)
  Status: PASSED

Debug info:
  GR theoretical: 1.7508 arcsec
  PPN gamma: 1.000000
  g_rr at test radius: 1.000000334815
  Weak field factor: 4.244030e-07
  Error running LightDeflectionValidator: 'ValidationResult' object has no attribute 'get'
Traceback (most recent call last):
  File "/Users/p/dev/albert/physics_agent/theory_engine_core.py", line 1085, in run_all_validations
    performance_tracker.end_validator_timing(validator_name, theory.name, result)
  File "/Users/p/dev/albert/physics_agent/validations/validator_performance_tracker.py", line 118, in end_validator_timing
    'status': result.get('flags', {}).get('overall', 'UNKNOWN'),
              ^^^^^^^^^^
AttributeError: 'ValidationResult' object has no attribute 'get'

  Running validator: PPN Parameter Validator

Calculating PPN parameters for Quantum Quantum Template (g=1.0)...
  Warning: Unrealistic gamma=-2464550456539976501054788337664.000000, defaulting to measurement
  Semi-major axis: 100 - 1000 AU
  Weak field potential Φ/c²: 2.03e-41

Results:
  PPN γ (Cassini): 1.000021 ± 0.000023
  Predicted γ: 1.000000 (0.9σ)
  PPN β (LLR): 1.000000 ± 0.000030
  Predicted β: -2058291698584302177586939691008.000000 (68609723286143403085299290875101184.0σ)
  Combined loss: 20582916985843019542083981734313984.000
  Status: FAIL
  Running validator: Photon Sphere Validator

Calculating photon sphere for Quantum Quantum Template (g=1.0)...
  Schwarzschild radius: 1.485e-27 m
  Search range: 1.1 - 5.0 r_s

Results:
  Photon sphere radius: 1.100 r_s (expected: 1.500 r_s)
  Shadow diameter: 11.432 r_s (expected: 5.196 r_s)
  Orbit stability: Unstable (correct)
  Error: 120.01%
  Status: FAIL
  Running validator: Gravitational Wave Validator

Generating gravitational waveforms for Quantum Quantum Template (g=1.0)...
  Warning: Theory has no GW modifications implemented
  Running validator: PSR J0740 Shapiro Delay Validator

PSR J0740+6620 System Parameters:
  Pulsar mass: 2.08 M☉
  Companion mass: 0.253 M☉
  Orbital period: 4.7669 days
  Semi-major axis: 10998.4 × 10^6 m
  Inclination: 87.56°
  Timing RMS: 0.28 μs
  Validation tolerance: 3.0 μs

Theory Predictions:
  Analytic Shapiro delay: 17.461 μs
  Numeric time of flight: 13.007 μs
  ⚠️ Observational validations failed - skipping prediction validations
  Constraint tests: PASSED
  Observation tests: FAILED
  Overall validation: PASSED
  Using preferred values for Quantum Corrected (α=+0.00): {'alpha': 1e-05}

--- Validating: Quantum Corrected (α=+0.00) ---
  Running validation trajectory for Quantum Corrected (α=+0.00)...
  Quantum theory detected: Quantum Corrected (α=+0.00)
    - Category: quantum
    - enable_quantum: True
    - use_quantum_trajectories: True
    - NOTE: Using classical solver for proper curved spacetime physics
  Attempting to use UnifiedTrajectoryCalculator for quantum theory
  Quantum results keys: ['amplitude', 'probability', 'method', 'num_samples', 'visualization_paths', 'path_actions', 'quantum_corrections']
  Classical results keys: ['trajectory', 'solver_type', 'time_steps', 'step_size']
  Using classical trajectory from unified calculator
  Classical trajectory shape: torch.Size([101, 4])
  Quantum results stored for uncertainty visualization
  Successfully computed trajectory using quantum solver!
  Returning tag: quantum_unified_trajectory
  Constraint validators using quantum Lagrangian
  Running validator: Conservation Validator
  Running validator: Metric Properties Validator
  Theory category: quantum
  Using tested quantum validator for quantum theory
  Adding tested classical observational validators...
  Running validator: COWInterferometryValidator

Calculating COW phase shift for Quantum Corrected (α=+0.00)...
  Neutron wavelength: 2.2 Å
  Enclosed area: 0.3 cm²
  Neutron velocity: 1798.1 m/s

Results:
  Observed: 2.70 ± 0.21 radians
  Predicted: 2.70 radians
  Error: 0.00 radians (0.1%)
  Status: PASSED

Debug info:
  g_metric: -9.789171 m/s²
  g_newton: 9.819532 m/s²
  Metric gradient dg_tt/dr: -2.178275e-16
  Error running COWInterferometryValidator: 'ValidationResult' object has no attribute 'get'
Traceback (most recent call last):
  File "/Users/p/dev/albert/physics_agent/theory_engine_core.py", line 1085, in run_all_validations
    performance_tracker.end_validator_timing(validator_name, theory.name, result)
  File "/Users/p/dev/albert/physics_agent/validations/validator_performance_tracker.py", line 118, in end_validator_timing
    'status': result.get('flags', {}).get('overall', 'UNKNOWN'),
              ^^^^^^^^^^
AttributeError: 'ValidationResult' object has no attribute 'get'

  Running validator: MercuryPrecessionValidator

Calculating Mercury precession for Quantum Corrected (α=+0.00)...
  Semi-major axis: 57.909 Gm
  Eccentricity: 0.2056
  Orbital period: 87.969 days

Results:
  Observed: 42.98 ± 0.04 arcsec/century
  Predicted: 42.99 arcsec/century
  Error: 0.009 arcsec/century (0.02%)
  Status: PASSED
  Error running MercuryPrecessionValidator: 'ValidationResult' object has no attribute 'get'
Traceback (most recent call last):
  File "/Users/p/dev/albert/physics_agent/theory_engine_core.py", line 1085, in run_all_validations
    performance_tracker.end_validator_timing(validator_name, theory.name, result)
  File "/Users/p/dev/albert/physics_agent/validations/validator_performance_tracker.py", line 118, in end_validator_timing
    'status': result.get('flags', {}).get('overall', 'UNKNOWN'),
              ^^^^^^^^^^
AttributeError: 'ValidationResult' object has no attribute 'get'

  Running validator: LightDeflectionValidator

Calculating light deflection for Quantum Corrected (α=+0.00)...
  Solar mass: 1.989e+30 kg
  Solar radius: 696.0 Mm

Results:
  Observed: 1.7512 ± 0.0016 arcsec
  Predicted: 1.7508 arcsec
  Error: 0.0004 arcsec (0.02%)
  Status: PASSED

Debug info:
  GR theoretical: 1.7508 arcsec
  PPN gamma: 1.000000
  g_rr at test radius: 1.000000424303
  Weak field factor: 4.244030e-07
  Error running LightDeflectionValidator: 'ValidationResult' object has no attribute 'get'
Traceback (most recent call last):
  File "/Users/p/dev/albert/physics_agent/theory_engine_core.py", line 1085, in run_all_validations
    performance_tracker.end_validator_timing(validator_name, theory.name, result)
  File "/Users/p/dev/albert/physics_agent/validations/validator_performance_tracker.py", line 118, in end_validator_timing
    'status': result.get('flags', {}).get('overall', 'UNKNOWN'),
              ^^^^^^^^^^
AttributeError: 'ValidationResult' object has no attribute 'get'

  Running validator: PPN Parameter Validator

Calculating PPN parameters for Quantum Corrected (α=+0.00)...
  Warning: Unrealistic gamma=-2464550456539976501054788337664.000000, defaulting to measurement
  Semi-major axis: 100 - 1000 AU
  Weak field potential Φ/c²: 2.03e-41

Results:
  PPN γ (Cassini): 1.000021 ± 0.000023
  Predicted γ: 1.000000 (0.9σ)
  PPN β (LLR): 1.000000 ± 0.000030
  Predicted β: -2058291698584302177586939691008.000000 (68609723286143403085299290875101184.0σ)
  Combined loss: 20582916985843019542083981734313984.000
  Status: FAIL
  Running validator: Photon Sphere Validator

Calculating photon sphere for Quantum Corrected (α=+0.00)...
  Schwarzschild radius: 1.485e-27 m
  Search range: 1.1 - 5.0 r_s

Results:
  Photon sphere radius: 1.257 r_s (expected: 1.500 r_s)
  Shadow diameter: 13.061 r_s (expected: 5.196 r_s)
  Orbit stability: Unstable (correct)
  Error: 151.36%
  Status: FAIL
  Running validator: Gravitational Wave Validator

Generating gravitational waveforms for Quantum Corrected (α=+0.00)...
  Warning: Theory has no GW modifications implemented
  Running validator: PSR J0740 Shapiro Delay Validator

PSR J0740+6620 System Parameters:
  Pulsar mass: 2.08 M☉
  Companion mass: 0.253 M☉
  Orbital period: 4.7669 days
  Semi-major axis: 10998.4 × 10^6 m
  Inclination: 87.56°
  Timing RMS: 0.28 μs
  Validation tolerance: 3.0 μs

Theory Predictions:
  Analytic Shapiro delay: 17.461 μs
  Numeric time of flight: 18.657 μs
  ⚠️ Observational validations failed - skipping prediction validations
  Constraint tests: PASSED
  Observation tests: FAILED
  Overall validation: PASSED

============================================================
Validation Summary:
  Total theories validated: 3
  Passed: 3
  Failed: 0
============================================================

Theories that passed validation:
  ✓ Post-Quantum Gravity (γ=1.00e-02)
  ✓ Quantum Quantum Template (g=1.0)
  ✓ Quantum Corrected (α=+0.00)

--- Phase 2: Running Full Trajectories for Validated Theories ---
============================================================

--- Running Full Trajectory: Post-Quantum Gravity (γ=1.00e-02) ---

--- Evaluating: Post-Quantum Gravity (γ=1.00e-02) ---

--- Evaluating: Post-Quantum Gravity (γ=1.00e-02) ---
  Results will be saved to: runs/run_20250726_101654_float64/Post-Quantum_Gravity_γ_1_00e-02
  Running pre-flight checks for Post-Quantum Gravity (γ=1.00e-02)...
  Quantum theory detected: Post-Quantum Gravity (γ=1.00e-02)
    - Category: quantum
    - enable_quantum: True
    - use_quantum_trajectories: True
    - NOTE: Using classical solver for proper curved spacetime physics
  Attempting to use UnifiedTrajectoryCalculator for quantum theory
  Quantum results keys: ['amplitude', 'probability', 'method', 'num_samples', 'visualization_paths', 'path_actions', 'quantum_corrections']
  Classical results keys: ['trajectory', 'solver_type', 'time_steps', 'step_size']
  Using classical trajectory from unified calculator
  Classical trajectory shape: torch.Size([101, 4])
  Quantum results stored for uncertainty visualization
  Successfully computed trajectory using quantum solver!
  Returning tag: quantum_unified_trajectory
  Constraint validators using quantum Lagrangian
  Running validator: Conservation Validator
  Running validator: Metric Properties Validator
  Theory category: quantum
  Using tested quantum validator for quantum theory
  Adding tested classical observational validators...
  Running validator: COWInterferometryValidator

Calculating COW phase shift for Post-Quantum Gravity (γ=1.00e-02)...
  Neutron wavelength: 2.2 Å
  Enclosed area: 0.3 cm²
  Neutron velocity: 1798.1 m/s

Results:
  Observed: 2.70 ± 0.21 radians
  Predicted: 2.70 radians
  Error: 0.00 radians (0.1%)
  Status: PASSED

Debug info:
  g_metric: -9.789171 m/s²
  g_newton: 9.819532 m/s²
  Metric gradient dg_tt/dr: -2.178275e-16
  Error running COWInterferometryValidator: 'ValidationResult' object has no attribute 'get'
Traceback (most recent call last):
  File "/Users/p/dev/albert/physics_agent/theory_engine_core.py", line 1085, in run_all_validations
    performance_tracker.end_validator_timing(validator_name, theory.name, result)
  File "/Users/p/dev/albert/physics_agent/validations/validator_performance_tracker.py", line 118, in end_validator_timing
    'status': result.get('flags', {}).get('overall', 'UNKNOWN'),
              ^^^^^^^^^^
AttributeError: 'ValidationResult' object has no attribute 'get'

  Running validator: MercuryPrecessionValidator

Calculating Mercury precession for Post-Quantum Gravity (γ=1.00e-02)...
  Semi-major axis: 57.909 Gm
  Eccentricity: 0.2056
  Orbital period: 87.969 days

Results:
  Observed: 42.98 ± 0.04 arcsec/century
  Predicted: 42.99 arcsec/century
  Error: 0.009 arcsec/century (0.02%)
  Status: PASSED
  Error running MercuryPrecessionValidator: 'ValidationResult' object has no attribute 'get'
Traceback (most recent call last):
  File "/Users/p/dev/albert/physics_agent/theory_engine_core.py", line 1085, in run_all_validations
    performance_tracker.end_validator_timing(validator_name, theory.name, result)
  File "/Users/p/dev/albert/physics_agent/validations/validator_performance_tracker.py", line 118, in end_validator_timing
    'status': result.get('flags', {}).get('overall', 'UNKNOWN'),
              ^^^^^^^^^^
AttributeError: 'ValidationResult' object has no attribute 'get'

  Running validator: LightDeflectionValidator

Calculating light deflection for Post-Quantum Gravity (γ=1.00e-02)...
  Solar mass: 1.989e+30 kg
  Solar radius: 696.0 Mm

Results:
  Observed: 1.7512 ± 0.0016 arcsec
  Predicted: 1.7508 arcsec
  Error: 0.0004 arcsec (0.02%)
  Status: PASSED

Debug info:
  GR theoretical: 1.7508 arcsec
  PPN gamma: 1.000000
  g_rr at test radius: 1.000000424403
  Weak field factor: 4.244030e-07
  Error running LightDeflectionValidator: 'ValidationResult' object has no attribute 'get'
Traceback (most recent call last):
  File "/Users/p/dev/albert/physics_agent/theory_engine_core.py", line 1085, in run_all_validations
    performance_tracker.end_validator_timing(validator_name, theory.name, result)
  File "/Users/p/dev/albert/physics_agent/validations/validator_performance_tracker.py", line 118, in end_validator_timing
    'status': result.get('flags', {}).get('overall', 'UNKNOWN'),
              ^^^^^^^^^^
AttributeError: 'ValidationResult' object has no attribute 'get'

  Running validator: PPN Parameter Validator

Calculating PPN parameters for Post-Quantum Gravity (γ=1.00e-02)...
  Warning: Insufficient weak-field metric deviation detected (<1e-15)
  Running validator: Photon Sphere Validator

Calculating photon sphere for Post-Quantum Gravity (γ=1.00e-02)...
  Schwarzschild radius: 1.485e-27 m
  Search range: 1.1 - 5.0 r_s

Results:
  Photon sphere radius: 1.257 r_s (expected: 1.500 r_s)
  Shadow diameter: 13.061 r_s (expected: 5.196 r_s)
  Orbit stability: Unstable (correct)
  Error: 151.36%
  Status: FAIL
  Running validator: Gravitational Wave Validator

Generating gravitational waveforms for Post-Quantum Gravity (γ=1.00e-02)...
  Warning: Theory has no GW modifications implemented
  Running validator: PSR J0740 Shapiro Delay Validator

PSR J0740+6620 System Parameters:
  Pulsar mass: 2.08 M☉
  Companion mass: 0.253 M☉
  Orbital period: 4.7669 days
  Semi-major axis: 10998.4 × 10^6 m
  Inclination: 87.56°
  Timing RMS: 0.28 μs
  Validation tolerance: 3.0 μs

Theory Predictions:
  Analytic Shapiro delay: 17.461 μs
  Numeric time of flight: 18.657 μs
  ⚠️ Observational validations failed - skipping prediction validations
  [WARNING] Pre-flight constraint checks failed for Post-Quantum Gravity (γ=1.00e-02). Continuing with evaluation.
  Running trajectory simulation for Post-Quantum Gravity (γ=1.00e-02)...
  Testing all 4 standard particles for comprehensive visualization
    Running trajectory for electron...
  Quantum theory detected: Post-Quantum Gravity (γ=1.00e-02)
    - Category: quantum
    - enable_quantum: True
    - use_quantum_trajectories: True
    - NOTE: Using classical solver for proper curved spacetime physics
  Attempting to use UnifiedTrajectoryCalculator for quantum theory
  Quantum results keys: ['amplitude', 'probability', 'method', 'num_samples', 'visualization_paths', 'path_actions', 'quantum_corrections']
  Classical results keys: ['trajectory', 'solver_type', 'time_steps', 'step_size']
  Using classical trajectory from unified calculator
  Classical trajectory shape: torch.Size([101, 4])
  Quantum results stored for uncertainty visualization
  Successfully computed trajectory using quantum solver!
  Returning tag: quantum_unified_trajectory
      Stored electron result with tag: quantum_unified_trajectory
    Running trajectory for photon...
  Quantum theory detected: Post-Quantum Gravity (γ=1.00e-02)
    - Category: quantum
    - enable_quantum: True
    - use_quantum_trajectories: True
    - NOTE: Using classical solver for proper curved spacetime physics
  Attempting to use UnifiedTrajectoryCalculator for quantum theory
  Quantum results keys: ['amplitude', 'probability', 'method', 'num_samples', 'visualization_paths', 'path_actions', 'quantum_corrections']
  Classical results keys: ['trajectory', 'solver_type', 'time_steps', 'step_size']
  Using classical trajectory from unified calculator
  Classical trajectory shape: torch.Size([101, 4])
  Quantum results stored for uncertainty visualization
  Successfully computed trajectory using quantum solver!
  Returning tag: quantum_unified_trajectory
      Stored photon result with tag: quantum_unified_trajectory
    Running trajectory for proton...
  Quantum theory detected: Post-Quantum Gravity (γ=1.00e-02)
    - Category: quantum
    - enable_quantum: True
    - use_quantum_trajectories: True
    - NOTE: Using classical solver for proper curved spacetime physics
  Attempting to use UnifiedTrajectoryCalculator for quantum theory
  Quantum results keys: ['amplitude', 'probability', 'method', 'num_samples', 'visualization_paths', 'path_actions', 'quantum_corrections']
  Classical results keys: ['trajectory', 'solver_type', 'time_steps', 'step_size']
  Using classical trajectory from unified calculator
  Classical trajectory shape: torch.Size([101, 4])
  Quantum results stored for uncertainty visualization
  Successfully computed trajectory using quantum solver!
  Returning tag: quantum_unified_trajectory
      Stored proton result with tag: quantum_unified_trajectory
    Running trajectory for neutrino...
  Quantum theory detected: Post-Quantum Gravity (γ=1.00e-02)
    - Category: quantum
    - enable_quantum: True
    - use_quantum_trajectories: True
    - NOTE: Using classical solver for proper curved spacetime physics
  Attempting to use UnifiedTrajectoryCalculator for quantum theory
  Quantum results keys: ['amplitude', 'probability', 'method', 'num_samples', 'visualization_paths', 'path_actions', 'quantum_corrections']
  Classical results keys: ['trajectory', 'solver_type', 'time_steps', 'step_size']
  Using classical trajectory from unified calculator
  Classical trajectory shape: torch.Size([101, 4])
  Quantum results stored for uncertainty visualization
  Successfully computed trajectory using quantum solver!
  Returning tag: quantum_unified_trajectory
      Stored neutrino result with tag: quantum_unified_trajectory
  Constraint validators using quantum Lagrangian
  Running validator: Conservation Validator
  Running validator: Metric Properties Validator
  Theory category: quantum
  Using tested quantum validator for quantum theory
  Adding tested classical observational validators...
  Running validator: COWInterferometryValidator

Calculating COW phase shift for Post-Quantum Gravity (γ=1.00e-02)...
  Neutron wavelength: 2.2 Å
  Enclosed area: 0.3 cm²
  Neutron velocity: 1798.1 m/s

Results:
  Observed: 2.70 ± 0.21 radians
  Predicted: 2.70 radians
  Error: 0.00 radians (0.1%)
  Status: PASSED

Debug info:
  g_metric: -9.789171 m/s²
  g_newton: 9.819532 m/s²
  Metric gradient dg_tt/dr: -2.178275e-16
  Error running COWInterferometryValidator: 'ValidationResult' object has no attribute 'get'
Traceback (most recent call last):
  File "/Users/p/dev/albert/physics_agent/theory_engine_core.py", line 1085, in run_all_validations
    performance_tracker.end_validator_timing(validator_name, theory.name, result)
  File "/Users/p/dev/albert/physics_agent/validations/validator_performance_tracker.py", line 118, in end_validator_timing
    'status': result.get('flags', {}).get('overall', 'UNKNOWN'),
              ^^^^^^^^^^
AttributeError: 'ValidationResult' object has no attribute 'get'

  Running validator: MercuryPrecessionValidator

Calculating Mercury precession for Post-Quantum Gravity (γ=1.00e-02)...
  Semi-major axis: 57.909 Gm
  Eccentricity: 0.2056
  Orbital period: 87.969 days

Results:
  Observed: 42.98 ± 0.04 arcsec/century
  Predicted: 42.99 arcsec/century
  Error: 0.009 arcsec/century (0.02%)
  Status: PASSED
  Error running MercuryPrecessionValidator: 'ValidationResult' object has no attribute 'get'
Traceback (most recent call last):
  File "/Users/p/dev/albert/physics_agent/theory_engine_core.py", line 1085, in run_all_validations
    performance_tracker.end_validator_timing(validator_name, theory.name, result)
  File "/Users/p/dev/albert/physics_agent/validations/validator_performance_tracker.py", line 118, in end_validator_timing
    'status': result.get('flags', {}).get('overall', 'UNKNOWN'),
              ^^^^^^^^^^
AttributeError: 'ValidationResult' object has no attribute 'get'

  Running validator: LightDeflectionValidator

Calculating light deflection for Post-Quantum Gravity (γ=1.00e-02)...
  Solar mass: 1.989e+30 kg
  Solar radius: 696.0 Mm

Results:
  Observed: 1.7512 ± 0.0016 arcsec
  Predicted: 1.7508 arcsec
  Error: 0.0004 arcsec (0.02%)
  Status: PASSED

Debug info:
  GR theoretical: 1.7508 arcsec
  PPN gamma: 1.000000
  g_rr at test radius: 1.000000424403
  Weak field factor: 4.244030e-07
  Error running LightDeflectionValidator: 'ValidationResult' object has no attribute 'get'
Traceback (most recent call last):
  File "/Users/p/dev/albert/physics_agent/theory_engine_core.py", line 1085, in run_all_validations
    performance_tracker.end_validator_timing(validator_name, theory.name, result)
  File "/Users/p/dev/albert/physics_agent/validations/validator_performance_tracker.py", line 118, in end_validator_timing
    'status': result.get('flags', {}).get('overall', 'UNKNOWN'),
              ^^^^^^^^^^
AttributeError: 'ValidationResult' object has no attribute 'get'

  Running validator: PPN Parameter Validator

Calculating PPN parameters for Post-Quantum Gravity (γ=1.00e-02)...
  Warning: Insufficient weak-field metric deviation detected (<1e-15)
  Running validator: Photon Sphere Validator

Calculating photon sphere for Post-Quantum Gravity (γ=1.00e-02)...
  Schwarzschild radius: 1.485e-27 m
  Search range: 1.1 - 5.0 r_s

Results:
  Photon sphere radius: 1.257 r_s (expected: 1.500 r_s)
  Shadow diameter: 13.061 r_s (expected: 5.196 r_s)
  Orbit stability: Unstable (correct)
  Error: 151.36%
  Status: FAIL
  Running validator: Gravitational Wave Validator

Generating gravitational waveforms for Post-Quantum Gravity (γ=1.00e-02)...
  Warning: Theory has no GW modifications implemented
  Running validator: PSR J0740 Shapiro Delay Validator

PSR J0740+6620 System Parameters:
  Pulsar mass: 2.08 M☉
  Companion mass: 0.253 M☉
  Orbital period: 4.7669 days
  Semi-major axis: 10998.4 × 10^6 m
  Inclination: 87.56°
  Timing RMS: 0.28 μs
  Validation tolerance: 3.0 μs

Theory Predictions:
  Analytic Shapiro delay: 17.461 μs
  Numeric time of flight: 18.657 μs
  ⚠️ Observational validations failed - skipping prediction validations
  Constraint validators using quantum Lagrangian
  Running validator: Conservation Validator
  Running validator: Metric Properties Validator
  Theory category: quantum
  Using tested quantum validator for quantum theory
  Adding tested classical observational validators...
  Running validator: COWInterferometryValidator

Calculating COW phase shift for Post-Quantum Gravity (γ=1.00e-02)...
  Neutron wavelength: 2.2 Å
  Enclosed area: 0.3 cm²
  Neutron velocity: 1798.1 m/s

Results:
  Observed: 2.70 ± 0.21 radians
  Predicted: 2.70 radians
  Error: 0.00 radians (0.1%)
  Status: PASSED

Debug info:
  g_metric: -9.789171 m/s²
  g_newton: 9.819532 m/s²
  Metric gradient dg_tt/dr: -2.178275e-16
  Error running COWInterferometryValidator: 'ValidationResult' object has no attribute 'get'
Traceback (most recent call last):
  File "/Users/p/dev/albert/physics_agent/theory_engine_core.py", line 1085, in run_all_validations
    performance_tracker.end_validator_timing(validator_name, theory.name, result)
  File "/Users/p/dev/albert/physics_agent/validations/validator_performance_tracker.py", line 118, in end_validator_timing
    'status': result.get('flags', {}).get('overall', 'UNKNOWN'),
              ^^^^^^^^^^
AttributeError: 'ValidationResult' object has no attribute 'get'

  Running validator: MercuryPrecessionValidator

Calculating Mercury precession for Post-Quantum Gravity (γ=1.00e-02)...
  Semi-major axis: 57.909 Gm
  Eccentricity: 0.2056
  Orbital period: 87.969 days

Results:
  Observed: 42.98 ± 0.04 arcsec/century
  Predicted: 42.99 arcsec/century
  Error: 0.009 arcsec/century (0.02%)
  Status: PASSED
  Error running MercuryPrecessionValidator: 'ValidationResult' object has no attribute 'get'
Traceback (most recent call last):
  File "/Users/p/dev/albert/physics_agent/theory_engine_core.py", line 1085, in run_all_validations
    performance_tracker.end_validator_timing(validator_name, theory.name, result)
  File "/Users/p/dev/albert/physics_agent/validations/validator_performance_tracker.py", line 118, in end_validator_timing
    'status': result.get('flags', {}).get('overall', 'UNKNOWN'),
              ^^^^^^^^^^
AttributeError: 'ValidationResult' object has no attribute 'get'

  Running validator: LightDeflectionValidator

Calculating light deflection for Post-Quantum Gravity (γ=1.00e-02)...
  Solar mass: 1.989e+30 kg
  Solar radius: 696.0 Mm

Results:
  Observed: 1.7512 ± 0.0016 arcsec
  Predicted: 1.7508 arcsec
  Error: 0.0004 arcsec (0.02%)
  Status: PASSED

Debug info:
  GR theoretical: 1.7508 arcsec
  PPN gamma: 1.000000
  g_rr at test radius: 1.000000424403
  Weak field factor: 4.244030e-07
  Error running LightDeflectionValidator: 'ValidationResult' object has no attribute 'get'
Traceback (most recent call last):
  File "/Users/p/dev/albert/physics_agent/theory_engine_core.py", line 1085, in run_all_validations
    performance_tracker.end_validator_timing(validator_name, theory.name, result)
  File "/Users/p/dev/albert/physics_agent/validations/validator_performance_tracker.py", line 118, in end_validator_timing
    'status': result.get('flags', {}).get('overall', 'UNKNOWN'),
              ^^^^^^^^^^
AttributeError: 'ValidationResult' object has no attribute 'get'

  Running validator: PPN Parameter Validator

Calculating PPN parameters for Post-Quantum Gravity (γ=1.00e-02)...
  Warning: Insufficient weak-field metric deviation detected (<1e-15)
  Running validator: Photon Sphere Validator

Calculating photon sphere for Post-Quantum Gravity (γ=1.00e-02)...
  Schwarzschild radius: 1.485e-27 m
  Search range: 1.1 - 5.0 r_s

Results:
  Photon sphere radius: 1.257 r_s (expected: 1.500 r_s)
  Shadow diameter: 13.061 r_s (expected: 5.196 r_s)
  Orbit stability: Unstable (correct)
  Error: 151.36%
  Status: FAIL
  Running validator: Gravitational Wave Validator

Generating gravitational waveforms for Post-Quantum Gravity (γ=1.00e-02)...
  Warning: Theory has no GW modifications implemented
  Running validator: PSR J0740 Shapiro Delay Validator

PSR J0740+6620 System Parameters:
  Pulsar mass: 2.08 M☉
  Companion mass: 0.253 M☉
  Orbital period: 4.7669 days
  Semi-major axis: 10998.4 × 10^6 m
  Inclination: 87.56°
  Timing RMS: 0.28 μs
  Validation tolerance: 3.0 μs

Theory Predictions:
  Analytic Shapiro delay: 17.461 μs
  Numeric time of flight: 18.657 μs
  ⚠️ Observational validations failed - skipping prediction validations
  Constraint validators using quantum Lagrangian
  Running validator: Conservation Validator
  Running validator: Metric Properties Validator
  Theory category: quantum
  Using tested quantum validator for quantum theory
  Adding tested classical observational validators...
  Running validator: COWInterferometryValidator

Calculating COW phase shift for Post-Quantum Gravity (γ=1.00e-02)...
  Neutron wavelength: 2.2 Å
  Enclosed area: 0.3 cm²
  Neutron velocity: 1798.1 m/s

Results:
  Observed: 2.70 ± 0.21 radians
  Predicted: 2.70 radians
  Error: 0.00 radians (0.1%)
  Status: PASSED

Debug info:
  g_metric: -9.789171 m/s²
  g_newton: 9.819532 m/s²
  Metric gradient dg_tt/dr: -2.178275e-16
  Error running COWInterferometryValidator: 'ValidationResult' object has no attribute 'get'
Traceback (most recent call last):
  File "/Users/p/dev/albert/physics_agent/theory_engine_core.py", line 1085, in run_all_validations
    performance_tracker.end_validator_timing(validator_name, theory.name, result)
  File "/Users/p/dev/albert/physics_agent/validations/validator_performance_tracker.py", line 118, in end_validator_timing
    'status': result.get('flags', {}).get('overall', 'UNKNOWN'),
              ^^^^^^^^^^
AttributeError: 'ValidationResult' object has no attribute 'get'

  Running validator: MercuryPrecessionValidator

Calculating Mercury precession for Post-Quantum Gravity (γ=1.00e-02)...
  Semi-major axis: 57.909 Gm
  Eccentricity: 0.2056
  Orbital period: 87.969 days

Results:
  Observed: 42.98 ± 0.04 arcsec/century
  Predicted: 42.99 arcsec/century
  Error: 0.009 arcsec/century (0.02%)
  Status: PASSED
  Error running MercuryPrecessionValidator: 'ValidationResult' object has no attribute 'get'
Traceback (most recent call last):
  File "/Users/p/dev/albert/physics_agent/theory_engine_core.py", line 1085, in run_all_validations
    performance_tracker.end_validator_timing(validator_name, theory.name, result)
  File "/Users/p/dev/albert/physics_agent/validations/validator_performance_tracker.py", line 118, in end_validator_timing
    'status': result.get('flags', {}).get('overall', 'UNKNOWN'),
              ^^^^^^^^^^
AttributeError: 'ValidationResult' object has no attribute 'get'

  Running validator: LightDeflectionValidator

Calculating light deflection for Post-Quantum Gravity (γ=1.00e-02)...
  Solar mass: 1.989e+30 kg
  Solar radius: 696.0 Mm

Results:
  Observed: 1.7512 ± 0.0016 arcsec
  Predicted: 1.7508 arcsec
  Error: 0.0004 arcsec (0.02%)
  Status: PASSED

Debug info:
  GR theoretical: 1.7508 arcsec
  PPN gamma: 1.000000
  g_rr at test radius: 1.000000424403
  Weak field factor: 4.244030e-07
  Error running LightDeflectionValidator: 'ValidationResult' object has no attribute 'get'
Traceback (most recent call last):
  File "/Users/p/dev/albert/physics_agent/theory_engine_core.py", line 1085, in run_all_validations
    performance_tracker.end_validator_timing(validator_name, theory.name, result)
  File "/Users/p/dev/albert/physics_agent/validations/validator_performance_tracker.py", line 118, in end_validator_timing
    'status': result.get('flags', {}).get('overall', 'UNKNOWN'),
              ^^^^^^^^^^
AttributeError: 'ValidationResult' object has no attribute 'get'

  Running validator: PPN Parameter Validator

Calculating PPN parameters for Post-Quantum Gravity (γ=1.00e-02)...
  Warning: Insufficient weak-field metric deviation detected (<1e-15)
  Running validator: Photon Sphere Validator

Calculating photon sphere for Post-Quantum Gravity (γ=1.00e-02)...
  Schwarzschild radius: 1.485e-27 m
  Search range: 1.1 - 5.0 r_s

Results:
  Photon sphere radius: 1.257 r_s (expected: 1.500 r_s)
  Shadow diameter: 13.061 r_s (expected: 5.196 r_s)
  Orbit stability: Unstable (correct)
  Error: 151.36%
  Status: FAIL
  Running validator: Gravitational Wave Validator

Generating gravitational waveforms for Post-Quantum Gravity (γ=1.00e-02)...
  Warning: Theory has no GW modifications implemented
  Running validator: PSR J0740 Shapiro Delay Validator

PSR J0740+6620 System Parameters:
  Pulsar mass: 2.08 M☉
  Companion mass: 0.253 M☉
  Orbital period: 4.7669 days
  Semi-major axis: 10998.4 × 10^6 m
  Inclination: 87.56°
  Timing RMS: 0.28 μs
  Validation tolerance: 3.0 μs

Theory Predictions:
  Analytic Shapiro delay: 17.461 μs
  Numeric time of flight: 18.657 μs
  ⚠️ Observational validations failed - skipping prediction validations
  Constraint validators using quantum Lagrangian
  Running validator: Conservation Validator
  Running validator: Metric Properties Validator
  Theory category: quantum
  Using tested quantum validator for quantum theory
  Adding tested classical observational validators...
  Running validator: COWInterferometryValidator

Calculating COW phase shift for Post-Quantum Gravity (γ=1.00e-02)...
  Neutron wavelength: 2.2 Å
  Enclosed area: 0.3 cm²
  Neutron velocity: 1798.1 m/s

Results:
  Observed: 2.70 ± 0.21 radians
  Predicted: 2.70 radians
  Error: 0.00 radians (0.1%)
  Status: PASSED

Debug info:
  g_metric: -9.789171 m/s²
  g_newton: 9.819532 m/s²
  Metric gradient dg_tt/dr: -2.178275e-16
  Error running COWInterferometryValidator: 'ValidationResult' object has no attribute 'get'
Traceback (most recent call last):
  File "/Users/p/dev/albert/physics_agent/theory_engine_core.py", line 1085, in run_all_validations
    performance_tracker.end_validator_timing(validator_name, theory.name, result)
  File "/Users/p/dev/albert/physics_agent/validations/validator_performance_tracker.py", line 118, in end_validator_timing
    'status': result.get('flags', {}).get('overall', 'UNKNOWN'),
              ^^^^^^^^^^
AttributeError: 'ValidationResult' object has no attribute 'get'

  Running validator: MercuryPrecessionValidator

Calculating Mercury precession for Post-Quantum Gravity (γ=1.00e-02)...
  Semi-major axis: 57.909 Gm
  Eccentricity: 0.2056
  Orbital period: 87.969 days

Results:
  Observed: 42.98 ± 0.04 arcsec/century
  Predicted: 42.99 arcsec/century
  Error: 0.009 arcsec/century (0.02%)
  Status: PASSED
  Error running MercuryPrecessionValidator: 'ValidationResult' object has no attribute 'get'
Traceback (most recent call last):
  File "/Users/p/dev/albert/physics_agent/theory_engine_core.py", line 1085, in run_all_validations
    performance_tracker.end_validator_timing(validator_name, theory.name, result)
  File "/Users/p/dev/albert/physics_agent/validations/validator_performance_tracker.py", line 118, in end_validator_timing
    'status': result.get('flags', {}).get('overall', 'UNKNOWN'),
              ^^^^^^^^^^
AttributeError: 'ValidationResult' object has no attribute 'get'

  Running validator: LightDeflectionValidator

Calculating light deflection for Post-Quantum Gravity (γ=1.00e-02)...
  Solar mass: 1.989e+30 kg
  Solar radius: 696.0 Mm

Results:
  Observed: 1.7512 ± 0.0016 arcsec
  Predicted: 1.7508 arcsec
  Error: 0.0004 arcsec (0.02%)
  Status: PASSED

Debug info:
  GR theoretical: 1.7508 arcsec
  PPN gamma: 1.000000
  g_rr at test radius: 1.000000424403
  Weak field factor: 4.244030e-07
  Error running LightDeflectionValidator: 'ValidationResult' object has no attribute 'get'
Traceback (most recent call last):
  File "/Users/p/dev/albert/physics_agent/theory_engine_core.py", line 1085, in run_all_validations
    performance_tracker.end_validator_timing(validator_name, theory.name, result)
  File "/Users/p/dev/albert/physics_agent/validations/validator_performance_tracker.py", line 118, in end_validator_timing
    'status': result.get('flags', {}).get('overall', 'UNKNOWN'),
              ^^^^^^^^^^
AttributeError: 'ValidationResult' object has no attribute 'get'

  Running validator: PPN Parameter Validator

Calculating PPN parameters for Post-Quantum Gravity (γ=1.00e-02)...
  Warning: Insufficient weak-field metric deviation detected (<1e-15)
  Running validator: Photon Sphere Validator

Calculating photon sphere for Post-Quantum Gravity (γ=1.00e-02)...
  Schwarzschild radius: 1.485e-27 m
  Search range: 1.1 - 5.0 r_s

Results:
  Photon sphere radius: 1.257 r_s (expected: 1.500 r_s)
  Shadow diameter: 13.061 r_s (expected: 5.196 r_s)
  Orbit stability: Unstable (correct)
  Error: 151.36%
  Status: FAIL
  Running validator: Gravitational Wave Validator

Generating gravitational waveforms for Post-Quantum Gravity (γ=1.00e-02)...
  Warning: Theory has no GW modifications implemented
  Running validator: PSR J0740 Shapiro Delay Validator

PSR J0740+6620 System Parameters:
  Pulsar mass: 2.08 M☉
  Companion mass: 0.253 M☉
  Orbital period: 4.7669 days
  Semi-major axis: 10998.4 × 10^6 m
  Inclination: 87.56°
  Timing RMS: 0.28 μs
  Validation tolerance: 3.0 μs

Theory Predictions:
  Analytic Shapiro delay: 17.461 μs
  Numeric time of flight: 18.657 μs
  ⚠️ Observational validations failed - skipping prediction validations
  Generating trajectory comparison plot...
  WARNING: Trajectory has no radial motion! r_mean=30.000, r_std=0.000e+00
    Initial r=30.000, final r=30.000
    This suggests a problem with the geodesic solver or initial conditions
  DEBUG: Quantum uncertainty cloud - r range: [30.000, 30.000]
  DEBUG: Quantum uncertainty cloud - phi range: [0.000, 0.000]
  DEBUG: Quantum uncertainty cloud - t range: [0.000, 0.982]
  Trajectory appears stationary - showing quantum uncertainty at fixed position
  Added quantum uncertainty visualization with 20 sample points
  Uncertainty radius range: [3.000, 3.000] Rs
  Actual de Broglie wavelength: ~1.08e-08 m
  Display scale factor: 8.21e+11×
  Trajectory has 101 points, using step interval 3 for markers
  Trajectory range: r=[30.000, 30.000], phi=[0.000, 0.000]
  WARNING: Theory 'Post-Quantum Gravity (γ=1.00e-02)' produces no motion (stationary trajectory)
           This may indicate a problem with the theory's equations of motion
    Processing 2 baselines for checkpoints...
      Baseline: Kerr (a=0.00)
        Adding 9 checkpoints for Kerr (a=0.00)
          Checkpoint at 10%: idx=10, z=0.105, ring_radius=0.900
          Checkpoint at 20%: idx=20, z=0.210, ring_radius=0.900
          Checkpoint at 30%: idx=30, z=0.316, ring_radius=0.900
          Checkpoint at 40%: idx=40, z=0.421, ring_radius=0.900
          Checkpoint at 50%: idx=50, z=0.526, ring_radius=0.900
          Checkpoint at 60%: idx=60, z=0.631, ring_radius=0.900
          Checkpoint at 70%: idx=70, z=0.737, ring_radius=0.900
          Checkpoint at 80%: idx=80, z=0.842, ring_radius=0.900
          Checkpoint at 90%: idx=90, z=0.947, ring_radius=0.900
      Baseline: Kerr-Newman (a=0.00, q_e=0.50)
        Adding 9 checkpoints for Kerr-Newman (a=0.00, q_e=0.50)
          Checkpoint at 10%: idx=10, z=0.105, ring_radius=0.900
          Checkpoint at 20%: idx=20, z=0.210, ring_radius=0.900
          Checkpoint at 30%: idx=30, z=0.316, ring_radius=0.900
          Checkpoint at 40%: idx=40, z=0.421, ring_radius=0.900
          Checkpoint at 50%: idx=50, z=0.526, ring_radius=0.900
          Checkpoint at 60%: idx=60, z=0.631, ring_radius=0.900
          Checkpoint at 70%: idx=70, z=0.737, ring_radius=0.900
          Checkpoint at 80%: idx=80, z=0.842, ring_radius=0.900
          Checkpoint at 90%: idx=90, z=0.947, ring_radius=0.900
  Plot saved to runs/run_20250726_101654_float64/Post-Quantum_Gravity_γ_1_00e-02/viz/trajectory_comparison.png
  Generating multi-particle grid visualization...
    Generating particle-specific baselines...
    Generated multi-particle grid: runs/run_20250726_101654_float64/Post-Quantum_Gravity_γ_1_00e-02/viz/multi_particle_grid.png
    Generating unified multi-particle plot for Post-Quantum Gravity (γ=1.00e-02)...
    Particle trajectories available: ['electron', 'photon', 'proton', 'neutrino']
    Processing electron...
      electron trajectory: 101 points
      r range: [30.000, 30.000] (geometric units)
      phi range: [0.000, 0.000] rad
      t range: [0.000, 0.982] (geometric units)
      WARNING: electron has minimal radial motion (std=0.000e+00)
      Successfully plotted electron trajectory
    Processing photon...
      photon trajectory: 101 points
      r range: [30.000, 30.000] (geometric units)
      phi range: [0.000, 0.000] rad
      t range: [0.000, 0.982] (geometric units)
      WARNING: photon has minimal radial motion (std=0.000e+00)
      Successfully plotted photon trajectory
    Processing proton...
      proton trajectory: 101 points
      r range: [30.000, 30.000] (geometric units)
      phi range: [0.000, 0.000] rad
      t range: [0.000, 0.982] (geometric units)
      WARNING: proton has minimal radial motion (std=0.000e+00)
      Successfully plotted proton trajectory
    Processing neutrino...
      neutrino trajectory: 101 points
      r range: [30.000, 30.000] (geometric units)
      phi range: [0.000, 0.000] rad
      t range: [0.000, 0.982] (geometric units)
      WARNING: neutrino has minimal radial motion (std=0.000e+00)
      Successfully plotted neutrino trajectory
    Radial range across all particles: [30.000, 30.000]
    Time range across all particles: [0.000, 0.982]

  Unified multi-particle plot saved to: runs/run_20250726_101654_float64/Post-Quantum_Gravity_γ_1_00e-02/viz/all_particles_unified.png
  Summary: 4 particles plotted successfully
  Generated unified multi-particle plot: runs/run_20250726_101654_float64/Post-Quantum_Gravity_γ_1_00e-02/viz/all_particles_unified.png
  Quantum theory detected: Post-Quantum Gravity (γ=1.00e-02)
    - Category: quantum
    - enable_quantum: True
    - use_quantum_trajectories: True
    - NOTE: Using classical solver for proper curved spacetime physics
  Attempting to use UnifiedTrajectoryCalculator for quantum theory
  Quantum results keys: ['amplitude', 'probability', 'method', 'num_samples', 'visualization_paths', 'path_actions', 'quantum_corrections']
  Classical results keys: ['trajectory', 'solver_type', 'time_steps', 'step_size']
  Using classical trajectory from unified calculator
  Classical trajectory shape: torch.Size([101, 4])
  Quantum results stored for uncertainty visualization
  Successfully computed trajectory using quantum solver!
  Returning tag: quantum_unified_trajectory
  Generated HTML report: runs/run_20250726_101654_float64/Post-Quantum_Gravity_γ_1_00e-02/results.html
  Results saved to: runs/run_20250726_101654_float64/Post-Quantum_Gravity_γ_1_00e-02

--- Running Full Trajectory: Quantum Quantum Template (g=1.0) ---

--- Evaluating: Quantum Quantum Template (g=1.0) ---

--- Evaluating: Quantum Quantum Template (g=1.0) ---
  Results will be saved to: runs/run_20250726_101654_float64/Quantum_Quantum_Template_g_1_0
  Running pre-flight checks for Quantum Quantum Template (g=1.0)...
  Quantum theory detected: Quantum Quantum Template (g=1.0)
    - Category: quantum
    - enable_quantum: True
    - use_quantum_trajectories: True
    - NOTE: Using classical solver for proper curved spacetime physics
  Attempting to use UnifiedTrajectoryCalculator for quantum theory
  Quantum results keys: ['amplitude', 'probability', 'method', 'num_samples', 'visualization_paths', 'path_actions', 'quantum_corrections']
  Classical results keys: ['trajectory', 'solver_type', 'time_steps', 'step_size']
  Using classical trajectory from unified calculator
  Classical trajectory shape: torch.Size([101, 4])
  Quantum results stored for uncertainty visualization
  Successfully computed trajectory using quantum solver!
  Returning tag: quantum_unified_trajectory
  Constraint validators using quantum Lagrangian
  Running validator: Conservation Validator
  Running validator: Metric Properties Validator
  Theory category: quantum
  Using tested quantum validator for quantum theory
  Adding tested classical observational validators...
  Running validator: COWInterferometryValidator

Calculating COW phase shift for Quantum Quantum Template (g=1.0)...
  Neutron wavelength: 2.2 Å
  Enclosed area: 0.3 cm²
  Neutron velocity: 1798.1 m/s

Results:
  Observed: 2.70 ± 0.21 radians
  Predicted: 1.94 radians
  Error: 0.76 radians (28.1%)
  Status: FAILED

Debug info:
  g_metric: -7.048203 m/s²
  g_newton: 9.819532 m/s²
  Metric gradient dg_tt/dr: -1.568358e-16
  Error running COWInterferometryValidator: 'ValidationResult' object has no attribute 'get'
Traceback (most recent call last):
  File "/Users/p/dev/albert/physics_agent/theory_engine_core.py", line 1085, in run_all_validations
    performance_tracker.end_validator_timing(validator_name, theory.name, result)
  File "/Users/p/dev/albert/physics_agent/validations/validator_performance_tracker.py", line 118, in end_validator_timing
    'status': result.get('flags', {}).get('overall', 'UNKNOWN'),
              ^^^^^^^^^^
AttributeError: 'ValidationResult' object has no attribute 'get'

  Running validator: MercuryPrecessionValidator

Calculating Mercury precession for Quantum Quantum Template (g=1.0)...
  Semi-major axis: 57.909 Gm
  Eccentricity: 0.2056
  Orbital period: 87.969 days

Results:
  Observed: 42.98 ± 0.04 arcsec/century
  Predicted: 42.99 arcsec/century
  Error: 0.009 arcsec/century (0.02%)
  Status: PASSED
  Error running MercuryPrecessionValidator: 'ValidationResult' object has no attribute 'get'
Traceback (most recent call last):
  File "/Users/p/dev/albert/physics_agent/theory_engine_core.py", line 1085, in run_all_validations
    performance_tracker.end_validator_timing(validator_name, theory.name, result)
  File "/Users/p/dev/albert/physics_agent/validations/validator_performance_tracker.py", line 118, in end_validator_timing
    'status': result.get('flags', {}).get('overall', 'UNKNOWN'),
              ^^^^^^^^^^
AttributeError: 'ValidationResult' object has no attribute 'get'

  Running validator: LightDeflectionValidator

Calculating light deflection for Quantum Quantum Template (g=1.0)...
  Solar mass: 1.989e+30 kg
  Solar radius: 696.0 Mm

Results:
  Observed: 1.7512 ± 0.0016 arcsec
  Predicted: 1.7508 arcsec
  Error: 0.0004 arcsec (0.02%)
  Status: PASSED

Debug info:
  GR theoretical: 1.7508 arcsec
  PPN gamma: 1.000000
  g_rr at test radius: 1.000000334815
  Weak field factor: 4.244030e-07
  Error running LightDeflectionValidator: 'ValidationResult' object has no attribute 'get'
Traceback (most recent call last):
  File "/Users/p/dev/albert/physics_agent/theory_engine_core.py", line 1085, in run_all_validations
    performance_tracker.end_validator_timing(validator_name, theory.name, result)
  File "/Users/p/dev/albert/physics_agent/validations/validator_performance_tracker.py", line 118, in end_validator_timing
    'status': result.get('flags', {}).get('overall', 'UNKNOWN'),
              ^^^^^^^^^^
AttributeError: 'ValidationResult' object has no attribute 'get'

  Running validator: PPN Parameter Validator

Calculating PPN parameters for Quantum Quantum Template (g=1.0)...
  Warning: Unrealistic gamma=-2464550456539976501054788337664.000000, defaulting to measurement
  Semi-major axis: 100 - 1000 AU
  Weak field potential Φ/c²: 2.03e-41

Results:
  PPN γ (Cassini): 1.000021 ± 0.000023
  Predicted γ: 1.000000 (0.9σ)
  PPN β (LLR): 1.000000 ± 0.000030
  Predicted β: -2058291698584302177586939691008.000000 (68609723286143403085299290875101184.0σ)
  Combined loss: 20582916985843019542083981734313984.000
  Status: FAIL
  Running validator: Photon Sphere Validator

Calculating photon sphere for Quantum Quantum Template (g=1.0)...
  Schwarzschild radius: 1.485e-27 m
  Search range: 1.1 - 5.0 r_s

Results:
  Photon sphere radius: 1.100 r_s (expected: 1.500 r_s)
  Shadow diameter: 11.432 r_s (expected: 5.196 r_s)
  Orbit stability: Unstable (correct)
  Error: 120.01%
  Status: FAIL
  Running validator: Gravitational Wave Validator

Generating gravitational waveforms for Quantum Quantum Template (g=1.0)...
  Warning: Theory has no GW modifications implemented
  Running validator: PSR J0740 Shapiro Delay Validator

PSR J0740+6620 System Parameters:
  Pulsar mass: 2.08 M☉
  Companion mass: 0.253 M☉
  Orbital period: 4.7669 days
  Semi-major axis: 10998.4 × 10^6 m
  Inclination: 87.56°
  Timing RMS: 0.28 μs
  Validation tolerance: 3.0 μs

Theory Predictions:
  Analytic Shapiro delay: 17.461 μs
  Numeric time of flight: 13.007 μs
  ⚠️ Observational validations failed - skipping prediction validations
  [WARNING] Pre-flight constraint checks failed for Quantum Quantum Template (g=1.0). Continuing with evaluation.
  Running trajectory simulation for Quantum Quantum Template (g=1.0)...
  Testing all 4 standard particles for comprehensive visualization
    Running trajectory for electron...
  Quantum theory detected: Quantum Quantum Template (g=1.0)
    - Category: quantum
    - enable_quantum: True
    - use_quantum_trajectories: True
    - NOTE: Using classical solver for proper curved spacetime physics
  Attempting to use UnifiedTrajectoryCalculator for quantum theory
  Quantum results keys: ['amplitude', 'probability', 'method', 'num_samples', 'visualization_paths', 'path_actions', 'quantum_corrections']
  Classical results keys: ['trajectory', 'solver_type', 'time_steps', 'step_size']
  Using classical trajectory from unified calculator
  Classical trajectory shape: torch.Size([101, 4])
  Quantum results stored for uncertainty visualization
  Successfully computed trajectory using quantum solver!
  Returning tag: quantum_unified_trajectory
      Stored electron result with tag: quantum_unified_trajectory
    Running trajectory for photon...
  Quantum theory detected: Quantum Quantum Template (g=1.0)
    - Category: quantum
    - enable_quantum: True
    - use_quantum_trajectories: True
    - NOTE: Using classical solver for proper curved spacetime physics
  Attempting to use UnifiedTrajectoryCalculator for quantum theory
  Quantum results keys: ['amplitude', 'probability', 'method', 'num_samples', 'visualization_paths', 'path_actions', 'quantum_corrections']
  Classical results keys: ['trajectory', 'solver_type', 'time_steps', 'step_size']
  Using classical trajectory from unified calculator
  Classical trajectory shape: torch.Size([101, 4])
  Quantum results stored for uncertainty visualization
  Successfully computed trajectory using quantum solver!
  Returning tag: quantum_unified_trajectory
      Stored photon result with tag: quantum_unified_trajectory
    Running trajectory for proton...
  Quantum theory detected: Quantum Quantum Template (g=1.0)
    - Category: quantum
    - enable_quantum: True
    - use_quantum_trajectories: True
    - NOTE: Using classical solver for proper curved spacetime physics
  Attempting to use UnifiedTrajectoryCalculator for quantum theory
  Quantum results keys: ['amplitude', 'probability', 'method', 'num_samples', 'visualization_paths', 'path_actions', 'quantum_corrections']
  Classical results keys: ['trajectory', 'solver_type', 'time_steps', 'step_size']
  Using classical trajectory from unified calculator
  Classical trajectory shape: torch.Size([101, 4])
  Quantum results stored for uncertainty visualization
  Successfully computed trajectory using quantum solver!
  Returning tag: quantum_unified_trajectory
      Stored proton result with tag: quantum_unified_trajectory
    Running trajectory for neutrino...
  Quantum theory detected: Quantum Quantum Template (g=1.0)
    - Category: quantum
    - enable_quantum: True
    - use_quantum_trajectories: True
    - NOTE: Using classical solver for proper curved spacetime physics
  Attempting to use UnifiedTrajectoryCalculator for quantum theory
  Quantum results keys: ['amplitude', 'probability', 'method', 'num_samples', 'visualization_paths', 'path_actions', 'quantum_corrections']
  Classical results keys: ['trajectory', 'solver_type', 'time_steps', 'step_size']
  Using classical trajectory from unified calculator
  Classical trajectory shape: torch.Size([101, 4])
  Quantum results stored for uncertainty visualization
  Successfully computed trajectory using quantum solver!
  Returning tag: quantum_unified_trajectory
      Stored neutrino result with tag: quantum_unified_trajectory
  Constraint validators using quantum Lagrangian
  Running validator: Conservation Validator
  Running validator: Metric Properties Validator
  Theory category: quantum
  Using tested quantum validator for quantum theory
  Adding tested classical observational validators...
  Running validator: COWInterferometryValidator

Calculating COW phase shift for Quantum Quantum Template (g=1.0)...
  Neutron wavelength: 2.2 Å
  Enclosed area: 0.3 cm²
  Neutron velocity: 1798.1 m/s

Results:
  Observed: 2.70 ± 0.21 radians
  Predicted: 1.94 radians
  Error: 0.76 radians (28.1%)
  Status: FAILED

Debug info:
  g_metric: -7.048203 m/s²
  g_newton: 9.819532 m/s²
  Metric gradient dg_tt/dr: -1.568358e-16
  Error running COWInterferometryValidator: 'ValidationResult' object has no attribute 'get'
Traceback (most recent call last):
  File "/Users/p/dev/albert/physics_agent/theory_engine_core.py", line 1085, in run_all_validations
    performance_tracker.end_validator_timing(validator_name, theory.name, result)
  File "/Users/p/dev/albert/physics_agent/validations/validator_performance_tracker.py", line 118, in end_validator_timing
    'status': result.get('flags', {}).get('overall', 'UNKNOWN'),
              ^^^^^^^^^^
AttributeError: 'ValidationResult' object has no attribute 'get'

  Running validator: MercuryPrecessionValidator

Calculating Mercury precession for Quantum Quantum Template (g=1.0)...
  Semi-major axis: 57.909 Gm
  Eccentricity: 0.2056
  Orbital period: 87.969 days

Results:
  Observed: 42.98 ± 0.04 arcsec/century
  Predicted: 42.99 arcsec/century
  Error: 0.009 arcsec/century (0.02%)
  Status: PASSED
  Error running MercuryPrecessionValidator: 'ValidationResult' object has no attribute 'get'
Traceback (most recent call last):
  File "/Users/p/dev/albert/physics_agent/theory_engine_core.py", line 1085, in run_all_validations
    performance_tracker.end_validator_timing(validator_name, theory.name, result)
  File "/Users/p/dev/albert/physics_agent/validations/validator_performance_tracker.py", line 118, in end_validator_timing
    'status': result.get('flags', {}).get('overall', 'UNKNOWN'),
              ^^^^^^^^^^
AttributeError: 'ValidationResult' object has no attribute 'get'

  Running validator: LightDeflectionValidator

Calculating light deflection for Quantum Quantum Template (g=1.0)...
  Solar mass: 1.989e+30 kg
  Solar radius: 696.0 Mm

Results:
  Observed: 1.7512 ± 0.0016 arcsec
  Predicted: 1.7508 arcsec
  Error: 0.0004 arcsec (0.02%)
  Status: PASSED

Debug info:
  GR theoretical: 1.7508 arcsec
  PPN gamma: 1.000000
  g_rr at test radius: 1.000000334815
  Weak field factor: 4.244030e-07
  Error running LightDeflectionValidator: 'ValidationResult' object has no attribute 'get'
Traceback (most recent call last):
  File "/Users/p/dev/albert/physics_agent/theory_engine_core.py", line 1085, in run_all_validations
    performance_tracker.end_validator_timing(validator_name, theory.name, result)
  File "/Users/p/dev/albert/physics_agent/validations/validator_performance_tracker.py", line 118, in end_validator_timing
    'status': result.get('flags', {}).get('overall', 'UNKNOWN'),
              ^^^^^^^^^^
AttributeError: 'ValidationResult' object has no attribute 'get'

  Running validator: PPN Parameter Validator

Calculating PPN parameters for Quantum Quantum Template (g=1.0)...
  Warning: Unrealistic gamma=-2464550456539976501054788337664.000000, defaulting to measurement
  Semi-major axis: 100 - 1000 AU
  Weak field potential Φ/c²: 2.03e-41

Results:
  PPN γ (Cassini): 1.000021 ± 0.000023
  Predicted γ: 1.000000 (0.9σ)
  PPN β (LLR): 1.000000 ± 0.000030
  Predicted β: -2058291698584302177586939691008.000000 (68609723286143403085299290875101184.0σ)
  Combined loss: 20582916985843019542083981734313984.000
  Status: FAIL
  Running validator: Photon Sphere Validator

Calculating photon sphere for Quantum Quantum Template (g=1.0)...
  Schwarzschild radius: 1.485e-27 m
  Search range: 1.1 - 5.0 r_s

Results:
  Photon sphere radius: 1.100 r_s (expected: 1.500 r_s)
  Shadow diameter: 11.432 r_s (expected: 5.196 r_s)
  Orbit stability: Unstable (correct)
  Error: 120.01%
  Status: FAIL
  Running validator: Gravitational Wave Validator

Generating gravitational waveforms for Quantum Quantum Template (g=1.0)...
  Warning: Theory has no GW modifications implemented
  Running validator: PSR J0740 Shapiro Delay Validator

PSR J0740+6620 System Parameters:
  Pulsar mass: 2.08 M☉
  Companion mass: 0.253 M☉
  Orbital period: 4.7669 days
  Semi-major axis: 10998.4 × 10^6 m
  Inclination: 87.56°
  Timing RMS: 0.28 μs
  Validation tolerance: 3.0 μs

Theory Predictions:
  Analytic Shapiro delay: 17.461 μs
  Numeric time of flight: 13.007 μs
  ⚠️ Observational validations failed - skipping prediction validations
  Constraint validators using quantum Lagrangian
  Running validator: Conservation Validator
  Running validator: Metric Properties Validator
  Theory category: quantum
  Using tested quantum validator for quantum theory
  Adding tested classical observational validators...
  Running validator: COWInterferometryValidator

Calculating COW phase shift for Quantum Quantum Template (g=1.0)...
  Neutron wavelength: 2.2 Å
  Enclosed area: 0.3 cm²
  Neutron velocity: 1798.1 m/s

Results:
  Observed: 2.70 ± 0.21 radians
  Predicted: 1.94 radians
  Error: 0.76 radians (28.1%)
  Status: FAILED

Debug info:
  g_metric: -7.048203 m/s²
  g_newton: 9.819532 m/s²
  Metric gradient dg_tt/dr: -1.568358e-16
  Error running COWInterferometryValidator: 'ValidationResult' object has no attribute 'get'
Traceback (most recent call last):
  File "/Users/p/dev/albert/physics_agent/theory_engine_core.py", line 1085, in run_all_validations
    performance_tracker.end_validator_timing(validator_name, theory.name, result)
  File "/Users/p/dev/albert/physics_agent/validations/validator_performance_tracker.py", line 118, in end_validator_timing
    'status': result.get('flags', {}).get('overall', 'UNKNOWN'),
              ^^^^^^^^^^
AttributeError: 'ValidationResult' object has no attribute 'get'

  Running validator: MercuryPrecessionValidator

Calculating Mercury precession for Quantum Quantum Template (g=1.0)...
  Semi-major axis: 57.909 Gm
  Eccentricity: 0.2056
  Orbital period: 87.969 days

Results:
  Observed: 42.98 ± 0.04 arcsec/century
  Predicted: 42.99 arcsec/century
  Error: 0.009 arcsec/century (0.02%)
  Status: PASSED
  Error running MercuryPrecessionValidator: 'ValidationResult' object has no attribute 'get'
Traceback (most recent call last):
  File "/Users/p/dev/albert/physics_agent/theory_engine_core.py", line 1085, in run_all_validations
    performance_tracker.end_validator_timing(validator_name, theory.name, result)
  File "/Users/p/dev/albert/physics_agent/validations/validator_performance_tracker.py", line 118, in end_validator_timing
    'status': result.get('flags', {}).get('overall', 'UNKNOWN'),
              ^^^^^^^^^^
AttributeError: 'ValidationResult' object has no attribute 'get'

  Running validator: LightDeflectionValidator

Calculating light deflection for Quantum Quantum Template (g=1.0)...
  Solar mass: 1.989e+30 kg
  Solar radius: 696.0 Mm

Results:
  Observed: 1.7512 ± 0.0016 arcsec
  Predicted: 1.7508 arcsec
  Error: 0.0004 arcsec (0.02%)
  Status: PASSED

Debug info:
  GR theoretical: 1.7508 arcsec
  PPN gamma: 1.000000
  g_rr at test radius: 1.000000334815
  Weak field factor: 4.244030e-07
  Error running LightDeflectionValidator: 'ValidationResult' object has no attribute 'get'
Traceback (most recent call last):
  File "/Users/p/dev/albert/physics_agent/theory_engine_core.py", line 1085, in run_all_validations
    performance_tracker.end_validator_timing(validator_name, theory.name, result)
  File "/Users/p/dev/albert/physics_agent/validations/validator_performance_tracker.py", line 118, in end_validator_timing
    'status': result.get('flags', {}).get('overall', 'UNKNOWN'),
              ^^^^^^^^^^
AttributeError: 'ValidationResult' object has no attribute 'get'

  Running validator: PPN Parameter Validator

Calculating PPN parameters for Quantum Quantum Template (g=1.0)...
  Warning: Unrealistic gamma=-2464550456539976501054788337664.000000, defaulting to measurement
  Semi-major axis: 100 - 1000 AU
  Weak field potential Φ/c²: 2.03e-41

Results:
  PPN γ (Cassini): 1.000021 ± 0.000023
  Predicted γ: 1.000000 (0.9σ)
  PPN β (LLR): 1.000000 ± 0.000030
  Predicted β: -2058291698584302177586939691008.000000 (68609723286143403085299290875101184.0σ)
  Combined loss: 20582916985843019542083981734313984.000
  Status: FAIL
  Running validator: Photon Sphere Validator

Calculating photon sphere for Quantum Quantum Template (g=1.0)...
  Schwarzschild radius: 1.485e-27 m
  Search range: 1.1 - 5.0 r_s

Results:
  Photon sphere radius: 1.100 r_s (expected: 1.500 r_s)
  Shadow diameter: 11.432 r_s (expected: 5.196 r_s)
  Orbit stability: Unstable (correct)
  Error: 120.01%
  Status: FAIL
  Running validator: Gravitational Wave Validator

Generating gravitational waveforms for Quantum Quantum Template (g=1.0)...
  Warning: Theory has no GW modifications implemented
  Running validator: PSR J0740 Shapiro Delay Validator

PSR J0740+6620 System Parameters:
  Pulsar mass: 2.08 M☉
  Companion mass: 0.253 M☉
  Orbital period: 4.7669 days
  Semi-major axis: 10998.4 × 10^6 m
  Inclination: 87.56°
  Timing RMS: 0.28 μs
  Validation tolerance: 3.0 μs

Theory Predictions:
  Analytic Shapiro delay: 17.461 μs
  Numeric time of flight: 13.007 μs
  ⚠️ Observational validations failed - skipping prediction validations
  Constraint validators using quantum Lagrangian
  Running validator: Conservation Validator
  Running validator: Metric Properties Validator
  Theory category: quantum
  Using tested quantum validator for quantum theory
  Adding tested classical observational validators...
  Running validator: COWInterferometryValidator

Calculating COW phase shift for Quantum Quantum Template (g=1.0)...
  Neutron wavelength: 2.2 Å
  Enclosed area: 0.3 cm²
  Neutron velocity: 1798.1 m/s

Results:
  Observed: 2.70 ± 0.21 radians
  Predicted: 1.94 radians
  Error: 0.76 radians (28.1%)
  Status: FAILED

Debug info:
  g_metric: -7.048203 m/s²
  g_newton: 9.819532 m/s²
  Metric gradient dg_tt/dr: -1.568358e-16
  Error running COWInterferometryValidator: 'ValidationResult' object has no attribute 'get'
Traceback (most recent call last):
  File "/Users/p/dev/albert/physics_agent/theory_engine_core.py", line 1085, in run_all_validations
    performance_tracker.end_validator_timing(validator_name, theory.name, result)
  File "/Users/p/dev/albert/physics_agent/validations/validator_performance_tracker.py", line 118, in end_validator_timing
    'status': result.get('flags', {}).get('overall', 'UNKNOWN'),
              ^^^^^^^^^^
AttributeError: 'ValidationResult' object has no attribute 'get'

  Running validator: MercuryPrecessionValidator

Calculating Mercury precession for Quantum Quantum Template (g=1.0)...
  Semi-major axis: 57.909 Gm
  Eccentricity: 0.2056
  Orbital period: 87.969 days

Results:
  Observed: 42.98 ± 0.04 arcsec/century
  Predicted: 42.99 arcsec/century
  Error: 0.009 arcsec/century (0.02%)
  Status: PASSED
  Error running MercuryPrecessionValidator: 'ValidationResult' object has no attribute 'get'
Traceback (most recent call last):
  File "/Users/p/dev/albert/physics_agent/theory_engine_core.py", line 1085, in run_all_validations
    performance_tracker.end_validator_timing(validator_name, theory.name, result)
  File "/Users/p/dev/albert/physics_agent/validations/validator_performance_tracker.py", line 118, in end_validator_timing
    'status': result.get('flags', {}).get('overall', 'UNKNOWN'),
              ^^^^^^^^^^
AttributeError: 'ValidationResult' object has no attribute 'get'

  Running validator: LightDeflectionValidator

Calculating light deflection for Quantum Quantum Template (g=1.0)...
  Solar mass: 1.989e+30 kg
  Solar radius: 696.0 Mm

Results:
  Observed: 1.7512 ± 0.0016 arcsec
  Predicted: 1.7508 arcsec
  Error: 0.0004 arcsec (0.02%)
  Status: PASSED

Debug info:
  GR theoretical: 1.7508 arcsec
  PPN gamma: 1.000000
  g_rr at test radius: 1.000000334815
  Weak field factor: 4.244030e-07
  Error running LightDeflectionValidator: 'ValidationResult' object has no attribute 'get'
Traceback (most recent call last):
  File "/Users/p/dev/albert/physics_agent/theory_engine_core.py", line 1085, in run_all_validations
    performance_tracker.end_validator_timing(validator_name, theory.name, result)
  File "/Users/p/dev/albert/physics_agent/validations/validator_performance_tracker.py", line 118, in end_validator_timing
    'status': result.get('flags', {}).get('overall', 'UNKNOWN'),
              ^^^^^^^^^^
AttributeError: 'ValidationResult' object has no attribute 'get'

  Running validator: PPN Parameter Validator

Calculating PPN parameters for Quantum Quantum Template (g=1.0)...
  Warning: Unrealistic gamma=-2464550456539976501054788337664.000000, defaulting to measurement
  Semi-major axis: 100 - 1000 AU
  Weak field potential Φ/c²: 2.03e-41

Results:
  PPN γ (Cassini): 1.000021 ± 0.000023
  Predicted γ: 1.000000 (0.9σ)
  PPN β (LLR): 1.000000 ± 0.000030
  Predicted β: -2058291698584302177586939691008.000000 (68609723286143403085299290875101184.0σ)
  Combined loss: 20582916985843019542083981734313984.000
  Status: FAIL
  Running validator: Photon Sphere Validator

Calculating photon sphere for Quantum Quantum Template (g=1.0)...
  Schwarzschild radius: 1.485e-27 m
  Search range: 1.1 - 5.0 r_s

Results:
  Photon sphere radius: 1.100 r_s (expected: 1.500 r_s)
  Shadow diameter: 11.432 r_s (expected: 5.196 r_s)
  Orbit stability: Unstable (correct)
  Error: 120.01%
  Status: FAIL
  Running validator: Gravitational Wave Validator

Generating gravitational waveforms for Quantum Quantum Template (g=1.0)...
  Warning: Theory has no GW modifications implemented
  Running validator: PSR J0740 Shapiro Delay Validator

PSR J0740+6620 System Parameters:
  Pulsar mass: 2.08 M☉
  Companion mass: 0.253 M☉
  Orbital period: 4.7669 days
  Semi-major axis: 10998.4 × 10^6 m
  Inclination: 87.56°
  Timing RMS: 0.28 μs
  Validation tolerance: 3.0 μs

Theory Predictions:
  Analytic Shapiro delay: 17.461 μs
  Numeric time of flight: 13.007 μs
  ⚠️ Observational validations failed - skipping prediction validations
  Constraint validators using quantum Lagrangian
  Running validator: Conservation Validator
  Running validator: Metric Properties Validator
  Theory category: quantum
  Using tested quantum validator for quantum theory
  Adding tested classical observational validators...
  Running validator: COWInterferometryValidator

Calculating COW phase shift for Quantum Quantum Template (g=1.0)...
  Neutron wavelength: 2.2 Å
  Enclosed area: 0.3 cm²
  Neutron velocity: 1798.1 m/s

Results:
  Observed: 2.70 ± 0.21 radians
  Predicted: 1.94 radians
  Error: 0.76 radians (28.1%)
  Status: FAILED

Debug info:
  g_metric: -7.048203 m/s²
  g_newton: 9.819532 m/s²
  Metric gradient dg_tt/dr: -1.568358e-16
  Error running COWInterferometryValidator: 'ValidationResult' object has no attribute 'get'
Traceback (most recent call last):
  File "/Users/p/dev/albert/physics_agent/theory_engine_core.py", line 1085, in run_all_validations
    performance_tracker.end_validator_timing(validator_name, theory.name, result)
  File "/Users/p/dev/albert/physics_agent/validations/validator_performance_tracker.py", line 118, in end_validator_timing
    'status': result.get('flags', {}).get('overall', 'UNKNOWN'),
              ^^^^^^^^^^
AttributeError: 'ValidationResult' object has no attribute 'get'

  Running validator: MercuryPrecessionValidator

Calculating Mercury precession for Quantum Quantum Template (g=1.0)...
  Semi-major axis: 57.909 Gm
  Eccentricity: 0.2056
  Orbital period: 87.969 days

Results:
  Observed: 42.98 ± 0.04 arcsec/century
  Predicted: 42.99 arcsec/century
  Error: 0.009 arcsec/century (0.02%)
  Status: PASSED
  Error running MercuryPrecessionValidator: 'ValidationResult' object has no attribute 'get'
Traceback (most recent call last):
  File "/Users/p/dev/albert/physics_agent/theory_engine_core.py", line 1085, in run_all_validations
    performance_tracker.end_validator_timing(validator_name, theory.name, result)
  File "/Users/p/dev/albert/physics_agent/validations/validator_performance_tracker.py", line 118, in end_validator_timing
    'status': result.get('flags', {}).get('overall', 'UNKNOWN'),
              ^^^^^^^^^^
AttributeError: 'ValidationResult' object has no attribute 'get'

  Running validator: LightDeflectionValidator

Calculating light deflection for Quantum Quantum Template (g=1.0)...
  Solar mass: 1.989e+30 kg
  Solar radius: 696.0 Mm

Results:
  Observed: 1.7512 ± 0.0016 arcsec
  Predicted: 1.7508 arcsec
  Error: 0.0004 arcsec (0.02%)
  Status: PASSED

Debug info:
  GR theoretical: 1.7508 arcsec
  PPN gamma: 1.000000
  g_rr at test radius: 1.000000334815
  Weak field factor: 4.244030e-07
  Error running LightDeflectionValidator: 'ValidationResult' object has no attribute 'get'
Traceback (most recent call last):
  File "/Users/p/dev/albert/physics_agent/theory_engine_core.py", line 1085, in run_all_validations
    performance_tracker.end_validator_timing(validator_name, theory.name, result)
  File "/Users/p/dev/albert/physics_agent/validations/validator_performance_tracker.py", line 118, in end_validator_timing
    'status': result.get('flags', {}).get('overall', 'UNKNOWN'),
              ^^^^^^^^^^
AttributeError: 'ValidationResult' object has no attribute 'get'

  Running validator: PPN Parameter Validator

Calculating PPN parameters for Quantum Quantum Template (g=1.0)...
  Warning: Unrealistic gamma=-2464550456539976501054788337664.000000, defaulting to measurement
  Semi-major axis: 100 - 1000 AU
  Weak field potential Φ/c²: 2.03e-41

Results:
  PPN γ (Cassini): 1.000021 ± 0.000023
  Predicted γ: 1.000000 (0.9σ)
  PPN β (LLR): 1.000000 ± 0.000030
  Predicted β: -2058291698584302177586939691008.000000 (68609723286143403085299290875101184.0σ)
  Combined loss: 20582916985843019542083981734313984.000
  Status: FAIL
  Running validator: Photon Sphere Validator

Calculating photon sphere for Quantum Quantum Template (g=1.0)...
  Schwarzschild radius: 1.485e-27 m
  Search range: 1.1 - 5.0 r_s

Results:
  Photon sphere radius: 1.100 r_s (expected: 1.500 r_s)
  Shadow diameter: 11.432 r_s (expected: 5.196 r_s)
  Orbit stability: Unstable (correct)
  Error: 120.01%
  Status: FAIL
  Running validator: Gravitational Wave Validator

Generating gravitational waveforms for Quantum Quantum Template (g=1.0)...
  Warning: Theory has no GW modifications implemented
  Running validator: PSR J0740 Shapiro Delay Validator

PSR J0740+6620 System Parameters:
  Pulsar mass: 2.08 M☉
  Companion mass: 0.253 M☉
  Orbital period: 4.7669 days
  Semi-major axis: 10998.4 × 10^6 m
  Inclination: 87.56°
  Timing RMS: 0.28 μs
  Validation tolerance: 3.0 μs

Theory Predictions:
  Analytic Shapiro delay: 17.461 μs
  Numeric time of flight: 13.007 μs
  ⚠️ Observational validations failed - skipping prediction validations
  Generating trajectory comparison plot...
  WARNING: Trajectory has no radial motion! r_mean=30.000, r_std=0.000e+00
    Initial r=30.000, final r=30.000
    This suggests a problem with the geodesic solver or initial conditions
  DEBUG: Quantum uncertainty cloud - r range: [30.000, 30.000]
  DEBUG: Quantum uncertainty cloud - phi range: [0.000, 0.000]
  DEBUG: Quantum uncertainty cloud - t range: [0.000, 0.996]
  Trajectory appears stationary - showing quantum uncertainty at fixed position
  Added quantum uncertainty visualization with 20 sample points
  Uncertainty radius range: [3.000, 3.000] Rs
  Actual de Broglie wavelength: ~1.08e-08 m
  Display scale factor: 8.21e+11×
  Trajectory has 101 points, using step interval 3 for markers
  Trajectory range: r=[30.000, 30.000], phi=[0.000, 0.000]
  WARNING: Theory 'Quantum Quantum Template (g=1.0)' produces no motion (stationary trajectory)
           This may indicate a problem with the theory's equations of motion
    Processing 2 baselines for checkpoints...
      Baseline: Kerr (a=0.00)
        Adding 9 checkpoints for Kerr (a=0.00)
          Checkpoint at 10%: idx=10, z=0.105, ring_radius=0.900
          Checkpoint at 20%: idx=20, z=0.210, ring_radius=0.900
          Checkpoint at 30%: idx=30, z=0.316, ring_radius=0.900
          Checkpoint at 40%: idx=40, z=0.421, ring_radius=0.900
          Checkpoint at 50%: idx=50, z=0.526, ring_radius=0.900
          Checkpoint at 60%: idx=60, z=0.631, ring_radius=0.900
          Checkpoint at 70%: idx=70, z=0.737, ring_radius=0.900
          Checkpoint at 80%: idx=80, z=0.842, ring_radius=0.900
          Checkpoint at 90%: idx=90, z=0.947, ring_radius=0.900
      Baseline: Kerr-Newman (a=0.00, q_e=0.50)
        Adding 9 checkpoints for Kerr-Newman (a=0.00, q_e=0.50)
          Checkpoint at 10%: idx=10, z=0.105, ring_radius=0.900
          Checkpoint at 20%: idx=20, z=0.210, ring_radius=0.900
          Checkpoint at 30%: idx=30, z=0.316, ring_radius=0.900
          Checkpoint at 40%: idx=40, z=0.421, ring_radius=0.900
          Checkpoint at 50%: idx=50, z=0.526, ring_radius=0.900
          Checkpoint at 60%: idx=60, z=0.631, ring_radius=0.900
          Checkpoint at 70%: idx=70, z=0.737, ring_radius=0.900
          Checkpoint at 80%: idx=80, z=0.842, ring_radius=0.900
          Checkpoint at 90%: idx=90, z=0.947, ring_radius=0.900
  Plot saved to runs/run_20250726_101654_float64/Quantum_Quantum_Template_g_1_0/viz/trajectory_comparison.png
  Generating multi-particle grid visualization...
    Generating particle-specific baselines...
Loading cached trajectory from: /Users/p/dev/albert/physics_agent/cache/trajectories/1.0.0/Kerr__a_0_00__r0-44300.76_steps-101_dt-0.0010_dtype-float64_1278dee02519.pt
Loading cached trajectory from: /Users/p/dev/albert/physics_agent/cache/trajectories/1.0.0/Kerr__a_0_00__r0-44300.76_steps-101_dt-0.0010_dtype-float64_06dd5d46dbf0.pt
Loading cached trajectory from: /Users/p/dev/albert/physics_agent/cache/trajectories/1.0.0/Kerr__a_0_00__r0-44300.76_steps-101_dt-0.0010_dtype-float64_57a30b239b91.pt
Loading cached trajectory from: /Users/p/dev/albert/physics_agent/cache/trajectories/1.0.0/Kerr__a_0_00__r0-44300.76_steps-101_dt-0.0010_dtype-float64_9083ed1a9f02.pt
    Generated multi-particle grid: runs/run_20250726_101654_float64/Quantum_Quantum_Template_g_1_0/viz/multi_particle_grid.png
    Generating unified multi-particle plot for Quantum Quantum Template (g=1.0)...
    Particle trajectories available: ['electron', 'photon', 'proton', 'neutrino']
    Processing electron...
      electron trajectory: 101 points
      r range: [30.000, 30.000] (geometric units)
      phi range: [0.000, 0.000] rad
      t range: [0.000, 0.996] (geometric units)
      WARNING: electron has minimal radial motion (std=0.000e+00)
      Successfully plotted electron trajectory
    Processing photon...
      photon trajectory: 101 points
      r range: [30.000, 30.000] (geometric units)
      phi range: [0.000, 0.000] rad
      t range: [0.000, 0.996] (geometric units)
      WARNING: photon has minimal radial motion (std=0.000e+00)
      Successfully plotted photon trajectory
    Processing proton...
      proton trajectory: 101 points
      r range: [30.000, 30.000] (geometric units)
      phi range: [0.000, 0.000] rad
      t range: [0.000, 0.996] (geometric units)
      WARNING: proton has minimal radial motion (std=0.000e+00)
      Successfully plotted proton trajectory
    Processing neutrino...
      neutrino trajectory: 101 points
      r range: [30.000, 30.000] (geometric units)
      phi range: [0.000, 0.000] rad
      t range: [0.000, 0.996] (geometric units)
      WARNING: neutrino has minimal radial motion (std=0.000e+00)
      Successfully plotted neutrino trajectory
    Radial range across all particles: [30.000, 30.000]
    Time range across all particles: [0.000, 0.996]

  Unified multi-particle plot saved to: runs/run_20250726_101654_float64/Quantum_Quantum_Template_g_1_0/viz/all_particles_unified.png
  Summary: 4 particles plotted successfully
  Generated unified multi-particle plot: runs/run_20250726_101654_float64/Quantum_Quantum_Template_g_1_0/viz/all_particles_unified.png
  Quantum theory detected: Quantum Quantum Template (g=1.0)
    - Category: quantum
    - enable_quantum: True
    - use_quantum_trajectories: True
    - NOTE: Using classical solver for proper curved spacetime physics
  Attempting to use UnifiedTrajectoryCalculator for quantum theory
  Quantum results keys: ['amplitude', 'probability', 'method', 'num_samples', 'visualization_paths', 'path_actions', 'quantum_corrections']
  Classical results keys: ['trajectory', 'solver_type', 'time_steps', 'step_size']
  Using classical trajectory from unified calculator
  Classical trajectory shape: torch.Size([101, 4])
  Quantum results stored for uncertainty visualization
  Successfully computed trajectory using quantum solver!
  Returning tag: quantum_unified_trajectory
  Generated HTML report: runs/run_20250726_101654_float64/Quantum_Quantum_Template_g_1_0/results.html
  Results saved to: runs/run_20250726_101654_float64/Quantum_Quantum_Template_g_1_0

--- Running Full Trajectory: Quantum Corrected (α=+0.00) ---

--- Evaluating: Quantum Corrected (α=+0.00) ---

--- Evaluating: Quantum Corrected (α=+0.00) ---
  Results will be saved to: runs/run_20250726_101654_float64/Quantum_Corrected_α_+0_00
  Running pre-flight checks for Quantum Corrected (α=+0.00)...
  Quantum theory detected: Quantum Corrected (α=+0.00)
    - Category: quantum
    - enable_quantum: True
    - use_quantum_trajectories: True
    - NOTE: Using classical solver for proper curved spacetime physics
  Attempting to use UnifiedTrajectoryCalculator for quantum theory
  Quantum results keys: ['amplitude', 'probability', 'method', 'num_samples', 'visualization_paths', 'path_actions', 'quantum_corrections']
  Classical results keys: ['trajectory', 'solver_type', 'time_steps', 'step_size']
  Using classical trajectory from unified calculator
  Classical trajectory shape: torch.Size([101, 4])
  Quantum results stored for uncertainty visualization
  Successfully computed trajectory using quantum solver!
  Returning tag: quantum_unified_trajectory
  Constraint validators using quantum Lagrangian
  Running validator: Conservation Validator
  Running validator: Metric Properties Validator
  Theory category: quantum
  Using tested quantum validator for quantum theory
  Adding tested classical observational validators...
  Running validator: COWInterferometryValidator

Calculating COW phase shift for Quantum Corrected (α=+0.00)...
  Neutron wavelength: 2.2 Å
  Enclosed area: 0.3 cm²
  Neutron velocity: 1798.1 m/s

Results:
  Observed: 2.70 ± 0.21 radians
  Predicted: 2.70 radians
  Error: 0.00 radians (0.1%)
  Status: PASSED

Debug info:
  g_metric: -9.789171 m/s²
  g_newton: 9.819532 m/s²
  Metric gradient dg_tt/dr: -2.178275e-16
  Error running COWInterferometryValidator: 'ValidationResult' object has no attribute 'get'
Traceback (most recent call last):
  File "/Users/p/dev/albert/physics_agent/theory_engine_core.py", line 1085, in run_all_validations
    performance_tracker.end_validator_timing(validator_name, theory.name, result)
  File "/Users/p/dev/albert/physics_agent/validations/validator_performance_tracker.py", line 118, in end_validator_timing
    'status': result.get('flags', {}).get('overall', 'UNKNOWN'),
              ^^^^^^^^^^
AttributeError: 'ValidationResult' object has no attribute 'get'

  Running validator: MercuryPrecessionValidator

Calculating Mercury precession for Quantum Corrected (α=+0.00)...
  Semi-major axis: 57.909 Gm
  Eccentricity: 0.2056
  Orbital period: 87.969 days

Results:
  Observed: 42.98 ± 0.04 arcsec/century
  Predicted: 42.99 arcsec/century
  Error: 0.009 arcsec/century (0.02%)
  Status: PASSED
  Error running MercuryPrecessionValidator: 'ValidationResult' object has no attribute 'get'
Traceback (most recent call last):
  File "/Users/p/dev/albert/physics_agent/theory_engine_core.py", line 1085, in run_all_validations
    performance_tracker.end_validator_timing(validator_name, theory.name, result)
  File "/Users/p/dev/albert/physics_agent/validations/validator_performance_tracker.py", line 118, in end_validator_timing
    'status': result.get('flags', {}).get('overall', 'UNKNOWN'),
              ^^^^^^^^^^
AttributeError: 'ValidationResult' object has no attribute 'get'

  Running validator: LightDeflectionValidator

Calculating light deflection for Quantum Corrected (α=+0.00)...
  Solar mass: 1.989e+30 kg
  Solar radius: 696.0 Mm

Results:
  Observed: 1.7512 ± 0.0016 arcsec
  Predicted: 1.7508 arcsec
  Error: 0.0004 arcsec (0.02%)
  Status: PASSED

Debug info:
  GR theoretical: 1.7508 arcsec
  PPN gamma: 1.000000
  g_rr at test radius: 1.000000424303
  Weak field factor: 4.244030e-07
  Error running LightDeflectionValidator: 'ValidationResult' object has no attribute 'get'
Traceback (most recent call last):
  File "/Users/p/dev/albert/physics_agent/theory_engine_core.py", line 1085, in run_all_validations
    performance_tracker.end_validator_timing(validator_name, theory.name, result)
  File "/Users/p/dev/albert/physics_agent/validations/validator_performance_tracker.py", line 118, in end_validator_timing
    'status': result.get('flags', {}).get('overall', 'UNKNOWN'),
              ^^^^^^^^^^
AttributeError: 'ValidationResult' object has no attribute 'get'

  Running validator: PPN Parameter Validator

Calculating PPN parameters for Quantum Corrected (α=+0.00)...
  Warning: Unrealistic gamma=-2464550456539976501054788337664.000000, defaulting to measurement
  Semi-major axis: 100 - 1000 AU
  Weak field potential Φ/c²: 2.03e-41

Results:
  PPN γ (Cassini): 1.000021 ± 0.000023
  Predicted γ: 1.000000 (0.9σ)
  PPN β (LLR): 1.000000 ± 0.000030
  Predicted β: -2058291698584302177586939691008.000000 (68609723286143403085299290875101184.0σ)
  Combined loss: 20582916985843019542083981734313984.000
  Status: FAIL
  Running validator: Photon Sphere Validator

Calculating photon sphere for Quantum Corrected (α=+0.00)...
  Schwarzschild radius: 1.485e-27 m
  Search range: 1.1 - 5.0 r_s

Results:
  Photon sphere radius: 1.257 r_s (expected: 1.500 r_s)
  Shadow diameter: 13.061 r_s (expected: 5.196 r_s)
  Orbit stability: Unstable (correct)
  Error: 151.36%
  Status: FAIL
  Running validator: Gravitational Wave Validator

Generating gravitational waveforms for Quantum Corrected (α=+0.00)...
  Warning: Theory has no GW modifications implemented
  Running validator: PSR J0740 Shapiro Delay Validator

PSR J0740+6620 System Parameters:
  Pulsar mass: 2.08 M☉
  Companion mass: 0.253 M☉
  Orbital period: 4.7669 days
  Semi-major axis: 10998.4 × 10^6 m
  Inclination: 87.56°
  Timing RMS: 0.28 μs
  Validation tolerance: 3.0 μs

Theory Predictions:
  Analytic Shapiro delay: 17.461 μs
  Numeric time of flight: 18.657 μs
  ⚠️ Observational validations failed - skipping prediction validations
  [WARNING] Pre-flight constraint checks failed for Quantum Corrected (α=+0.00). Continuing with evaluation.
  Running trajectory simulation for Quantum Corrected (α=+0.00)...
  Testing all 4 standard particles for comprehensive visualization
    Running trajectory for electron...
  Quantum theory detected: Quantum Corrected (α=+0.00)
    - Category: quantum
    - enable_quantum: True
    - use_quantum_trajectories: True
    - NOTE: Using classical solver for proper curved spacetime physics
  Attempting to use UnifiedTrajectoryCalculator for quantum theory
  Quantum results keys: ['amplitude', 'probability', 'method', 'num_samples', 'visualization_paths', 'path_actions', 'quantum_corrections']
  Classical results keys: ['trajectory', 'solver_type', 'time_steps', 'step_size']
  Using classical trajectory from unified calculator
  Classical trajectory shape: torch.Size([101, 4])
  Quantum results stored for uncertainty visualization
  Successfully computed trajectory using quantum solver!
  Returning tag: quantum_unified_trajectory
      Stored electron result with tag: quantum_unified_trajectory
    Running trajectory for photon...
  Quantum theory detected: Quantum Corrected (α=+0.00)
    - Category: quantum
    - enable_quantum: True
    - use_quantum_trajectories: True
    - NOTE: Using classical solver for proper curved spacetime physics
  Attempting to use UnifiedTrajectoryCalculator for quantum theory
  Quantum results keys: ['amplitude', 'probability', 'method', 'num_samples', 'visualization_paths', 'path_actions', 'quantum_corrections']
  Classical results keys: ['trajectory', 'solver_type', 'time_steps', 'step_size']
  Using classical trajectory from unified calculator
  Classical trajectory shape: torch.Size([101, 4])
  Quantum results stored for uncertainty visualization
  Successfully computed trajectory using quantum solver!
  Returning tag: quantum_unified_trajectory
      Stored photon result with tag: quantum_unified_trajectory
    Running trajectory for proton...
  Quantum theory detected: Quantum Corrected (α=+0.00)
    - Category: quantum
    - enable_quantum: True
    - use_quantum_trajectories: True
    - NOTE: Using classical solver for proper curved spacetime physics
  Attempting to use UnifiedTrajectoryCalculator for quantum theory
  Quantum results keys: ['amplitude', 'probability', 'method', 'num_samples', 'visualization_paths', 'path_actions', 'quantum_corrections']
  Classical results keys: ['trajectory', 'solver_type', 'time_steps', 'step_size']
  Using classical trajectory from unified calculator
  Classical trajectory shape: torch.Size([101, 4])
  Quantum results stored for uncertainty visualization
  Successfully computed trajectory using quantum solver!
  Returning tag: quantum_unified_trajectory
      Stored proton result with tag: quantum_unified_trajectory
    Running trajectory for neutrino...
  Quantum theory detected: Quantum Corrected (α=+0.00)
    - Category: quantum
    - enable_quantum: True
    - use_quantum_trajectories: True
    - NOTE: Using classical solver for proper curved spacetime physics
  Attempting to use UnifiedTrajectoryCalculator for quantum theory
  Quantum results keys: ['amplitude', 'probability', 'method', 'num_samples', 'visualization_paths', 'path_actions', 'quantum_corrections']
  Classical results keys: ['trajectory', 'solver_type', 'time_steps', 'step_size']
  Using classical trajectory from unified calculator
  Classical trajectory shape: torch.Size([101, 4])
  Quantum results stored for uncertainty visualization
  Successfully computed trajectory using quantum solver!
  Returning tag: quantum_unified_trajectory
      Stored neutrino result with tag: quantum_unified_trajectory
  Constraint validators using quantum Lagrangian
  Running validator: Conservation Validator
  Running validator: Metric Properties Validator
  Theory category: quantum
  Using tested quantum validator for quantum theory
  Adding tested classical observational validators...
  Running validator: COWInterferometryValidator

Calculating COW phase shift for Quantum Corrected (α=+0.00)...
  Neutron wavelength: 2.2 Å
  Enclosed area: 0.3 cm²
  Neutron velocity: 1798.1 m/s

Results:
  Observed: 2.70 ± 0.21 radians
  Predicted: 2.70 radians
  Error: 0.00 radians (0.1%)
  Status: PASSED

Debug info:
  g_metric: -9.789171 m/s²
  g_newton: 9.819532 m/s²
  Metric gradient dg_tt/dr: -2.178275e-16
  Error running COWInterferometryValidator: 'ValidationResult' object has no attribute 'get'
Traceback (most recent call last):
  File "/Users/p/dev/albert/physics_agent/theory_engine_core.py", line 1085, in run_all_validations
    performance_tracker.end_validator_timing(validator_name, theory.name, result)
  File "/Users/p/dev/albert/physics_agent/validations/validator_performance_tracker.py", line 118, in end_validator_timing
    'status': result.get('flags', {}).get('overall', 'UNKNOWN'),
              ^^^^^^^^^^
AttributeError: 'ValidationResult' object has no attribute 'get'

  Running validator: MercuryPrecessionValidator

Calculating Mercury precession for Quantum Corrected (α=+0.00)...
  Semi-major axis: 57.909 Gm
  Eccentricity: 0.2056
  Orbital period: 87.969 days

Results:
  Observed: 42.98 ± 0.04 arcsec/century
  Predicted: 42.99 arcsec/century
  Error: 0.009 arcsec/century (0.02%)
  Status: PASSED
  Error running MercuryPrecessionValidator: 'ValidationResult' object has no attribute 'get'
Traceback (most recent call last):
  File "/Users/p/dev/albert/physics_agent/theory_engine_core.py", line 1085, in run_all_validations
    performance_tracker.end_validator_timing(validator_name, theory.name, result)
  File "/Users/p/dev/albert/physics_agent/validations/validator_performance_tracker.py", line 118, in end_validator_timing
    'status': result.get('flags', {}).get('overall', 'UNKNOWN'),
              ^^^^^^^^^^
AttributeError: 'ValidationResult' object has no attribute 'get'

  Running validator: LightDeflectionValidator

Calculating light deflection for Quantum Corrected (α=+0.00)...
  Solar mass: 1.989e+30 kg
  Solar radius: 696.0 Mm

Results:
  Observed: 1.7512 ± 0.0016 arcsec
  Predicted: 1.7508 arcsec
  Error: 0.0004 arcsec (0.02%)
  Status: PASSED

Debug info:
  GR theoretical: 1.7508 arcsec
  PPN gamma: 1.000000
  g_rr at test radius: 1.000000424303
  Weak field factor: 4.244030e-07
  Error running LightDeflectionValidator: 'ValidationResult' object has no attribute 'get'
Traceback (most recent call last):
  File "/Users/p/dev/albert/physics_agent/theory_engine_core.py", line 1085, in run_all_validations
    performance_tracker.end_validator_timing(validator_name, theory.name, result)
  File "/Users/p/dev/albert/physics_agent/validations/validator_performance_tracker.py", line 118, in end_validator_timing
    'status': result.get('flags', {}).get('overall', 'UNKNOWN'),
              ^^^^^^^^^^
AttributeError: 'ValidationResult' object has no attribute 'get'

  Running validator: PPN Parameter Validator

Calculating PPN parameters for Quantum Corrected (α=+0.00)...
  Warning: Unrealistic gamma=-2464550456539976501054788337664.000000, defaulting to measurement
  Semi-major axis: 100 - 1000 AU
  Weak field potential Φ/c²: 2.03e-41

Results:
  PPN γ (Cassini): 1.000021 ± 0.000023
  Predicted γ: 1.000000 (0.9σ)
  PPN β (LLR): 1.000000 ± 0.000030
  Predicted β: -2058291698584302177586939691008.000000 (68609723286143403085299290875101184.0σ)
  Combined loss: 20582916985843019542083981734313984.000
  Status: FAIL
  Running validator: Photon Sphere Validator

Calculating photon sphere for Quantum Corrected (α=+0.00)...
  Schwarzschild radius: 1.485e-27 m
  Search range: 1.1 - 5.0 r_s

Results:
  Photon sphere radius: 1.257 r_s (expected: 1.500 r_s)
  Shadow diameter: 13.061 r_s (expected: 5.196 r_s)
  Orbit stability: Unstable (correct)
  Error: 151.36%
  Status: FAIL
  Running validator: Gravitational Wave Validator

Generating gravitational waveforms for Quantum Corrected (α=+0.00)...
  Warning: Theory has no GW modifications implemented
  Running validator: PSR J0740 Shapiro Delay Validator

PSR J0740+6620 System Parameters:
  Pulsar mass: 2.08 M☉
  Companion mass: 0.253 M☉
  Orbital period: 4.7669 days
  Semi-major axis: 10998.4 × 10^6 m
  Inclination: 87.56°
  Timing RMS: 0.28 μs
  Validation tolerance: 3.0 μs

Theory Predictions:
  Analytic Shapiro delay: 17.461 μs
  Numeric time of flight: 18.657 μs
  ⚠️ Observational validations failed - skipping prediction validations
  Constraint validators using quantum Lagrangian
  Running validator: Conservation Validator
  Running validator: Metric Properties Validator
  Theory category: quantum
  Using tested quantum validator for quantum theory
  Adding tested classical observational validators...
  Running validator: COWInterferometryValidator

Calculating COW phase shift for Quantum Corrected (α=+0.00)...
  Neutron wavelength: 2.2 Å
  Enclosed area: 0.3 cm²
  Neutron velocity: 1798.1 m/s

Results:
  Observed: 2.70 ± 0.21 radians
  Predicted: 2.70 radians
  Error: 0.00 radians (0.1%)
  Status: PASSED

Debug info:
  g_metric: -9.789171 m/s²
  g_newton: 9.819532 m/s²
  Metric gradient dg_tt/dr: -2.178275e-16
  Error running COWInterferometryValidator: 'ValidationResult' object has no attribute 'get'
Traceback (most recent call last):
  File "/Users/p/dev/albert/physics_agent/theory_engine_core.py", line 1085, in run_all_validations
    performance_tracker.end_validator_timing(validator_name, theory.name, result)
  File "/Users/p/dev/albert/physics_agent/validations/validator_performance_tracker.py", line 118, in end_validator_timing
    'status': result.get('flags', {}).get('overall', 'UNKNOWN'),
              ^^^^^^^^^^
AttributeError: 'ValidationResult' object has no attribute 'get'

  Running validator: MercuryPrecessionValidator

Calculating Mercury precession for Quantum Corrected (α=+0.00)...
  Semi-major axis: 57.909 Gm
  Eccentricity: 0.2056
  Orbital period: 87.969 days

Results:
  Observed: 42.98 ± 0.04 arcsec/century
  Predicted: 42.99 arcsec/century
  Error: 0.009 arcsec/century (0.02%)
  Status: PASSED
  Error running MercuryPrecessionValidator: 'ValidationResult' object has no attribute 'get'
Traceback (most recent call last):
  File "/Users/p/dev/albert/physics_agent/theory_engine_core.py", line 1085, in run_all_validations
    performance_tracker.end_validator_timing(validator_name, theory.name, result)
  File "/Users/p/dev/albert/physics_agent/validations/validator_performance_tracker.py", line 118, in end_validator_timing
    'status': result.get('flags', {}).get('overall', 'UNKNOWN'),
              ^^^^^^^^^^
AttributeError: 'ValidationResult' object has no attribute 'get'

  Running validator: LightDeflectionValidator

Calculating light deflection for Quantum Corrected (α=+0.00)...
  Solar mass: 1.989e+30 kg
  Solar radius: 696.0 Mm

Results:
  Observed: 1.7512 ± 0.0016 arcsec
  Predicted: 1.7508 arcsec
  Error: 0.0004 arcsec (0.02%)
  Status: PASSED

Debug info:
  GR theoretical: 1.7508 arcsec
  PPN gamma: 1.000000
  g_rr at test radius: 1.000000424303
  Weak field factor: 4.244030e-07
  Error running LightDeflectionValidator: 'ValidationResult' object has no attribute 'get'
Traceback (most recent call last):
  File "/Users/p/dev/albert/physics_agent/theory_engine_core.py", line 1085, in run_all_validations
    performance_tracker.end_validator_timing(validator_name, theory.name, result)
  File "/Users/p/dev/albert/physics_agent/validations/validator_performance_tracker.py", line 118, in end_validator_timing
    'status': result.get('flags', {}).get('overall', 'UNKNOWN'),
              ^^^^^^^^^^
AttributeError: 'ValidationResult' object has no attribute 'get'

  Running validator: PPN Parameter Validator

Calculating PPN parameters for Quantum Corrected (α=+0.00)...
  Warning: Unrealistic gamma=-2464550456539976501054788337664.000000, defaulting to measurement
  Semi-major axis: 100 - 1000 AU
  Weak field potential Φ/c²: 2.03e-41

Results:
  PPN γ (Cassini): 1.000021 ± 0.000023
  Predicted γ: 1.000000 (0.9σ)
  PPN β (LLR): 1.000000 ± 0.000030
  Predicted β: -2058291698584302177586939691008.000000 (68609723286143403085299290875101184.0σ)
  Combined loss: 20582916985843019542083981734313984.000
  Status: FAIL
  Running validator: Photon Sphere Validator

Calculating photon sphere for Quantum Corrected (α=+0.00)...
  Schwarzschild radius: 1.485e-27 m
  Search range: 1.1 - 5.0 r_s

Results:
  Photon sphere radius: 1.257 r_s (expected: 1.500 r_s)
  Shadow diameter: 13.061 r_s (expected: 5.196 r_s)
  Orbit stability: Unstable (correct)
  Error: 151.36%
  Status: FAIL
  Running validator: Gravitational Wave Validator

Generating gravitational waveforms for Quantum Corrected (α=+0.00)...
  Warning: Theory has no GW modifications implemented
  Running validator: PSR J0740 Shapiro Delay Validator

PSR J0740+6620 System Parameters:
  Pulsar mass: 2.08 M☉
  Companion mass: 0.253 M☉
  Orbital period: 4.7669 days
  Semi-major axis: 10998.4 × 10^6 m
  Inclination: 87.56°
  Timing RMS: 0.28 μs
  Validation tolerance: 3.0 μs

Theory Predictions:
  Analytic Shapiro delay: 17.461 μs
  Numeric time of flight: 18.657 μs
  ⚠️ Observational validations failed - skipping prediction validations
  Constraint validators using quantum Lagrangian
  Running validator: Conservation Validator
  Running validator: Metric Properties Validator
  Theory category: quantum
  Using tested quantum validator for quantum theory
  Adding tested classical observational validators...
  Running validator: COWInterferometryValidator

Calculating COW phase shift for Quantum Corrected (α=+0.00)...
  Neutron wavelength: 2.2 Å
  Enclosed area: 0.3 cm²
  Neutron velocity: 1798.1 m/s

Results:
  Observed: 2.70 ± 0.21 radians
  Predicted: 2.70 radians
  Error: 0.00 radians (0.1%)
  Status: PASSED

Debug info:
  g_metric: -9.789171 m/s²
  g_newton: 9.819532 m/s²
  Metric gradient dg_tt/dr: -2.178275e-16
  Error running COWInterferometryValidator: 'ValidationResult' object has no attribute 'get'
Traceback (most recent call last):
  File "/Users/p/dev/albert/physics_agent/theory_engine_core.py", line 1085, in run_all_validations
    performance_tracker.end_validator_timing(validator_name, theory.name, result)
  File "/Users/p/dev/albert/physics_agent/validations/validator_performance_tracker.py", line 118, in end_validator_timing
    'status': result.get('flags', {}).get('overall', 'UNKNOWN'),
              ^^^^^^^^^^
AttributeError: 'ValidationResult' object has no attribute 'get'

  Running validator: MercuryPrecessionValidator

Calculating Mercury precession for Quantum Corrected (α=+0.00)...
  Semi-major axis: 57.909 Gm
  Eccentricity: 0.2056
  Orbital period: 87.969 days

Results:
  Observed: 42.98 ± 0.04 arcsec/century
  Predicted: 42.99 arcsec/century
  Error: 0.009 arcsec/century (0.02%)
  Status: PASSED
  Error running MercuryPrecessionValidator: 'ValidationResult' object has no attribute 'get'
Traceback (most recent call last):
  File "/Users/p/dev/albert/physics_agent/theory_engine_core.py", line 1085, in run_all_validations
    performance_tracker.end_validator_timing(validator_name, theory.name, result)
  File "/Users/p/dev/albert/physics_agent/validations/validator_performance_tracker.py", line 118, in end_validator_timing
    'status': result.get('flags', {}).get('overall', 'UNKNOWN'),
              ^^^^^^^^^^
AttributeError: 'ValidationResult' object has no attribute 'get'

  Running validator: LightDeflectionValidator

Calculating light deflection for Quantum Corrected (α=+0.00)...
  Solar mass: 1.989e+30 kg
  Solar radius: 696.0 Mm

Results:
  Observed: 1.7512 ± 0.0016 arcsec
  Predicted: 1.7508 arcsec
  Error: 0.0004 arcsec (0.02%)
  Status: PASSED

Debug info:
  GR theoretical: 1.7508 arcsec
  PPN gamma: 1.000000
  g_rr at test radius: 1.000000424303
  Weak field factor: 4.244030e-07
  Error running LightDeflectionValidator: 'ValidationResult' object has no attribute 'get'
Traceback (most recent call last):
  File "/Users/p/dev/albert/physics_agent/theory_engine_core.py", line 1085, in run_all_validations
    performance_tracker.end_validator_timing(validator_name, theory.name, result)
  File "/Users/p/dev/albert/physics_agent/validations/validator_performance_tracker.py", line 118, in end_validator_timing
    'status': result.get('flags', {}).get('overall', 'UNKNOWN'),
              ^^^^^^^^^^
AttributeError: 'ValidationResult' object has no attribute 'get'

  Running validator: PPN Parameter Validator

Calculating PPN parameters for Quantum Corrected (α=+0.00)...
  Warning: Unrealistic gamma=-2464550456539976501054788337664.000000, defaulting to measurement
  Semi-major axis: 100 - 1000 AU
  Weak field potential Φ/c²: 2.03e-41

Results:
  PPN γ (Cassini): 1.000021 ± 0.000023
  Predicted γ: 1.000000 (0.9σ)
  PPN β (LLR): 1.000000 ± 0.000030
  Predicted β: -2058291698584302177586939691008.000000 (68609723286143403085299290875101184.0σ)
  Combined loss: 20582916985843019542083981734313984.000
  Status: FAIL
  Running validator: Photon Sphere Validator

Calculating photon sphere for Quantum Corrected (α=+0.00)...
  Schwarzschild radius: 1.485e-27 m
  Search range: 1.1 - 5.0 r_s

Results:
  Photon sphere radius: 1.257 r_s (expected: 1.500 r_s)
  Shadow diameter: 13.061 r_s (expected: 5.196 r_s)
  Orbit stability: Unstable (correct)
  Error: 151.36%
  Status: FAIL
  Running validator: Gravitational Wave Validator

Generating gravitational waveforms for Quantum Corrected (α=+0.00)...
  Warning: Theory has no GW modifications implemented
  Running validator: PSR J0740 Shapiro Delay Validator

PSR J0740+6620 System Parameters:
  Pulsar mass: 2.08 M☉
  Companion mass: 0.253 M☉
  Orbital period: 4.7669 days
  Semi-major axis: 10998.4 × 10^6 m
  Inclination: 87.56°
  Timing RMS: 0.28 μs
  Validation tolerance: 3.0 μs

Theory Predictions:
  Analytic Shapiro delay: 17.461 μs
  Numeric time of flight: 18.657 μs
  ⚠️ Observational validations failed - skipping prediction validations
  Constraint validators using quantum Lagrangian
  Running validator: Conservation Validator
  Running validator: Metric Properties Validator
  Theory category: quantum
  Using tested quantum validator for quantum theory
  Adding tested classical observational validators...
  Running validator: COWInterferometryValidator

Calculating COW phase shift for Quantum Corrected (α=+0.00)...
  Neutron wavelength: 2.2 Å
  Enclosed area: 0.3 cm²
  Neutron velocity: 1798.1 m/s

Results:
  Observed: 2.70 ± 0.21 radians
  Predicted: 2.70 radians
  Error: 0.00 radians (0.1%)
  Status: PASSED

Debug info:
  g_metric: -9.789171 m/s²
  g_newton: 9.819532 m/s²
  Metric gradient dg_tt/dr: -2.178275e-16
  Error running COWInterferometryValidator: 'ValidationResult' object has no attribute 'get'
Traceback (most recent call last):
  File "/Users/p/dev/albert/physics_agent/theory_engine_core.py", line 1085, in run_all_validations
    performance_tracker.end_validator_timing(validator_name, theory.name, result)
  File "/Users/p/dev/albert/physics_agent/validations/validator_performance_tracker.py", line 118, in end_validator_timing
    'status': result.get('flags', {}).get('overall', 'UNKNOWN'),
              ^^^^^^^^^^
AttributeError: 'ValidationResult' object has no attribute 'get'

  Running validator: MercuryPrecessionValidator

Calculating Mercury precession for Quantum Corrected (α=+0.00)...
  Semi-major axis: 57.909 Gm
  Eccentricity: 0.2056
  Orbital period: 87.969 days

Results:
  Observed: 42.98 ± 0.04 arcsec/century
  Predicted: 42.99 arcsec/century
  Error: 0.009 arcsec/century (0.02%)
  Status: PASSED
  Error running MercuryPrecessionValidator: 'ValidationResult' object has no attribute 'get'
Traceback (most recent call last):
  File "/Users/p/dev/albert/physics_agent/theory_engine_core.py", line 1085, in run_all_validations
    performance_tracker.end_validator_timing(validator_name, theory.name, result)
  File "/Users/p/dev/albert/physics_agent/validations/validator_performance_tracker.py", line 118, in end_validator_timing
    'status': result.get('flags', {}).get('overall', 'UNKNOWN'),
              ^^^^^^^^^^
AttributeError: 'ValidationResult' object has no attribute 'get'

  Running validator: LightDeflectionValidator

Calculating light deflection for Quantum Corrected (α=+0.00)...
  Solar mass: 1.989e+30 kg
  Solar radius: 696.0 Mm

Results:
  Observed: 1.7512 ± 0.0016 arcsec
  Predicted: 1.7508 arcsec
  Error: 0.0004 arcsec (0.02%)
  Status: PASSED

Debug info:
  GR theoretical: 1.7508 arcsec
  PPN gamma: 1.000000
  g_rr at test radius: 1.000000424303
  Weak field factor: 4.244030e-07
  Error running LightDeflectionValidator: 'ValidationResult' object has no attribute 'get'
Traceback (most recent call last):
  File "/Users/p/dev/albert/physics_agent/theory_engine_core.py", line 1085, in run_all_validations
    performance_tracker.end_validator_timing(validator_name, theory.name, result)
  File "/Users/p/dev/albert/physics_agent/validations/validator_performance_tracker.py", line 118, in end_validator_timing
    'status': result.get('flags', {}).get('overall', 'UNKNOWN'),
              ^^^^^^^^^^
AttributeError: 'ValidationResult' object has no attribute 'get'

  Running validator: PPN Parameter Validator

Calculating PPN parameters for Quantum Corrected (α=+0.00)...
  Warning: Unrealistic gamma=-2464550456539976501054788337664.000000, defaulting to measurement
  Semi-major axis: 100 - 1000 AU
  Weak field potential Φ/c²: 2.03e-41

Results:
  PPN γ (Cassini): 1.000021 ± 0.000023
  Predicted γ: 1.000000 (0.9σ)
  PPN β (LLR): 1.000000 ± 0.000030
  Predicted β: -2058291698584302177586939691008.000000 (68609723286143403085299290875101184.0σ)
  Combined loss: 20582916985843019542083981734313984.000
  Status: FAIL
  Running validator: Photon Sphere Validator

Calculating photon sphere for Quantum Corrected (α=+0.00)...
  Schwarzschild radius: 1.485e-27 m
  Search range: 1.1 - 5.0 r_s

Results:
  Photon sphere radius: 1.257 r_s (expected: 1.500 r_s)
  Shadow diameter: 13.061 r_s (expected: 5.196 r_s)
  Orbit stability: Unstable (correct)
  Error: 151.36%
  Status: FAIL
  Running validator: Gravitational Wave Validator

Generating gravitational waveforms for Quantum Corrected (α=+0.00)...
  Warning: Theory has no GW modifications implemented
  Running validator: PSR J0740 Shapiro Delay Validator

PSR J0740+6620 System Parameters:
  Pulsar mass: 2.08 M☉
  Companion mass: 0.253 M☉
  Orbital period: 4.7669 days
  Semi-major axis: 10998.4 × 10^6 m
  Inclination: 87.56°
  Timing RMS: 0.28 μs
  Validation tolerance: 3.0 μs

Theory Predictions:
  Analytic Shapiro delay: 17.461 μs
  Numeric time of flight: 18.657 μs
  ⚠️ Observational validations failed - skipping prediction validations
  Generating trajectory comparison plot...
  WARNING: Trajectory has no radial motion! r_mean=30.000, r_std=0.000e+00
    Initial r=30.000, final r=30.000
    This suggests a problem with the geodesic solver or initial conditions
  DEBUG: Quantum uncertainty cloud - r range: [30.000, 30.000]
  DEBUG: Quantum uncertainty cloud - phi range: [0.000, 0.000]
  DEBUG: Quantum uncertainty cloud - t range: [0.000, 0.982]
  Trajectory appears stationary - showing quantum uncertainty at fixed position
  Added quantum uncertainty visualization with 20 sample points
  Uncertainty radius range: [3.000, 3.000] Rs
  Actual de Broglie wavelength: ~1.08e-08 m
  Display scale factor: 8.21e+11×
  Trajectory has 101 points, using step interval 3 for markers
  Trajectory range: r=[30.000, 30.000], phi=[0.000, 0.000]
  WARNING: Theory 'Quantum Corrected (α=+0.00)' produces no motion (stationary trajectory)
           This may indicate a problem with the theory's equations of motion
    Processing 2 baselines for checkpoints...
      Baseline: Kerr (a=0.00)
        Adding 9 checkpoints for Kerr (a=0.00)
          Checkpoint at 10%: idx=10, z=0.105, ring_radius=0.900
          Checkpoint at 20%: idx=20, z=0.210, ring_radius=0.900
          Checkpoint at 30%: idx=30, z=0.316, ring_radius=0.900
          Checkpoint at 40%: idx=40, z=0.421, ring_radius=0.900
          Checkpoint at 50%: idx=50, z=0.526, ring_radius=0.900
          Checkpoint at 60%: idx=60, z=0.631, ring_radius=0.900
          Checkpoint at 70%: idx=70, z=0.737, ring_radius=0.900
          Checkpoint at 80%: idx=80, z=0.842, ring_radius=0.900
          Checkpoint at 90%: idx=90, z=0.947, ring_radius=0.900
      Baseline: Kerr-Newman (a=0.00, q_e=0.50)
        Adding 9 checkpoints for Kerr-Newman (a=0.00, q_e=0.50)
          Checkpoint at 10%: idx=10, z=0.105, ring_radius=0.900
          Checkpoint at 20%: idx=20, z=0.210, ring_radius=0.900
          Checkpoint at 30%: idx=30, z=0.316, ring_radius=0.900
          Checkpoint at 40%: idx=40, z=0.421, ring_radius=0.900
          Checkpoint at 50%: idx=50, z=0.526, ring_radius=0.900
          Checkpoint at 60%: idx=60, z=0.631, ring_radius=0.900
          Checkpoint at 70%: idx=70, z=0.737, ring_radius=0.900
          Checkpoint at 80%: idx=80, z=0.842, ring_radius=0.900
          Checkpoint at 90%: idx=90, z=0.947, ring_radius=0.900
  Plot saved to runs/run_20250726_101654_float64/Quantum_Corrected_α_+0_00/viz/trajectory_comparison.png
  Generating multi-particle grid visualization...
    Generating particle-specific baselines...
Loading cached trajectory from: /Users/p/dev/albert/physics_agent/cache/trajectories/1.0.0/Kerr__a_0_00__r0-44300.76_steps-101_dt-0.0010_dtype-float64_1278dee02519.pt
Loading cached trajectory from: /Users/p/dev/albert/physics_agent/cache/trajectories/1.0.0/Kerr__a_0_00__r0-44300.76_steps-101_dt-0.0010_dtype-float64_06dd5d46dbf0.pt
Loading cached trajectory from: /Users/p/dev/albert/physics_agent/cache/trajectories/1.0.0/Kerr__a_0_00__r0-44300.76_steps-101_dt-0.0010_dtype-float64_57a30b239b91.pt
Loading cached trajectory from: /Users/p/dev/albert/physics_agent/cache/trajectories/1.0.0/Kerr__a_0_00__r0-44300.76_steps-101_dt-0.0010_dtype-float64_9083ed1a9f02.pt
    Generated multi-particle grid: runs/run_20250726_101654_float64/Quantum_Corrected_α_+0_00/viz/multi_particle_grid.png
    Generating unified multi-particle plot for Quantum Corrected (α=+0.00)...
    Particle trajectories available: ['electron', 'photon', 'proton', 'neutrino']
    Processing electron...
      electron trajectory: 101 points
      r range: [30.000, 30.000] (geometric units)
      phi range: [0.000, 0.000] rad
      t range: [0.000, 0.982] (geometric units)
      WARNING: electron has minimal radial motion (std=0.000e+00)
      Successfully plotted electron trajectory
    Processing photon...
      photon trajectory: 101 points
      r range: [30.000, 30.000] (geometric units)
      phi range: [0.000, 0.000] rad
      t range: [0.000, 0.982] (geometric units)
      WARNING: photon has minimal radial motion (std=0.000e+00)
      Successfully plotted photon trajectory
    Processing proton...
      proton trajectory: 101 points
      r range: [30.000, 30.000] (geometric units)
      phi range: [0.000, 0.000] rad
      t range: [0.000, 0.982] (geometric units)
      WARNING: proton has minimal radial motion (std=0.000e+00)
      Successfully plotted proton trajectory
    Processing neutrino...
      neutrino trajectory: 101 points
      r range: [30.000, 30.000] (geometric units)
      phi range: [0.000, 0.000] rad
      t range: [0.000, 0.982] (geometric units)
      WARNING: neutrino has minimal radial motion (std=0.000e+00)
      Successfully plotted neutrino trajectory
    Radial range across all particles: [30.000, 30.000]
    Time range across all particles: [0.000, 0.982]

  Unified multi-particle plot saved to: runs/run_20250726_101654_float64/Quantum_Corrected_α_+0_00/viz/all_particles_unified.png
  Summary: 4 particles plotted successfully
  Generated unified multi-particle plot: runs/run_20250726_101654_float64/Quantum_Corrected_α_+0_00/viz/all_particles_unified.png
  Quantum theory detected: Quantum Corrected (α=+0.00)
    - Category: quantum
    - enable_quantum: True
    - use_quantum_trajectories: True
    - NOTE: Using classical solver for proper curved spacetime physics
  Attempting to use UnifiedTrajectoryCalculator for quantum theory
  Quantum results keys: ['amplitude', 'probability', 'method', 'num_samples', 'visualization_paths', 'path_actions', 'quantum_corrections']
  Classical results keys: ['trajectory', 'solver_type', 'time_steps', 'step_size']
  Using classical trajectory from unified calculator
  Classical trajectory shape: torch.Size([101, 4])
  Quantum results stored for uncertainty visualization
  Successfully computed trajectory using quantum solver!
  Returning tag: quantum_unified_trajectory
  Generated HTML report: runs/run_20250726_101654_float64/Quantum_Corrected_α_+0_00/results.html
  Results saved to: runs/run_20250726_101654_float64/Quantum_Corrected_α_+0_00

============================================================
Run complete. All results saved to: runs/run_20250726_101654_float64
============================================================

--- Summary: Quantum Theory Validation Results ---

Finalist theories that passed all quantum tests (0):

Theories in main directory without quantum validation (3):
  ✗ Post-Quantum Gravity (γ=1.00e-02) (no quantum validation)
  ✗ Quantum Corrected (α=+0.00) (no quantum validation)
  ✗ Quantum Quantum Template (g=1.0) (no quantum validation)

All theories have been evaluated and ranked in the comprehensive report.
See the leaderboard for complete rankings and detailed analysis.
============================================================

============================================================
PHASE 3: PREDICTION VALIDATION
Testing novel predictions against state-of-the-art benchmarks
============================================================

Engine configuration:
  Quantum field content: all
  Quantum theories will use quantum Lagrangian (if available)
  Skipping Quantum Corrected (α=+0.00) - failed validations (constraints=True, observations=False)
  Skipping Post-Quantum Gravity (γ=1.00e-02) - failed validations (constraints=True, observations=False)
  Skipping Quantum Quantum Template (g=1.0) - failed validations (constraints=True, observations=False)
No finalist theories passed all validations for prediction testing.

============================================================
Updating comprehensive reports with prediction results
============================================================
No prediction results found. Skipping report update.

============================================================
Generating Comprehensive Leaderboard
============================================================
Leaderboard generated: runs/run_20250726_101654_float64/leaderboard.html
  HTML leaderboard generated: runs/run_20250726_101654_float64/leaderboard.html
COMPREHENSIVE THEORY EVALUATION LEADERBOARD
================================================================================
Total theories evaluated: 3
Scoring system: Weighted evaluation across 8 dimensions

TOP THEORIES BY UNIFIED SCORE (Comprehensive Evaluation):
--------------------------------------------------------------------------------
Rank  Theory                             Category    Score   Bonuses/Penalties        
--------------------------------------------------------------------------------
1     Quantum Corrected (α=+0.00)        quantum     0.4284  +perfect_conservation    
2     Post-Quantum Gravity (γ=1.00e-02)  quantum     0.4032  +perfect_conservation    
3     Quantum Quantum Template (g=1.0)   quantum     0.4032  +perfect_conservation    


COMPONENT SCORE LEADERS:
--------------------------------------------------------------------------------
Constraints (Conservation, Metrics)      Quantum Corrected (α=+0.00)    (0.000)
Observational (Quantum Tests)            Quantum Corrected (α=+0.00)    (0.000)
Predictions (CMB, PTA)                   Quantum Corrected (α=+0.00)    (0.000)
Trajectory Matching                      Quantum Corrected (α=+0.00)    (0.800)
Unification Potential                    Quantum Corrected (α=+0.00)    (0.500)


PERFORMANCE BY THEORY CATEGORY:
--------------------------------------------------------------------------------
Quantum      theories:   3 | Avg score: 0.412 | Best: Quantum Corrected (α=+0.00)


OVERALL STATISTICS:
--------------------------------------------------------------------------------
Mean unified score: 0.412
Std deviation: 0.012
Score range: 0.403 - 0.428

================================================================================
Full details saved to: runs/run_20250726_101654_float64/leaderboard.json

============================================================
COMPREHENSIVE VALIDATION SUMMARY
============================================================

📋 CALIBRATION CERTIFICATE
   ID: 9f1ea7dc179d974a
   Status: VALID
   Health Score: 100%
   Guarantees:
     ✓ Engine Correctness: GUARANTEED
     ✓ Solver Accuracy: GUARANTEED
     ✓ Environment Stability: GUARANTEED
     ✓ Performance Optimized: GUARANTEED

TOTAL THEORIES TESTED: 4
PASSED: 3
FAILED: 0

============================================================
THEORIES THAT PASSED ALL VALIDATIONS:
============================================================
  ✓ Post-Quantum Gravity (γ=1.00e-02) (Score: 0.4032)
  ✓ Quantum Corrected (α=+0.00) (Score: 0.4284)
  ✓ Quantum Quantum Template g 1 0 (Score: 0.4032)

📊 Detailed summary saved to: runs/run_20250726_101654_float64/comprehensive_summary.json
